[2023-09-17T14:00:25.940+0000] {taskinstance.py:1157} INFO - Dependencies all met for dep_context=non-requeueable deps ti=<TaskInstance: etl.executaCrawler manual__2023-09-17T14:00:23.768488+00:00 [queued]>
[2023-09-17T14:00:25.949+0000] {taskinstance.py:1157} INFO - Dependencies all met for dep_context=requeueable deps ti=<TaskInstance: etl.executaCrawler manual__2023-09-17T14:00:23.768488+00:00 [queued]>
[2023-09-17T14:00:25.950+0000] {taskinstance.py:1359} INFO - Starting attempt 1 of 1
[2023-09-17T14:00:25.963+0000] {taskinstance.py:1380} INFO - Executing <Task(_PythonDecoratedOperator): executaCrawler> on 2023-09-17 14:00:23.768488+00:00
[2023-09-17T14:00:25.967+0000] {standard_task_runner.py:57} INFO - Started process 215 to run task
[2023-09-17T14:00:25.969+0000] {standard_task_runner.py:84} INFO - Running: ['***', 'tasks', 'run', 'etl', 'executaCrawler', 'manual__2023-09-17T14:00:23.768488+00:00', '--job-id', '141', '--raw', '--subdir', 'DAGS_FOLDER/etl.py', '--cfg-path', '/tmp/tmptbonhfqk']
[2023-09-17T14:00:25.973+0000] {standard_task_runner.py:85} INFO - Job 141: Subtask executaCrawler
[2023-09-17T14:00:26.029+0000] {task_command.py:415} INFO - Running <TaskInstance: etl.executaCrawler manual__2023-09-17T14:00:23.768488+00:00 [running]> on host 930ac20b04d8
[2023-09-17T14:00:26.310+0000] {taskinstance.py:1660} INFO - Exporting env vars: AIRFLOW_CTX_DAG_OWNER='***' AIRFLOW_CTX_DAG_ID='etl' AIRFLOW_CTX_TASK_ID='executaCrawler' AIRFLOW_CTX_EXECUTION_DATE='2023-09-17T14:00:23.768488+00:00' AIRFLOW_CTX_TRY_NUMBER='1' AIRFLOW_CTX_DAG_RUN_ID='manual__2023-09-17T14:00:23.768488+00:00'
[2023-09-17T14:00:26.311+0000] {logging_mixin.py:151} INFO - Executando o crawler...
[2023-09-17T14:00:26.311+0000] {logging_mixin.py:151} INFO - Requisitando a Rota: '/json_empenhos'
[2023-09-17T14:00:26.325+0000] {logging_mixin.py:151} INFO - URL: https://trescoracoes-mg.portaltp.com.br/api/transparencia.asmx/json_empenhos?ano=2023&mes=7
[2023-09-17T14:00:27.116+0000] {logging_mixin.py:151} INFO - Inserindo dados no banco de dados...
[2023-09-17T14:00:27.297+0000] {logging_mixin.py:151} INFO - Dados inseridos com sucesso!
[2023-09-17T14:00:27.300+0000] {logging_mixin.py:151} INFO - Rota '/json_empenhos' requisitada com sucesso! Aguardando 60 segundos para a próxima requisição...'
[2023-09-17T14:01:27.301+0000] {logging_mixin.py:151} INFO - Requisitando a Rota: '/json_liquidacoes'
[2023-09-17T14:01:27.311+0000] {logging_mixin.py:151} INFO - URL: https://trescoracoes-mg.portaltp.com.br/api/transparencia.asmx/json_liquidacoes?ano=2023&mes=7
[2023-09-17T14:01:28.318+0000] {logging_mixin.py:151} INFO - Inserindo dados no banco de dados...
[2023-09-17T14:01:28.451+0000] {logging_mixin.py:151} INFO - Dados inseridos com sucesso!
[2023-09-17T14:01:28.452+0000] {logging_mixin.py:151} INFO - Rota '/json_liquidacoes' requisitada com sucesso! Aguardando 60 segundos para a próxima requisição...'
[2023-09-17T14:02:28.457+0000] {logging_mixin.py:151} INFO - Requisitando a Rota: '/json_pagamentos'
[2023-09-17T14:02:28.464+0000] {logging_mixin.py:151} INFO - URL: https://trescoracoes-mg.portaltp.com.br/api/transparencia.asmx/json_pagamentos?ano=2023&mes=7
[2023-09-17T14:02:29.437+0000] {logging_mixin.py:151} INFO - Inserindo dados no banco de dados...
[2023-09-17T14:02:29.586+0000] {logging_mixin.py:151} INFO - Dados inseridos com sucesso!
[2023-09-17T14:02:29.587+0000] {logging_mixin.py:151} INFO - Rota '/json_pagamentos' requisitada com sucesso! Aguardando 60 segundos para a próxima requisição...'
[2023-09-17T14:03:29.648+0000] {logging_mixin.py:151} INFO - Requisitando a Rota: '/json_diarias'
[2023-09-17T14:03:29.660+0000] {logging_mixin.py:151} INFO - URL: https://trescoracoes-mg.portaltp.com.br/api/transparencia.asmx/json_diarias?ano=2023&mes=7
[2023-09-17T14:03:30.098+0000] {logging_mixin.py:151} INFO - Inserindo dados no banco de dados...
[2023-09-17T14:03:30.150+0000] {logging_mixin.py:151} INFO - Dados inseridos com sucesso!
[2023-09-17T14:03:30.151+0000] {logging_mixin.py:151} INFO - Rota '/json_diarias' requisitada com sucesso! Aguardando 60 segundos para a próxima requisição...'
[2023-09-17T14:04:30.196+0000] {logging_mixin.py:151} INFO - Requisitando a Rota: '/json_obras'
[2023-09-17T14:04:30.211+0000] {logging_mixin.py:151} INFO - URL: https://trescoracoes-mg.portaltp.com.br/api/transparencia.asmx/json_obras?ano=2023&mes=7
[2023-09-17T14:04:30.653+0000] {logging_mixin.py:151} INFO - Inserindo dados no banco de dados...
[2023-09-17T14:04:30.755+0000] {logging_mixin.py:151} INFO - Dados inseridos com sucesso!
[2023-09-17T14:04:30.756+0000] {logging_mixin.py:151} INFO - Rota '/json_obras' requisitada com sucesso! Aguardando 60 segundos para a próxima requisição...'
[2023-09-17T14:05:30.815+0000] {logging_mixin.py:151} INFO - Crawler executado com sucesso!
[2023-09-17T14:05:30.816+0000] {python.py:194} INFO - Done. Returned value was: None
[2023-09-17T14:05:30.832+0000] {taskinstance.py:1398} INFO - Marking task as SUCCESS. dag_id=etl, task_id=executaCrawler, execution_date=20230917T140023, start_date=20230917T140025, end_date=20230917T140530
[2023-09-17T14:05:30.900+0000] {local_task_job_runner.py:228} INFO - Task exited with return code 0
[2023-09-17T14:05:30.931+0000] {taskinstance.py:2776} INFO - 0 downstream tasks scheduled from follow-on schedule check
