[2023-09-17T18:17:25.323+0000] {taskinstance.py:1157} INFO - Dependencies all met for dep_context=non-requeueable deps ti=<TaskInstance: etl.executaCrawler manual__2023-09-17T14:17:43.647960+00:00 [queued]>
[2023-09-17T18:17:25.333+0000] {taskinstance.py:1157} INFO - Dependencies all met for dep_context=requeueable deps ti=<TaskInstance: etl.executaCrawler manual__2023-09-17T14:17:43.647960+00:00 [queued]>
[2023-09-17T18:17:25.333+0000] {taskinstance.py:1359} INFO - Starting attempt 5 of 5
[2023-09-17T18:17:25.347+0000] {taskinstance.py:1380} INFO - Executing <Task(_PythonDecoratedOperator): executaCrawler> on 2023-09-17 14:17:43.647960+00:00
[2023-09-17T18:17:25.351+0000] {standard_task_runner.py:57} INFO - Started process 734 to run task
[2023-09-17T18:17:25.354+0000] {standard_task_runner.py:84} INFO - Running: ['***', 'tasks', 'run', 'etl', 'executaCrawler', 'manual__2023-09-17T14:17:43.647960+00:00', '--job-id', '149', '--raw', '--subdir', 'DAGS_FOLDER/etl.py', '--cfg-path', '/tmp/tmp7_k3cprc']
[2023-09-17T18:17:25.356+0000] {standard_task_runner.py:85} INFO - Job 149: Subtask executaCrawler
[2023-09-17T18:17:25.398+0000] {task_command.py:415} INFO - Running <TaskInstance: etl.executaCrawler manual__2023-09-17T14:17:43.647960+00:00 [running]> on host 2b62bebe73f6
[2023-09-17T18:17:25.659+0000] {taskinstance.py:1660} INFO - Exporting env vars: AIRFLOW_CTX_DAG_OWNER='***' AIRFLOW_CTX_DAG_ID='etl' AIRFLOW_CTX_TASK_ID='executaCrawler' AIRFLOW_CTX_EXECUTION_DATE='2023-09-17T14:17:43.647960+00:00' AIRFLOW_CTX_TRY_NUMBER='5' AIRFLOW_CTX_DAG_RUN_ID='manual__2023-09-17T14:17:43.647960+00:00'
[2023-09-17T18:17:25.660+0000] {logging_mixin.py:151} INFO - Executando o crawler...
[2023-09-17T18:17:25.661+0000] {logging_mixin.py:151} INFO - Período de referência: 07/2023
[2023-09-17T18:17:25.661+0000] {logging_mixin.py:151} INFO - Requisitando a Rota: '/json_empenhos'
[2023-09-17T18:17:25.670+0000] {logging_mixin.py:151} INFO - Requisitando a URL: https://trescoracoes-mg.portaltp.com.br/api/transparencia.asmx/json_empenhos?ano=2023&mes=7
[2023-09-17T18:17:26.518+0000] {logging_mixin.py:151} INFO - Apagando dados no banco de dados...
[2023-09-17T18:17:26.542+0000] {logging_mixin.py:151} INFO - Dados apagados com sucesso!
[2023-09-17T18:17:26.542+0000] {logging_mixin.py:151} INFO - Inserindo dados no banco de dados...
[2023-09-17T18:17:26.642+0000] {logging_mixin.py:151} INFO - Dados inseridos com sucesso!
[2023-09-17T18:17:26.643+0000] {logging_mixin.py:151} INFO - Rota '/json_empenhos' requisitada com sucesso! Aguardando 60 segundos para a próxima requisição...'
[2023-09-17T18:18:26.690+0000] {logging_mixin.py:151} INFO - Requisitando a Rota: '/json_liquidacoes'
[2023-09-17T18:18:26.696+0000] {logging_mixin.py:151} INFO - Requisitando a URL: https://trescoracoes-mg.portaltp.com.br/api/transparencia.asmx/json_liquidacoes?ano=2023&mes=7
[2023-09-17T18:18:27.912+0000] {logging_mixin.py:151} INFO - Apagando dados no banco de dados...
[2023-09-17T18:18:27.939+0000] {logging_mixin.py:151} INFO - Dados apagados com sucesso!
[2023-09-17T18:18:27.940+0000] {logging_mixin.py:151} INFO - Inserindo dados no banco de dados...
[2023-09-17T18:18:28.047+0000] {logging_mixin.py:151} INFO - Dados inseridos com sucesso!
[2023-09-17T18:18:28.048+0000] {logging_mixin.py:151} INFO - Rota '/json_liquidacoes' requisitada com sucesso! Aguardando 60 segundos para a próxima requisição...'
[2023-09-17T18:19:28.105+0000] {logging_mixin.py:151} INFO - Requisitando a Rota: '/json_pagamentos'
[2023-09-17T18:19:28.119+0000] {logging_mixin.py:151} INFO - Requisitando a URL: https://trescoracoes-mg.portaltp.com.br/api/transparencia.asmx/json_pagamentos?ano=2023&mes=7
[2023-09-17T18:19:29.118+0000] {logging_mixin.py:151} INFO - Apagando dados no banco de dados...
[2023-09-17T18:19:29.146+0000] {logging_mixin.py:151} INFO - Dados apagados com sucesso!
[2023-09-17T18:19:29.146+0000] {logging_mixin.py:151} INFO - Inserindo dados no banco de dados...
[2023-09-17T18:19:29.259+0000] {logging_mixin.py:151} INFO - Dados inseridos com sucesso!
[2023-09-17T18:19:29.260+0000] {logging_mixin.py:151} INFO - Rota '/json_pagamentos' requisitada com sucesso! Aguardando 60 segundos para a próxima requisição...'
[2023-09-17T18:20:29.318+0000] {logging_mixin.py:151} INFO - Requisitando a Rota: '/json_diarias'
[2023-09-17T18:20:29.325+0000] {logging_mixin.py:151} INFO - Requisitando a URL: https://trescoracoes-mg.portaltp.com.br/api/transparencia.asmx/json_diarias?ano=2023&mes=7
[2023-09-17T18:20:31.327+0000] {logging_mixin.py:151} INFO - Apagando dados no banco de dados...
[2023-09-17T18:20:31.341+0000] {logging_mixin.py:151} INFO - Dados apagados com sucesso!
[2023-09-17T18:20:31.342+0000] {logging_mixin.py:151} INFO - Inserindo dados no banco de dados...
[2023-09-17T18:20:31.356+0000] {logging_mixin.py:151} INFO - Dados inseridos com sucesso!
[2023-09-17T18:20:31.357+0000] {logging_mixin.py:151} INFO - Rota '/json_diarias' requisitada com sucesso! Aguardando 60 segundos para a próxima requisição...'
[2023-09-17T18:21:31.415+0000] {logging_mixin.py:151} INFO - Requisitando a Rota: '/json_obras'
[2023-09-17T18:21:31.430+0000] {logging_mixin.py:151} INFO - Requisitando a URL: https://trescoracoes-mg.portaltp.com.br/api/transparencia.asmx/json_obras?ano=2023&mes=7
[2023-09-17T18:21:31.847+0000] {logging_mixin.py:151} INFO - Apagando dados no banco de dados...
[2023-09-17T18:21:31.862+0000] {logging_mixin.py:151} INFO - Dados apagados com sucesso!
[2023-09-17T18:21:31.863+0000] {logging_mixin.py:151} INFO - Inserindo dados no banco de dados...
[2023-09-17T18:21:31.875+0000] {logging_mixin.py:151} INFO - Dados inseridos com sucesso!
[2023-09-17T18:21:31.876+0000] {logging_mixin.py:151} INFO - Rota '/json_obras' requisitada com sucesso! Aguardando 60 segundos para a próxima requisição...'
[2023-09-17T18:22:31.935+0000] {logging_mixin.py:151} INFO - Crawler executado com sucesso!
[2023-09-17T18:22:31.935+0000] {python.py:194} INFO - Done. Returned value was: None
[2023-09-17T18:22:31.943+0000] {taskinstance.py:1398} INFO - Marking task as SUCCESS. dag_id=etl, task_id=executaCrawler, execution_date=20230917T141743, start_date=20230917T181725, end_date=20230917T182231
[2023-09-17T18:22:31.986+0000] {local_task_job_runner.py:228} INFO - Task exited with return code 0
[2023-09-17T18:22:32.026+0000] {taskinstance.py:2776} INFO - 1 downstream tasks scheduled from follow-on schedule check
