[2023-09-17T18:35:49.198+0000] {taskinstance.py:1157} INFO - Dependencies all met for dep_context=non-requeueable deps ti=<TaskInstance: etl.executaCrawler manual__2023-09-17T14:17:43.647960+00:00 [queued]>
[2023-09-17T18:35:49.204+0000] {taskinstance.py:1157} INFO - Dependencies all met for dep_context=requeueable deps ti=<TaskInstance: etl.executaCrawler manual__2023-09-17T14:17:43.647960+00:00 [queued]>
[2023-09-17T18:35:49.205+0000] {taskinstance.py:1359} INFO - Starting attempt 7 of 7
[2023-09-17T18:35:49.222+0000] {taskinstance.py:1380} INFO - Executing <Task(_PythonDecoratedOperator): executaCrawler> on 2023-09-17 14:17:43.647960+00:00
[2023-09-17T18:35:49.229+0000] {standard_task_runner.py:57} INFO - Started process 222 to run task
[2023-09-17T18:35:49.232+0000] {standard_task_runner.py:84} INFO - Running: ['***', 'tasks', 'run', 'etl', 'executaCrawler', 'manual__2023-09-17T14:17:43.647960+00:00', '--job-id', '154', '--raw', '--subdir', 'DAGS_FOLDER/etl.py', '--cfg-path', '/tmp/tmpofcv8j6w']
[2023-09-17T18:35:49.234+0000] {standard_task_runner.py:85} INFO - Job 154: Subtask executaCrawler
[2023-09-17T18:35:49.288+0000] {task_command.py:415} INFO - Running <TaskInstance: etl.executaCrawler manual__2023-09-17T14:17:43.647960+00:00 [running]> on host afae239c831c
[2023-09-17T18:35:49.612+0000] {taskinstance.py:1660} INFO - Exporting env vars: AIRFLOW_CTX_DAG_OWNER='***' AIRFLOW_CTX_DAG_ID='etl' AIRFLOW_CTX_TASK_ID='executaCrawler' AIRFLOW_CTX_EXECUTION_DATE='2023-09-17T14:17:43.647960+00:00' AIRFLOW_CTX_TRY_NUMBER='7' AIRFLOW_CTX_DAG_RUN_ID='manual__2023-09-17T14:17:43.647960+00:00'
[2023-09-17T18:35:49.613+0000] {logging_mixin.py:151} INFO - Executando o crawler...
[2023-09-17T18:35:49.613+0000] {logging_mixin.py:151} INFO - Período de referência: 07/2023
[2023-09-17T18:35:49.614+0000] {logging_mixin.py:151} INFO - Requisitando a Rota: '/json_empenhos'
[2023-09-17T18:35:49.626+0000] {logging_mixin.py:151} INFO - 2023-09-17 18:35 - Requisitando a URL: https://trescoracoes-mg.portaltp.com.br/api/transparencia.asmx/json_empenhos?ano=2023&mes=7
[2023-09-17T18:35:50.496+0000] {logging_mixin.py:151} INFO - 2023-09-17 18:35 - Apagando dados da tabela json_empenhos no mes 7/2023
[2023-09-17T18:35:50.496+0000] {logging_mixin.py:151} INFO - 
            DELETE FROM json_empenhos
            WHERE CAST(ano AS INTEGER) = 2023
            AND CAST(SPLIT_PART(mes, ' - ', 1) AS INTEGER) = 7
        
[2023-09-17T18:35:50.513+0000] {logging_mixin.py:151} INFO - 2023-09-17 18:35 - Dados apagados com sucesso!
[2023-09-17T18:35:50.514+0000] {logging_mixin.py:151} INFO - 2023-09-17 18:35 - Inserindo dados no banco de dados.
[2023-09-17T18:35:50.592+0000] {logging_mixin.py:151} INFO - 2023-09-17 18:35 - Dados inseridos com sucesso!
[2023-09-17T18:35:50.593+0000] {logging_mixin.py:151} INFO - Rota '/json_empenhos' requisitada com sucesso! Aguardando 60 segundos para a próxima requisição...'
[2023-09-17T18:36:50.653+0000] {logging_mixin.py:151} INFO - Requisitando a Rota: '/json_liquidacoes'
[2023-09-17T18:36:50.662+0000] {logging_mixin.py:151} INFO - 2023-09-17 18:36 - Requisitando a URL: https://trescoracoes-mg.portaltp.com.br/api/transparencia.asmx/json_liquidacoes?ano=2023&mes=7
[2023-09-17T18:36:51.684+0000] {logging_mixin.py:151} INFO - 2023-09-17 18:36 - Apagando dados da tabela json_liquidacoes no mes 7/2023
[2023-09-17T18:36:51.684+0000] {logging_mixin.py:151} INFO - 
            DELETE FROM json_liquidacoes
            WHERE CAST(ano AS INTEGER) = 2023
            AND CAST(SPLIT_PART(mes, ' - ', 1) AS INTEGER) = 7
        
[2023-09-17T18:36:51.704+0000] {logging_mixin.py:151} INFO - 2023-09-17 18:36 - Dados apagados com sucesso!
[2023-09-17T18:36:51.704+0000] {logging_mixin.py:151} INFO - 2023-09-17 18:36 - Inserindo dados no banco de dados.
[2023-09-17T18:36:51.809+0000] {logging_mixin.py:151} INFO - 2023-09-17 18:36 - Dados inseridos com sucesso!
[2023-09-17T18:36:51.810+0000] {logging_mixin.py:151} INFO - Rota '/json_liquidacoes' requisitada com sucesso! Aguardando 60 segundos para a próxima requisição...'
[2023-09-17T18:37:51.819+0000] {logging_mixin.py:151} INFO - Requisitando a Rota: '/json_pagamentos'
[2023-09-17T18:37:51.831+0000] {logging_mixin.py:151} INFO - 2023-09-17 18:37 - Requisitando a URL: https://trescoracoes-mg.portaltp.com.br/api/transparencia.asmx/json_pagamentos?ano=2023&mes=7
[2023-09-17T18:37:52.840+0000] {logging_mixin.py:151} INFO - 2023-09-17 18:37 - Apagando dados da tabela json_pagamentos no mes 7/2023
[2023-09-17T18:37:52.840+0000] {logging_mixin.py:151} INFO - 
            DELETE FROM json_pagamentos
            WHERE CAST(ano AS INTEGER) = 2023
            AND CAST(SPLIT_PART(mes, ' - ', 1) AS INTEGER) = 7
        
[2023-09-17T18:37:52.859+0000] {logging_mixin.py:151} INFO - 2023-09-17 18:37 - Dados apagados com sucesso!
[2023-09-17T18:37:52.860+0000] {logging_mixin.py:151} INFO - 2023-09-17 18:37 - Inserindo dados no banco de dados.
[2023-09-17T18:37:52.972+0000] {logging_mixin.py:151} INFO - 2023-09-17 18:37 - Dados inseridos com sucesso!
[2023-09-17T18:37:52.973+0000] {logging_mixin.py:151} INFO - Rota '/json_pagamentos' requisitada com sucesso! Aguardando 60 segundos para a próxima requisição...'
[2023-09-17T18:38:53.027+0000] {logging_mixin.py:151} INFO - Requisitando a Rota: '/json_diarias'
[2023-09-17T18:38:53.040+0000] {logging_mixin.py:151} INFO - 2023-09-17 18:38 - Requisitando a URL: https://trescoracoes-mg.portaltp.com.br/api/transparencia.asmx/json_diarias?ano=2023&mes=7
[2023-09-17T18:38:53.528+0000] {logging_mixin.py:151} INFO - 2023-09-17 18:38 - Apagando dados da tabela json_diarias no mes 7/2023
[2023-09-17T18:38:53.529+0000] {logging_mixin.py:151} INFO - 
            DELETE FROM json_diarias
            WHERE CAST(ano AS INTEGER) = 2023
            AND CAST(SPLIT_PART(mes, ' - ', 1) AS INTEGER) = 7
        
[2023-09-17T18:38:53.551+0000] {logging_mixin.py:151} INFO - 2023-09-17 18:38 - Dados apagados com sucesso!
[2023-09-17T18:38:53.552+0000] {logging_mixin.py:151} INFO - 2023-09-17 18:38 - Inserindo dados no banco de dados.
[2023-09-17T18:38:53.567+0000] {logging_mixin.py:151} INFO - 2023-09-17 18:38 - Dados inseridos com sucesso!
[2023-09-17T18:38:53.568+0000] {logging_mixin.py:151} INFO - Rota '/json_diarias' requisitada com sucesso! Aguardando 60 segundos para a próxima requisição...'
[2023-09-17T18:39:22.907+0000] {local_task_job_runner.py:115} ERROR - Received SIGTERM. Terminating subprocesses
[2023-09-17T18:39:22.909+0000] {process_utils.py:131} INFO - Sending 15 to group 222. PIDs of all processes in the group: [222]
[2023-09-17T18:39:22.910+0000] {process_utils.py:86} INFO - Sending the signal 15 to group 222
[2023-09-17T18:39:22.914+0000] {taskinstance.py:1630} ERROR - Received SIGTERM. Terminating subprocesses.
[2023-09-17T18:39:22.927+0000] {taskinstance.py:1935} ERROR - Task failed with exception
Traceback (most recent call last):
  File "/home/airflow/.local/lib/python3.8/site-packages/airflow/decorators/base.py", line 221, in execute
    return_value = super().execute(context)
  File "/home/airflow/.local/lib/python3.8/site-packages/airflow/operators/python.py", line 192, in execute
    return_value = self.execute_callable()
  File "/home/airflow/.local/lib/python3.8/site-packages/airflow/operators/python.py", line 209, in execute_callable
    return self.python_callable(*self.op_args, **self.op_kwargs)
  File "/opt/airflow/dags/etl.py", line 9, in executaCrawler
    main()
  File "/opt/airflow/dags/crawler.py", line 126, in main
    sleep(60)
  File "/home/airflow/.local/lib/python3.8/site-packages/airflow/models/taskinstance.py", line 1632, in signal_handler
    raise AirflowException("Task received SIGTERM signal")
airflow.exceptions.AirflowException: Task received SIGTERM signal
[2023-09-17T18:39:22.935+0000] {taskinstance.py:1398} INFO - Marking task as FAILED. dag_id=etl, task_id=executaCrawler, execution_date=20230917T141743, start_date=20230917T183549, end_date=20230917T183922
[2023-09-17T18:39:22.969+0000] {standard_task_runner.py:104} ERROR - Failed to execute job 154 for task executaCrawler (Task received SIGTERM signal; 222)
[2023-09-17T18:39:23.003+0000] {process_utils.py:79} INFO - Process psutil.Process(pid=222, status='terminated', exitcode=1, started='18:35:49') (222) terminated with exit code 1
[2023-09-17T18:39:23.004+0000] {local_task_job_runner.py:228} INFO - Task exited with return code 143
[2023-09-17T18:39:23.049+0000] {taskinstance.py:2776} INFO - 0 downstream tasks scheduled from follow-on schedule check
