[2023-09-17T18:42:56.213+0000] {taskinstance.py:1157} INFO - Dependencies all met for dep_context=non-requeueable deps ti=<TaskInstance: etl.executaCrawler manual__2023-09-17T14:17:43.647960+00:00 [queued]>
[2023-09-17T18:42:56.222+0000] {taskinstance.py:1157} INFO - Dependencies all met for dep_context=requeueable deps ti=<TaskInstance: etl.executaCrawler manual__2023-09-17T14:17:43.647960+00:00 [queued]>
[2023-09-17T18:42:56.222+0000] {taskinstance.py:1359} INFO - Starting attempt 8 of 8
[2023-09-17T18:42:56.236+0000] {taskinstance.py:1380} INFO - Executing <Task(_PythonDecoratedOperator): executaCrawler> on 2023-09-17 14:17:43.647960+00:00
[2023-09-17T18:42:56.240+0000] {standard_task_runner.py:57} INFO - Started process 253 to run task
[2023-09-17T18:42:56.242+0000] {standard_task_runner.py:84} INFO - Running: ['***', 'tasks', 'run', 'etl', 'executaCrawler', 'manual__2023-09-17T14:17:43.647960+00:00', '--job-id', '157', '--raw', '--subdir', 'DAGS_FOLDER/etl.py', '--cfg-path', '/tmp/tmpp3mn4j_a']
[2023-09-17T18:42:56.245+0000] {standard_task_runner.py:85} INFO - Job 157: Subtask executaCrawler
[2023-09-17T18:42:56.290+0000] {task_command.py:415} INFO - Running <TaskInstance: etl.executaCrawler manual__2023-09-17T14:17:43.647960+00:00 [running]> on host 34065565226b
[2023-09-17T18:42:56.527+0000] {taskinstance.py:1660} INFO - Exporting env vars: AIRFLOW_CTX_DAG_OWNER='***' AIRFLOW_CTX_DAG_ID='etl' AIRFLOW_CTX_TASK_ID='executaCrawler' AIRFLOW_CTX_EXECUTION_DATE='2023-09-17T14:17:43.647960+00:00' AIRFLOW_CTX_TRY_NUMBER='8' AIRFLOW_CTX_DAG_RUN_ID='manual__2023-09-17T14:17:43.647960+00:00'
[2023-09-17T18:42:56.528+0000] {logging_mixin.py:151} INFO - Executando o crawler...
[2023-09-17T18:42:56.529+0000] {logging_mixin.py:151} INFO - Período de referência: 07/2023
[2023-09-17T18:42:56.529+0000] {logging_mixin.py:151} INFO - Requisitando a Rota: '/json_empenhos'
[2023-09-17T18:42:56.539+0000] {logging_mixin.py:151} INFO - 2023-09-17 18:42 - Requisitando a URL: https://trescoracoes-mg.portaltp.com.br/api/transparencia.asmx/json_empenhos?ano=2023&mes=7
[2023-09-17T18:42:57.421+0000] {logging_mixin.py:151} INFO - 2023-09-17 18:42 - Apagando dados da tabela json_empenhos no mes 7/2023
[2023-09-17T18:42:57.421+0000] {logging_mixin.py:151} INFO - 
            DELETE FROM json_empenhos
            WHERE CAST(ano AS INTEGER) = 2023
            AND CAST(SPLIT_PART(mes, ' - ', 1) AS INTEGER) = 7
        
[2023-09-17T18:42:57.441+0000] {logging_mixin.py:151} INFO - 2023-09-17 18:42 - Dados apagados com sucesso!
[2023-09-17T18:42:57.442+0000] {logging_mixin.py:151} INFO - 2023-09-17 18:42 - Inserindo dados no banco de dados.
[2023-09-17T18:42:57.531+0000] {logging_mixin.py:151} INFO - 2023-09-17 18:42 - Dados inseridos com sucesso!
[2023-09-17T18:42:57.532+0000] {logging_mixin.py:151} INFO - Rota '/json_empenhos' requisitada com sucesso! Aguardando 60 segundos para a próxima requisição...'
[2023-09-17T18:43:57.588+0000] {logging_mixin.py:151} INFO - Requisitando a Rota: '/json_liquidacoes'
[2023-09-17T18:43:57.594+0000] {logging_mixin.py:151} INFO - 2023-09-17 18:43 - Requisitando a URL: https://trescoracoes-mg.portaltp.com.br/api/transparencia.asmx/json_liquidacoes?ano=2023&mes=7
[2023-09-17T18:43:58.688+0000] {logging_mixin.py:151} INFO - 2023-09-17 18:43 - Apagando dados da tabela json_liquidacoes no mes 7/2023
[2023-09-17T18:43:58.688+0000] {logging_mixin.py:151} INFO - 
            DELETE FROM json_liquidacoes
            WHERE CAST(ano AS INTEGER) = 2023
            AND CAST(SPLIT_PART(mes, ' - ', 1) AS INTEGER) = 7
        
[2023-09-17T18:43:58.706+0000] {logging_mixin.py:151} INFO - 2023-09-17 18:43 - Dados apagados com sucesso!
[2023-09-17T18:43:58.707+0000] {logging_mixin.py:151} INFO - 2023-09-17 18:43 - Inserindo dados no banco de dados.
[2023-09-17T18:43:58.816+0000] {logging_mixin.py:151} INFO - 2023-09-17 18:43 - Dados inseridos com sucesso!
[2023-09-17T18:43:58.817+0000] {logging_mixin.py:151} INFO - Rota '/json_liquidacoes' requisitada com sucesso! Aguardando 60 segundos para a próxima requisição...'
[2023-09-17T18:44:58.827+0000] {logging_mixin.py:151} INFO - Requisitando a Rota: '/json_pagamentos'
[2023-09-17T18:44:58.842+0000] {logging_mixin.py:151} INFO - 2023-09-17 18:44 - Requisitando a URL: https://trescoracoes-mg.portaltp.com.br/api/transparencia.asmx/json_pagamentos?ano=2023&mes=7
[2023-09-17T18:44:59.788+0000] {logging_mixin.py:151} INFO - 2023-09-17 18:44 - Apagando dados da tabela json_pagamentos no mes 7/2023
[2023-09-17T18:44:59.789+0000] {logging_mixin.py:151} INFO - 
            DELETE FROM json_pagamentos
            WHERE CAST(ano AS INTEGER) = 2023
            AND CAST(SPLIT_PART(mes, ' - ', 1) AS INTEGER) = 7
        
[2023-09-17T18:44:59.810+0000] {logging_mixin.py:151} INFO - 2023-09-17 18:44 - Dados apagados com sucesso!
[2023-09-17T18:44:59.810+0000] {logging_mixin.py:151} INFO - 2023-09-17 18:44 - Inserindo dados no banco de dados.
[2023-09-17T18:44:59.923+0000] {logging_mixin.py:151} INFO - 2023-09-17 18:44 - Dados inseridos com sucesso!
[2023-09-17T18:44:59.924+0000] {logging_mixin.py:151} INFO - Rota '/json_pagamentos' requisitada com sucesso! Aguardando 60 segundos para a próxima requisição...'
[2023-09-17T18:45:59.982+0000] {logging_mixin.py:151} INFO - Requisitando a Rota: '/json_diarias'
[2023-09-17T18:45:59.996+0000] {logging_mixin.py:151} INFO - 2023-09-17 18:45 - Requisitando a URL: https://trescoracoes-mg.portaltp.com.br/api/transparencia.asmx/json_diarias?ano=2023&mes=7
[2023-09-17T18:46:00.488+0000] {logging_mixin.py:151} INFO - 2023-09-17 18:46 - Apagando dados da tabela json_diarias no mes 7/2023
[2023-09-17T18:46:00.488+0000] {logging_mixin.py:151} INFO - 
            DELETE FROM json_diarias
            WHERE CAST(ano AS INTEGER) = 2023
            AND CAST(SPLIT_PART(mes, ' - ', 1) AS INTEGER) = 7
        
[2023-09-17T18:46:00.503+0000] {logging_mixin.py:151} INFO - 2023-09-17 18:46 - Dados apagados com sucesso!
[2023-09-17T18:46:00.504+0000] {logging_mixin.py:151} INFO - 2023-09-17 18:46 - Inserindo dados no banco de dados.
[2023-09-17T18:46:00.517+0000] {logging_mixin.py:151} INFO - 2023-09-17 18:46 - Dados inseridos com sucesso!
[2023-09-17T18:46:00.517+0000] {logging_mixin.py:151} INFO - Rota '/json_diarias' requisitada com sucesso! Aguardando 60 segundos para a próxima requisição...'
[2023-09-17T18:47:00.559+0000] {logging_mixin.py:151} INFO - Requisitando a Rota: '/json_obras'
[2023-09-17T18:47:00.574+0000] {logging_mixin.py:151} INFO - 2023-09-17 18:47 - Requisitando a URL: https://trescoracoes-mg.portaltp.com.br/api/transparencia.asmx/json_obras?ano=2023&mes=7
[2023-09-17T18:47:00.975+0000] {logging_mixin.py:151} INFO - 2023-09-17 18:47 - Apagando dados da tabela json_obras no mes 7/2023
[2023-09-17T18:47:00.976+0000] {logging_mixin.py:151} INFO - 
            DELETE FROM json_obras
            WHERE CAST(ano AS INTEGER) = 2023
            AND CAST(SPLIT_PART(mes, ' - ', 1) AS INTEGER) = 7
        
[2023-09-17T18:47:00.989+0000] {logging_mixin.py:151} INFO - 2023-09-17 18:47 - Dados apagados com sucesso!
[2023-09-17T18:47:00.990+0000] {logging_mixin.py:151} INFO - 2023-09-17 18:47 - Inserindo dados no banco de dados.
[2023-09-17T18:47:00.998+0000] {logging_mixin.py:151} INFO - 2023-09-17 18:47 - Dados inseridos com sucesso!
[2023-09-17T18:47:00.999+0000] {logging_mixin.py:151} INFO - Rota '/json_obras' requisitada com sucesso! Aguardando 60 segundos para a próxima requisição...'
[2023-09-17T18:48:01.048+0000] {logging_mixin.py:151} INFO - Crawler executado com sucesso!
[2023-09-17T18:48:01.048+0000] {python.py:194} INFO - Done. Returned value was: None
[2023-09-17T18:48:01.071+0000] {taskinstance.py:1398} INFO - Marking task as SUCCESS. dag_id=etl, task_id=executaCrawler, execution_date=20230917T141743, start_date=20230917T184256, end_date=20230917T184801
[2023-09-17T18:48:01.146+0000] {local_task_job_runner.py:228} INFO - Task exited with return code 0
[2023-09-17T18:48:01.170+0000] {taskinstance.py:2776} INFO - 1 downstream tasks scheduled from follow-on schedule check
