[2023-09-17T18:27:49.024+0000] {taskinstance.py:1157} INFO - Dependencies all met for dep_context=non-requeueable deps ti=<TaskInstance: etl.executaCrawler manual__2023-09-17T14:17:43.647960+00:00 [queued]>
[2023-09-17T18:27:49.034+0000] {taskinstance.py:1157} INFO - Dependencies all met for dep_context=requeueable deps ti=<TaskInstance: etl.executaCrawler manual__2023-09-17T14:17:43.647960+00:00 [queued]>
[2023-09-17T18:27:49.034+0000] {taskinstance.py:1359} INFO - Starting attempt 6 of 6
[2023-09-17T18:27:49.052+0000] {taskinstance.py:1380} INFO - Executing <Task(_PythonDecoratedOperator): executaCrawler> on 2023-09-17 14:17:43.647960+00:00
[2023-09-17T18:27:49.058+0000] {standard_task_runner.py:57} INFO - Started process 1281 to run task
[2023-09-17T18:27:49.060+0000] {standard_task_runner.py:84} INFO - Running: ['***', 'tasks', 'run', 'etl', 'executaCrawler', 'manual__2023-09-17T14:17:43.647960+00:00', '--job-id', '150', '--raw', '--subdir', 'DAGS_FOLDER/etl.py', '--cfg-path', '/tmp/tmp1qk2ghn6']
[2023-09-17T18:27:49.062+0000] {standard_task_runner.py:85} INFO - Job 150: Subtask executaCrawler
[2023-09-17T18:27:49.106+0000] {task_command.py:415} INFO - Running <TaskInstance: etl.executaCrawler manual__2023-09-17T14:17:43.647960+00:00 [running]> on host 2b62bebe73f6
[2023-09-17T18:27:49.344+0000] {taskinstance.py:1660} INFO - Exporting env vars: AIRFLOW_CTX_DAG_OWNER='***' AIRFLOW_CTX_DAG_ID='etl' AIRFLOW_CTX_TASK_ID='executaCrawler' AIRFLOW_CTX_EXECUTION_DATE='2023-09-17T14:17:43.647960+00:00' AIRFLOW_CTX_TRY_NUMBER='6' AIRFLOW_CTX_DAG_RUN_ID='manual__2023-09-17T14:17:43.647960+00:00'
[2023-09-17T18:27:49.345+0000] {logging_mixin.py:151} INFO - Executando o crawler...
[2023-09-17T18:27:49.345+0000] {logging_mixin.py:151} INFO - Período de referência: 07/2023
[2023-09-17T18:27:49.345+0000] {logging_mixin.py:151} INFO - Requisitando a Rota: '/json_empenhos'
[2023-09-17T18:27:49.354+0000] {logging_mixin.py:151} INFO - 2023-09-17 1827 - Requisitando a URL: https://trescoracoes-mg.portaltp.com.br/api/transparencia.asmx/json_empenhos?ano=2023&mes=7
[2023-09-17T18:27:50.218+0000] {logging_mixin.py:151} INFO - 2023-09-17 1827 - Apagando dados da tabela json_empenhos no mes 7/2023
[2023-09-17T18:27:50.218+0000] {logging_mixin.py:151} INFO - 
            DELETE FROM json_empenhos
            WHERE CAST(ano AS INTEGER) = 2023
            AND CAST(SPLIT_PART(mes, ' - ', 1) AS INTEGER) = 7
        
[2023-09-17T18:27:50.237+0000] {logging_mixin.py:151} INFO - 2023-09-17 1827 - Dados apagados com sucesso!
[2023-09-17T18:27:50.237+0000] {logging_mixin.py:151} INFO - 2023-09-17 1827 - Inserindo dados no banco de dados.
[2023-09-17T18:27:50.328+0000] {logging_mixin.py:151} INFO - 2023-09-17 1827 - Dados inseridos com sucesso!
[2023-09-17T18:27:50.329+0000] {logging_mixin.py:151} INFO - Rota '/json_empenhos' requisitada com sucesso! Aguardando 60 segundos para a próxima requisição...'
[2023-09-17T18:28:50.388+0000] {logging_mixin.py:151} INFO - Requisitando a Rota: '/json_liquidacoes'
[2023-09-17T18:28:50.401+0000] {logging_mixin.py:151} INFO - 2023-09-17 1828 - Requisitando a URL: https://trescoracoes-mg.portaltp.com.br/api/transparencia.asmx/json_liquidacoes?ano=2023&mes=7
[2023-09-17T18:28:51.361+0000] {logging_mixin.py:151} INFO - 2023-09-17 1828 - Apagando dados da tabela json_liquidacoes no mes 7/2023
[2023-09-17T18:28:51.361+0000] {logging_mixin.py:151} INFO - 
            DELETE FROM json_liquidacoes
            WHERE CAST(ano AS INTEGER) = 2023
            AND CAST(SPLIT_PART(mes, ' - ', 1) AS INTEGER) = 7
        
[2023-09-17T18:28:51.383+0000] {logging_mixin.py:151} INFO - 2023-09-17 1828 - Dados apagados com sucesso!
[2023-09-17T18:28:51.384+0000] {logging_mixin.py:151} INFO - 2023-09-17 1828 - Inserindo dados no banco de dados.
[2023-09-17T18:28:51.492+0000] {logging_mixin.py:151} INFO - 2023-09-17 1828 - Dados inseridos com sucesso!
[2023-09-17T18:28:51.494+0000] {logging_mixin.py:151} INFO - Rota '/json_liquidacoes' requisitada com sucesso! Aguardando 60 segundos para a próxima requisição...'
[2023-09-17T18:29:51.550+0000] {logging_mixin.py:151} INFO - Requisitando a Rota: '/json_pagamentos'
[2023-09-17T18:29:51.562+0000] {logging_mixin.py:151} INFO - 2023-09-17 1829 - Requisitando a URL: https://trescoracoes-mg.portaltp.com.br/api/transparencia.asmx/json_pagamentos?ano=2023&mes=7
[2023-09-17T18:29:52.548+0000] {logging_mixin.py:151} INFO - 2023-09-17 1829 - Apagando dados da tabela json_pagamentos no mes 7/2023
[2023-09-17T18:29:52.549+0000] {logging_mixin.py:151} INFO - 
            DELETE FROM json_pagamentos
            WHERE CAST(ano AS INTEGER) = 2023
            AND CAST(SPLIT_PART(mes, ' - ', 1) AS INTEGER) = 7
        
[2023-09-17T18:29:52.565+0000] {logging_mixin.py:151} INFO - 2023-09-17 1829 - Dados apagados com sucesso!
[2023-09-17T18:29:52.565+0000] {logging_mixin.py:151} INFO - 2023-09-17 1829 - Inserindo dados no banco de dados.
[2023-09-17T18:29:52.672+0000] {logging_mixin.py:151} INFO - 2023-09-17 1829 - Dados inseridos com sucesso!
[2023-09-17T18:29:52.674+0000] {logging_mixin.py:151} INFO - Rota '/json_pagamentos' requisitada com sucesso! Aguardando 60 segundos para a próxima requisição...'
[2023-09-17T18:30:52.684+0000] {logging_mixin.py:151} INFO - Requisitando a Rota: '/json_diarias'
[2023-09-17T18:30:52.695+0000] {logging_mixin.py:151} INFO - 2023-09-17 1830 - Requisitando a URL: https://trescoracoes-mg.portaltp.com.br/api/transparencia.asmx/json_diarias?ano=2023&mes=7
[2023-09-17T18:30:53.195+0000] {logging_mixin.py:151} INFO - 2023-09-17 1830 - Apagando dados da tabela json_diarias no mes 7/2023
[2023-09-17T18:30:53.196+0000] {logging_mixin.py:151} INFO - 
            DELETE FROM json_diarias
            WHERE CAST(ano AS INTEGER) = 2023
            AND CAST(SPLIT_PART(mes, ' - ', 1) AS INTEGER) = 7
        
[2023-09-17T18:30:53.216+0000] {logging_mixin.py:151} INFO - 2023-09-17 1830 - Dados apagados com sucesso!
[2023-09-17T18:30:53.217+0000] {logging_mixin.py:151} INFO - 2023-09-17 1830 - Inserindo dados no banco de dados.
[2023-09-17T18:30:53.231+0000] {logging_mixin.py:151} INFO - 2023-09-17 1830 - Dados inseridos com sucesso!
[2023-09-17T18:30:53.231+0000] {logging_mixin.py:151} INFO - Rota '/json_diarias' requisitada com sucesso! Aguardando 60 segundos para a próxima requisição...'
[2023-09-17T18:31:53.276+0000] {logging_mixin.py:151} INFO - Requisitando a Rota: '/json_obras'
[2023-09-17T18:31:53.290+0000] {logging_mixin.py:151} INFO - 2023-09-17 1831 - Requisitando a URL: https://trescoracoes-mg.portaltp.com.br/api/transparencia.asmx/json_obras?ano=2023&mes=7
[2023-09-17T18:31:53.670+0000] {logging_mixin.py:151} INFO - 2023-09-17 1831 - Apagando dados da tabela json_obras no mes 7/2023
[2023-09-17T18:31:53.670+0000] {logging_mixin.py:151} INFO - 
            DELETE FROM json_obras
            WHERE CAST(ano AS INTEGER) = 2023
            AND CAST(SPLIT_PART(mes, ' - ', 1) AS INTEGER) = 7
        
[2023-09-17T18:31:53.684+0000] {logging_mixin.py:151} INFO - 2023-09-17 1831 - Dados apagados com sucesso!
[2023-09-17T18:31:53.684+0000] {logging_mixin.py:151} INFO - 2023-09-17 1831 - Inserindo dados no banco de dados.
[2023-09-17T18:31:53.694+0000] {logging_mixin.py:151} INFO - 2023-09-17 1831 - Dados inseridos com sucesso!
[2023-09-17T18:31:53.695+0000] {logging_mixin.py:151} INFO - Rota '/json_obras' requisitada com sucesso! Aguardando 60 segundos para a próxima requisição...'
[2023-09-17T18:32:53.754+0000] {logging_mixin.py:151} INFO - Crawler executado com sucesso!
[2023-09-17T18:32:53.755+0000] {python.py:194} INFO - Done. Returned value was: None
[2023-09-17T18:32:53.766+0000] {taskinstance.py:1398} INFO - Marking task as SUCCESS. dag_id=etl, task_id=executaCrawler, execution_date=20230917T141743, start_date=20230917T182749, end_date=20230917T183253
[2023-09-17T18:32:53.810+0000] {local_task_job_runner.py:228} INFO - Task exited with return code 0
[2023-09-17T18:32:53.830+0000] {taskinstance.py:2776} INFO - 1 downstream tasks scheduled from follow-on schedule check
