[2023-09-10T23:37:34.662+0000] {processor.py:157} INFO - Started process (PID=96) to work on /home/airflow/.local/lib/python3.8/site-packages/airflow/example_dags/example_short_circuit_decorator.py
[2023-09-10T23:37:34.662+0000] {processor.py:829} INFO - Processing file /home/airflow/.local/lib/python3.8/site-packages/airflow/example_dags/example_short_circuit_decorator.py for tasks to queue
[2023-09-10T23:37:34.664+0000] {logging_mixin.py:151} INFO - [2023-09-10T23:37:34.664+0000] {dagbag.py:539} INFO - Filling up the DagBag from /home/airflow/.local/lib/python3.8/site-packages/airflow/example_dags/example_short_circuit_decorator.py
[2023-09-10T23:37:34.676+0000] {processor.py:839} INFO - DAG(s) dict_keys(['example_short_circuit_decorator']) retrieved from /home/airflow/.local/lib/python3.8/site-packages/airflow/example_dags/example_short_circuit_decorator.py
[2023-09-10T23:37:34.704+0000] {logging_mixin.py:151} INFO - [2023-09-10T23:37:34.704+0000] {dag.py:2915} INFO - Sync 1 DAGs
[2023-09-10T23:37:34.881+0000] {logging_mixin.py:151} INFO - [2023-09-10T23:37:34.881+0000] {dag.py:3696} INFO - Setting next_dagrun for example_short_circuit_decorator to 2023-09-09T23:37:34.881131+00:00, run_after=2023-09-10T23:37:34.881131+00:00
[2023-09-10T23:37:34.901+0000] {processor.py:179} INFO - Processing /home/airflow/.local/lib/python3.8/site-packages/airflow/example_dags/example_short_circuit_decorator.py took 0.243 seconds
[2023-09-10T23:38:05.834+0000] {processor.py:157} INFO - Started process (PID=150) to work on /home/airflow/.local/lib/python3.8/site-packages/airflow/example_dags/example_short_circuit_decorator.py
[2023-09-10T23:38:05.835+0000] {processor.py:829} INFO - Processing file /home/airflow/.local/lib/python3.8/site-packages/airflow/example_dags/example_short_circuit_decorator.py for tasks to queue
[2023-09-10T23:38:05.836+0000] {logging_mixin.py:151} INFO - [2023-09-10T23:38:05.836+0000] {dagbag.py:539} INFO - Filling up the DagBag from /home/airflow/.local/lib/python3.8/site-packages/airflow/example_dags/example_short_circuit_decorator.py
[2023-09-10T23:38:05.847+0000] {processor.py:839} INFO - DAG(s) dict_keys(['example_short_circuit_decorator']) retrieved from /home/airflow/.local/lib/python3.8/site-packages/airflow/example_dags/example_short_circuit_decorator.py
[2023-09-10T23:38:05.869+0000] {logging_mixin.py:151} INFO - [2023-09-10T23:38:05.869+0000] {dag.py:2915} INFO - Sync 1 DAGs
[2023-09-10T23:38:05.894+0000] {logging_mixin.py:151} INFO - [2023-09-10T23:38:05.893+0000] {dag.py:3696} INFO - Setting next_dagrun for example_short_circuit_decorator to 2023-09-09T23:38:05.893744+00:00, run_after=2023-09-10T23:38:05.893744+00:00
[2023-09-10T23:38:05.916+0000] {processor.py:179} INFO - Processing /home/airflow/.local/lib/python3.8/site-packages/airflow/example_dags/example_short_circuit_decorator.py took 0.085 seconds
[2023-09-10T23:38:37.015+0000] {processor.py:157} INFO - Started process (PID=204) to work on /home/airflow/.local/lib/python3.8/site-packages/airflow/example_dags/example_short_circuit_decorator.py
[2023-09-10T23:38:37.015+0000] {processor.py:829} INFO - Processing file /home/airflow/.local/lib/python3.8/site-packages/airflow/example_dags/example_short_circuit_decorator.py for tasks to queue
[2023-09-10T23:38:37.017+0000] {logging_mixin.py:151} INFO - [2023-09-10T23:38:37.017+0000] {dagbag.py:539} INFO - Filling up the DagBag from /home/airflow/.local/lib/python3.8/site-packages/airflow/example_dags/example_short_circuit_decorator.py
[2023-09-10T23:38:37.029+0000] {processor.py:839} INFO - DAG(s) dict_keys(['example_short_circuit_decorator']) retrieved from /home/airflow/.local/lib/python3.8/site-packages/airflow/example_dags/example_short_circuit_decorator.py
[2023-09-10T23:38:37.061+0000] {logging_mixin.py:151} INFO - [2023-09-10T23:38:37.060+0000] {dag.py:2915} INFO - Sync 1 DAGs
[2023-09-10T23:38:37.089+0000] {logging_mixin.py:151} INFO - [2023-09-10T23:38:37.089+0000] {dag.py:3696} INFO - Setting next_dagrun for example_short_circuit_decorator to 2023-09-09T23:38:37.089427+00:00, run_after=2023-09-10T23:38:37.089427+00:00
[2023-09-10T23:38:37.111+0000] {processor.py:179} INFO - Processing /home/airflow/.local/lib/python3.8/site-packages/airflow/example_dags/example_short_circuit_decorator.py took 0.099 seconds
[2023-09-10T23:39:07.316+0000] {processor.py:157} INFO - Started process (PID=258) to work on /home/airflow/.local/lib/python3.8/site-packages/airflow/example_dags/example_short_circuit_decorator.py
[2023-09-10T23:39:07.318+0000] {processor.py:829} INFO - Processing file /home/airflow/.local/lib/python3.8/site-packages/airflow/example_dags/example_short_circuit_decorator.py for tasks to queue
[2023-09-10T23:39:07.321+0000] {logging_mixin.py:151} INFO - [2023-09-10T23:39:07.320+0000] {dagbag.py:539} INFO - Filling up the DagBag from /home/airflow/.local/lib/python3.8/site-packages/airflow/example_dags/example_short_circuit_decorator.py
[2023-09-10T23:39:07.339+0000] {processor.py:839} INFO - DAG(s) dict_keys(['example_short_circuit_decorator']) retrieved from /home/airflow/.local/lib/python3.8/site-packages/airflow/example_dags/example_short_circuit_decorator.py
[2023-09-10T23:39:07.375+0000] {logging_mixin.py:151} INFO - [2023-09-10T23:39:07.375+0000] {dag.py:2915} INFO - Sync 1 DAGs
[2023-09-10T23:39:07.397+0000] {logging_mixin.py:151} INFO - [2023-09-10T23:39:07.397+0000] {dag.py:3696} INFO - Setting next_dagrun for example_short_circuit_decorator to 2023-09-09T23:39:07.396829+00:00, run_after=2023-09-10T23:39:07.396829+00:00
[2023-09-10T23:39:07.423+0000] {processor.py:179} INFO - Processing /home/airflow/.local/lib/python3.8/site-packages/airflow/example_dags/example_short_circuit_decorator.py took 0.112 seconds
[2023-09-10T23:39:37.523+0000] {processor.py:157} INFO - Started process (PID=311) to work on /home/airflow/.local/lib/python3.8/site-packages/airflow/example_dags/example_short_circuit_decorator.py
[2023-09-10T23:39:37.525+0000] {processor.py:829} INFO - Processing file /home/airflow/.local/lib/python3.8/site-packages/airflow/example_dags/example_short_circuit_decorator.py for tasks to queue
[2023-09-10T23:39:37.527+0000] {logging_mixin.py:151} INFO - [2023-09-10T23:39:37.527+0000] {dagbag.py:539} INFO - Filling up the DagBag from /home/airflow/.local/lib/python3.8/site-packages/airflow/example_dags/example_short_circuit_decorator.py
[2023-09-10T23:39:37.535+0000] {processor.py:839} INFO - DAG(s) dict_keys(['example_short_circuit_decorator']) retrieved from /home/airflow/.local/lib/python3.8/site-packages/airflow/example_dags/example_short_circuit_decorator.py
[2023-09-10T23:39:37.558+0000] {logging_mixin.py:151} INFO - [2023-09-10T23:39:37.558+0000] {dag.py:2915} INFO - Sync 1 DAGs
[2023-09-10T23:39:37.578+0000] {logging_mixin.py:151} INFO - [2023-09-10T23:39:37.578+0000] {dag.py:3696} INFO - Setting next_dagrun for example_short_circuit_decorator to 2023-09-09T23:39:37.578287+00:00, run_after=2023-09-10T23:39:37.578287+00:00
[2023-09-10T23:39:37.606+0000] {processor.py:179} INFO - Processing /home/airflow/.local/lib/python3.8/site-packages/airflow/example_dags/example_short_circuit_decorator.py took 0.085 seconds
[2023-09-10T23:40:07.692+0000] {processor.py:157} INFO - Started process (PID=365) to work on /home/airflow/.local/lib/python3.8/site-packages/airflow/example_dags/example_short_circuit_decorator.py
[2023-09-10T23:40:07.693+0000] {processor.py:829} INFO - Processing file /home/airflow/.local/lib/python3.8/site-packages/airflow/example_dags/example_short_circuit_decorator.py for tasks to queue
[2023-09-10T23:40:07.695+0000] {logging_mixin.py:151} INFO - [2023-09-10T23:40:07.695+0000] {dagbag.py:539} INFO - Filling up the DagBag from /home/airflow/.local/lib/python3.8/site-packages/airflow/example_dags/example_short_circuit_decorator.py
[2023-09-10T23:40:07.704+0000] {processor.py:839} INFO - DAG(s) dict_keys(['example_short_circuit_decorator']) retrieved from /home/airflow/.local/lib/python3.8/site-packages/airflow/example_dags/example_short_circuit_decorator.py
[2023-09-10T23:40:07.729+0000] {logging_mixin.py:151} INFO - [2023-09-10T23:40:07.728+0000] {dag.py:2915} INFO - Sync 1 DAGs
[2023-09-10T23:40:07.749+0000] {logging_mixin.py:151} INFO - [2023-09-10T23:40:07.748+0000] {dag.py:3696} INFO - Setting next_dagrun for example_short_circuit_decorator to 2023-09-09T23:40:07.748271+00:00, run_after=2023-09-10T23:40:07.748271+00:00
[2023-09-10T23:40:07.774+0000] {processor.py:179} INFO - Processing /home/airflow/.local/lib/python3.8/site-packages/airflow/example_dags/example_short_circuit_decorator.py took 0.087 seconds
