[2023-09-10T23:37:30.933+0000] {processor.py:157} INFO - Started process (PID=75) to work on /home/airflow/.local/lib/python3.8/site-packages/airflow/example_dags/example_datasets.py
[2023-09-10T23:37:30.933+0000] {processor.py:829} INFO - Processing file /home/airflow/.local/lib/python3.8/site-packages/airflow/example_dags/example_datasets.py for tasks to queue
[2023-09-10T23:37:30.935+0000] {logging_mixin.py:151} INFO - [2023-09-10T23:37:30.935+0000] {dagbag.py:539} INFO - Filling up the DagBag from /home/airflow/.local/lib/python3.8/site-packages/airflow/example_dags/example_datasets.py
[2023-09-10T23:37:30.950+0000] {processor.py:839} INFO - DAG(s) dict_keys(['dataset_consumes_unknown_never_scheduled', 'dataset_produces_2', 'dataset_consumes_1', 'dataset_consumes_1_never_scheduled', 'dataset_produces_1', 'dataset_consumes_1_and_2']) retrieved from /home/airflow/.local/lib/python3.8/site-packages/airflow/example_dags/example_datasets.py
[2023-09-10T23:37:31.012+0000] {logging_mixin.py:151} INFO - [2023-09-10T23:37:31.012+0000] {dag.py:2915} INFO - Sync 6 DAGs
[2023-09-10T23:37:31.171+0000] {logging_mixin.py:151} INFO - [2023-09-10T23:37:31.171+0000] {dag.py:3696} INFO - Setting next_dagrun for dataset_consumes_1 to None, run_after=None
[2023-09-10T23:37:31.176+0000] {logging_mixin.py:151} INFO - [2023-09-10T23:37:31.175+0000] {dag.py:3696} INFO - Setting next_dagrun for dataset_consumes_1_and_2 to None, run_after=None
[2023-09-10T23:37:31.177+0000] {logging_mixin.py:151} INFO - [2023-09-10T23:37:31.177+0000] {dag.py:3696} INFO - Setting next_dagrun for dataset_consumes_1_never_scheduled to None, run_after=None
[2023-09-10T23:37:31.178+0000] {logging_mixin.py:151} INFO - [2023-09-10T23:37:31.178+0000] {dag.py:3696} INFO - Setting next_dagrun for dataset_consumes_unknown_never_scheduled to None, run_after=None
[2023-09-10T23:37:31.180+0000] {logging_mixin.py:151} INFO - [2023-09-10T23:37:31.180+0000] {dag.py:3696} INFO - Setting next_dagrun for dataset_produces_1 to 2023-09-09T00:00:00+00:00, run_after=2023-09-10T00:00:00+00:00
[2023-09-10T23:37:31.181+0000] {logging_mixin.py:151} INFO - [2023-09-10T23:37:31.181+0000] {dag.py:3696} INFO - Setting next_dagrun for dataset_produces_2 to None, run_after=None
[2023-09-10T23:37:31.216+0000] {processor.py:179} INFO - Processing /home/airflow/.local/lib/python3.8/site-packages/airflow/example_dags/example_datasets.py took 0.286 seconds
[2023-09-10T23:38:01.489+0000] {processor.py:157} INFO - Started process (PID=129) to work on /home/airflow/.local/lib/python3.8/site-packages/airflow/example_dags/example_datasets.py
[2023-09-10T23:38:01.491+0000] {processor.py:829} INFO - Processing file /home/airflow/.local/lib/python3.8/site-packages/airflow/example_dags/example_datasets.py for tasks to queue
[2023-09-10T23:38:01.492+0000] {logging_mixin.py:151} INFO - [2023-09-10T23:38:01.492+0000] {dagbag.py:539} INFO - Filling up the DagBag from /home/airflow/.local/lib/python3.8/site-packages/airflow/example_dags/example_datasets.py
[2023-09-10T23:38:01.500+0000] {processor.py:839} INFO - DAG(s) dict_keys(['dataset_produces_2', 'dataset_consumes_1_never_scheduled', 'dataset_consumes_1', 'dataset_produces_1', 'dataset_consumes_unknown_never_scheduled', 'dataset_consumes_1_and_2']) retrieved from /home/airflow/.local/lib/python3.8/site-packages/airflow/example_dags/example_datasets.py
[2023-09-10T23:38:01.536+0000] {logging_mixin.py:151} INFO - [2023-09-10T23:38:01.536+0000] {dag.py:2915} INFO - Sync 6 DAGs
[2023-09-10T23:38:01.560+0000] {logging_mixin.py:151} INFO - [2023-09-10T23:38:01.560+0000] {dag.py:3696} INFO - Setting next_dagrun for dataset_consumes_1 to None, run_after=None
[2023-09-10T23:38:01.564+0000] {logging_mixin.py:151} INFO - [2023-09-10T23:38:01.563+0000] {dag.py:3696} INFO - Setting next_dagrun for dataset_consumes_1_and_2 to None, run_after=None
[2023-09-10T23:38:01.565+0000] {logging_mixin.py:151} INFO - [2023-09-10T23:38:01.565+0000] {dag.py:3696} INFO - Setting next_dagrun for dataset_consumes_1_never_scheduled to None, run_after=None
[2023-09-10T23:38:01.566+0000] {logging_mixin.py:151} INFO - [2023-09-10T23:38:01.566+0000] {dag.py:3696} INFO - Setting next_dagrun for dataset_consumes_unknown_never_scheduled to None, run_after=None
[2023-09-10T23:38:01.568+0000] {logging_mixin.py:151} INFO - [2023-09-10T23:38:01.568+0000] {dag.py:3696} INFO - Setting next_dagrun for dataset_produces_1 to 2023-09-09T00:00:00+00:00, run_after=2023-09-10T00:00:00+00:00
[2023-09-10T23:38:01.570+0000] {logging_mixin.py:151} INFO - [2023-09-10T23:38:01.569+0000] {dag.py:3696} INFO - Setting next_dagrun for dataset_produces_2 to None, run_after=None
[2023-09-10T23:38:01.612+0000] {processor.py:179} INFO - Processing /home/airflow/.local/lib/python3.8/site-packages/airflow/example_dags/example_datasets.py took 0.127 seconds
[2023-09-10T23:38:31.648+0000] {processor.py:157} INFO - Started process (PID=183) to work on /home/airflow/.local/lib/python3.8/site-packages/airflow/example_dags/example_datasets.py
[2023-09-10T23:38:31.649+0000] {processor.py:829} INFO - Processing file /home/airflow/.local/lib/python3.8/site-packages/airflow/example_dags/example_datasets.py for tasks to queue
[2023-09-10T23:38:31.650+0000] {logging_mixin.py:151} INFO - [2023-09-10T23:38:31.650+0000] {dagbag.py:539} INFO - Filling up the DagBag from /home/airflow/.local/lib/python3.8/site-packages/airflow/example_dags/example_datasets.py
[2023-09-10T23:38:31.659+0000] {processor.py:839} INFO - DAG(s) dict_keys(['dataset_consumes_1_never_scheduled', 'dataset_consumes_1_and_2', 'dataset_produces_2', 'dataset_consumes_1', 'dataset_produces_1', 'dataset_consumes_unknown_never_scheduled']) retrieved from /home/airflow/.local/lib/python3.8/site-packages/airflow/example_dags/example_datasets.py
[2023-09-10T23:38:31.689+0000] {logging_mixin.py:151} INFO - [2023-09-10T23:38:31.689+0000] {dag.py:2915} INFO - Sync 6 DAGs
[2023-09-10T23:38:31.708+0000] {logging_mixin.py:151} INFO - [2023-09-10T23:38:31.708+0000] {dag.py:3696} INFO - Setting next_dagrun for dataset_consumes_1 to None, run_after=None
[2023-09-10T23:38:31.711+0000] {logging_mixin.py:151} INFO - [2023-09-10T23:38:31.710+0000] {dag.py:3696} INFO - Setting next_dagrun for dataset_consumes_1_and_2 to None, run_after=None
[2023-09-10T23:38:31.712+0000] {logging_mixin.py:151} INFO - [2023-09-10T23:38:31.711+0000] {dag.py:3696} INFO - Setting next_dagrun for dataset_consumes_1_never_scheduled to None, run_after=None
[2023-09-10T23:38:31.712+0000] {logging_mixin.py:151} INFO - [2023-09-10T23:38:31.712+0000] {dag.py:3696} INFO - Setting next_dagrun for dataset_consumes_unknown_never_scheduled to None, run_after=None
[2023-09-10T23:38:31.714+0000] {logging_mixin.py:151} INFO - [2023-09-10T23:38:31.714+0000] {dag.py:3696} INFO - Setting next_dagrun for dataset_produces_1 to 2023-09-09T00:00:00+00:00, run_after=2023-09-10T00:00:00+00:00
[2023-09-10T23:38:31.715+0000] {logging_mixin.py:151} INFO - [2023-09-10T23:38:31.715+0000] {dag.py:3696} INFO - Setting next_dagrun for dataset_produces_2 to None, run_after=None
[2023-09-10T23:38:31.755+0000] {processor.py:179} INFO - Processing /home/airflow/.local/lib/python3.8/site-packages/airflow/example_dags/example_datasets.py took 0.110 seconds
[2023-09-10T23:39:01.925+0000] {processor.py:157} INFO - Started process (PID=237) to work on /home/airflow/.local/lib/python3.8/site-packages/airflow/example_dags/example_datasets.py
[2023-09-10T23:39:01.926+0000] {processor.py:829} INFO - Processing file /home/airflow/.local/lib/python3.8/site-packages/airflow/example_dags/example_datasets.py for tasks to queue
[2023-09-10T23:39:01.928+0000] {logging_mixin.py:151} INFO - [2023-09-10T23:39:01.928+0000] {dagbag.py:539} INFO - Filling up the DagBag from /home/airflow/.local/lib/python3.8/site-packages/airflow/example_dags/example_datasets.py
[2023-09-10T23:39:01.937+0000] {processor.py:839} INFO - DAG(s) dict_keys(['dataset_produces_1', 'dataset_consumes_1_and_2', 'dataset_consumes_1_never_scheduled', 'dataset_consumes_unknown_never_scheduled', 'dataset_produces_2', 'dataset_consumes_1']) retrieved from /home/airflow/.local/lib/python3.8/site-packages/airflow/example_dags/example_datasets.py
[2023-09-10T23:39:01.971+0000] {logging_mixin.py:151} INFO - [2023-09-10T23:39:01.971+0000] {dag.py:2915} INFO - Sync 6 DAGs
[2023-09-10T23:39:01.992+0000] {logging_mixin.py:151} INFO - [2023-09-10T23:39:01.992+0000] {dag.py:3696} INFO - Setting next_dagrun for dataset_consumes_1 to None, run_after=None
[2023-09-10T23:39:01.995+0000] {logging_mixin.py:151} INFO - [2023-09-10T23:39:01.995+0000] {dag.py:3696} INFO - Setting next_dagrun for dataset_consumes_1_and_2 to None, run_after=None
[2023-09-10T23:39:01.997+0000] {logging_mixin.py:151} INFO - [2023-09-10T23:39:01.997+0000] {dag.py:3696} INFO - Setting next_dagrun for dataset_consumes_1_never_scheduled to None, run_after=None
[2023-09-10T23:39:01.998+0000] {logging_mixin.py:151} INFO - [2023-09-10T23:39:01.998+0000] {dag.py:3696} INFO - Setting next_dagrun for dataset_consumes_unknown_never_scheduled to None, run_after=None
[2023-09-10T23:39:02.002+0000] {logging_mixin.py:151} INFO - [2023-09-10T23:39:02.001+0000] {dag.py:3696} INFO - Setting next_dagrun for dataset_produces_1 to 2023-09-09T00:00:00+00:00, run_after=2023-09-10T00:00:00+00:00
[2023-09-10T23:39:02.004+0000] {logging_mixin.py:151} INFO - [2023-09-10T23:39:02.003+0000] {dag.py:3696} INFO - Setting next_dagrun for dataset_produces_2 to None, run_after=None
[2023-09-10T23:39:02.046+0000] {processor.py:179} INFO - Processing /home/airflow/.local/lib/python3.8/site-packages/airflow/example_dags/example_datasets.py took 0.123 seconds
[2023-09-10T23:39:32.250+0000] {processor.py:157} INFO - Started process (PID=291) to work on /home/airflow/.local/lib/python3.8/site-packages/airflow/example_dags/example_datasets.py
[2023-09-10T23:39:32.253+0000] {processor.py:829} INFO - Processing file /home/airflow/.local/lib/python3.8/site-packages/airflow/example_dags/example_datasets.py for tasks to queue
[2023-09-10T23:39:32.255+0000] {logging_mixin.py:151} INFO - [2023-09-10T23:39:32.255+0000] {dagbag.py:539} INFO - Filling up the DagBag from /home/airflow/.local/lib/python3.8/site-packages/airflow/example_dags/example_datasets.py
[2023-09-10T23:39:32.262+0000] {processor.py:839} INFO - DAG(s) dict_keys(['dataset_consumes_1', 'dataset_produces_1', 'dataset_consumes_unknown_never_scheduled', 'dataset_consumes_1_never_scheduled', 'dataset_consumes_1_and_2', 'dataset_produces_2']) retrieved from /home/airflow/.local/lib/python3.8/site-packages/airflow/example_dags/example_datasets.py
[2023-09-10T23:39:32.309+0000] {logging_mixin.py:151} INFO - [2023-09-10T23:39:32.309+0000] {dag.py:2915} INFO - Sync 6 DAGs
[2023-09-10T23:39:32.331+0000] {logging_mixin.py:151} INFO - [2023-09-10T23:39:32.331+0000] {dag.py:3696} INFO - Setting next_dagrun for dataset_consumes_1 to None, run_after=None
[2023-09-10T23:39:32.338+0000] {logging_mixin.py:151} INFO - [2023-09-10T23:39:32.337+0000] {dag.py:3696} INFO - Setting next_dagrun for dataset_consumes_1_and_2 to None, run_after=None
[2023-09-10T23:39:32.339+0000] {logging_mixin.py:151} INFO - [2023-09-10T23:39:32.339+0000] {dag.py:3696} INFO - Setting next_dagrun for dataset_consumes_1_never_scheduled to None, run_after=None
[2023-09-10T23:39:32.341+0000] {logging_mixin.py:151} INFO - [2023-09-10T23:39:32.341+0000] {dag.py:3696} INFO - Setting next_dagrun for dataset_consumes_unknown_never_scheduled to None, run_after=None
[2023-09-10T23:39:32.343+0000] {logging_mixin.py:151} INFO - [2023-09-10T23:39:32.343+0000] {dag.py:3696} INFO - Setting next_dagrun for dataset_produces_1 to 2023-09-09T00:00:00+00:00, run_after=2023-09-10T00:00:00+00:00
[2023-09-10T23:39:32.344+0000] {logging_mixin.py:151} INFO - [2023-09-10T23:39:32.344+0000] {dag.py:3696} INFO - Setting next_dagrun for dataset_produces_2 to None, run_after=None
[2023-09-10T23:39:32.383+0000] {processor.py:179} INFO - Processing /home/airflow/.local/lib/python3.8/site-packages/airflow/example_dags/example_datasets.py took 0.136 seconds
[2023-09-10T23:40:02.576+0000] {processor.py:157} INFO - Started process (PID=345) to work on /home/airflow/.local/lib/python3.8/site-packages/airflow/example_dags/example_datasets.py
[2023-09-10T23:40:02.577+0000] {processor.py:829} INFO - Processing file /home/airflow/.local/lib/python3.8/site-packages/airflow/example_dags/example_datasets.py for tasks to queue
[2023-09-10T23:40:02.579+0000] {logging_mixin.py:151} INFO - [2023-09-10T23:40:02.579+0000] {dagbag.py:539} INFO - Filling up the DagBag from /home/airflow/.local/lib/python3.8/site-packages/airflow/example_dags/example_datasets.py
[2023-09-10T23:40:02.590+0000] {processor.py:839} INFO - DAG(s) dict_keys(['dataset_consumes_unknown_never_scheduled', 'dataset_produces_1', 'dataset_produces_2', 'dataset_consumes_1_and_2', 'dataset_consumes_1', 'dataset_consumes_1_never_scheduled']) retrieved from /home/airflow/.local/lib/python3.8/site-packages/airflow/example_dags/example_datasets.py
[2023-09-10T23:40:02.625+0000] {logging_mixin.py:151} INFO - [2023-09-10T23:40:02.625+0000] {dag.py:2915} INFO - Sync 6 DAGs
[2023-09-10T23:40:02.645+0000] {logging_mixin.py:151} INFO - [2023-09-10T23:40:02.645+0000] {dag.py:3696} INFO - Setting next_dagrun for dataset_consumes_1 to None, run_after=None
[2023-09-10T23:40:02.649+0000] {logging_mixin.py:151} INFO - [2023-09-10T23:40:02.649+0000] {dag.py:3696} INFO - Setting next_dagrun for dataset_consumes_1_and_2 to None, run_after=None
[2023-09-10T23:40:02.651+0000] {logging_mixin.py:151} INFO - [2023-09-10T23:40:02.651+0000] {dag.py:3696} INFO - Setting next_dagrun for dataset_consumes_1_never_scheduled to None, run_after=None
[2023-09-10T23:40:02.653+0000] {logging_mixin.py:151} INFO - [2023-09-10T23:40:02.652+0000] {dag.py:3696} INFO - Setting next_dagrun for dataset_consumes_unknown_never_scheduled to None, run_after=None
[2023-09-10T23:40:02.656+0000] {logging_mixin.py:151} INFO - [2023-09-10T23:40:02.656+0000] {dag.py:3696} INFO - Setting next_dagrun for dataset_produces_1 to 2023-09-09T00:00:00+00:00, run_after=2023-09-10T00:00:00+00:00
[2023-09-10T23:40:02.659+0000] {logging_mixin.py:151} INFO - [2023-09-10T23:40:02.659+0000] {dag.py:3696} INFO - Setting next_dagrun for dataset_produces_2 to None, run_after=None
[2023-09-10T23:40:02.711+0000] {processor.py:179} INFO - Processing /home/airflow/.local/lib/python3.8/site-packages/airflow/example_dags/example_datasets.py took 0.137 seconds
