[2023-09-10T23:37:36.144+0000] {processor.py:157} INFO - Started process (PID=105) to work on /home/airflow/.local/lib/python3.8/site-packages/airflow/example_dags/example_latest_only.py
[2023-09-10T23:37:36.144+0000] {processor.py:829} INFO - Processing file /home/airflow/.local/lib/python3.8/site-packages/airflow/example_dags/example_latest_only.py for tasks to queue
[2023-09-10T23:37:36.146+0000] {logging_mixin.py:151} INFO - [2023-09-10T23:37:36.146+0000] {dagbag.py:539} INFO - Filling up the DagBag from /home/airflow/.local/lib/python3.8/site-packages/airflow/example_dags/example_latest_only.py
[2023-09-10T23:37:36.151+0000] {processor.py:839} INFO - DAG(s) dict_keys(['latest_only']) retrieved from /home/airflow/.local/lib/python3.8/site-packages/airflow/example_dags/example_latest_only.py
[2023-09-10T23:37:36.176+0000] {logging_mixin.py:151} INFO - [2023-09-10T23:37:36.176+0000] {dag.py:2915} INFO - Sync 1 DAGs
[2023-09-10T23:37:36.313+0000] {logging_mixin.py:151} INFO - [2023-09-10T23:37:36.312+0000] {dag.py:3696} INFO - Setting next_dagrun for latest_only to 2023-09-10T19:37:36.312696+00:00, run_after=2023-09-10T23:37:36.312696+00:00
[2023-09-10T23:37:36.332+0000] {processor.py:179} INFO - Processing /home/airflow/.local/lib/python3.8/site-packages/airflow/example_dags/example_latest_only.py took 0.192 seconds
[2023-09-10T23:38:06.552+0000] {processor.py:157} INFO - Started process (PID=159) to work on /home/airflow/.local/lib/python3.8/site-packages/airflow/example_dags/example_latest_only.py
[2023-09-10T23:38:06.554+0000] {processor.py:829} INFO - Processing file /home/airflow/.local/lib/python3.8/site-packages/airflow/example_dags/example_latest_only.py for tasks to queue
[2023-09-10T23:38:06.558+0000] {logging_mixin.py:151} INFO - [2023-09-10T23:38:06.557+0000] {dagbag.py:539} INFO - Filling up the DagBag from /home/airflow/.local/lib/python3.8/site-packages/airflow/example_dags/example_latest_only.py
[2023-09-10T23:38:06.562+0000] {processor.py:839} INFO - DAG(s) dict_keys(['latest_only']) retrieved from /home/airflow/.local/lib/python3.8/site-packages/airflow/example_dags/example_latest_only.py
[2023-09-10T23:38:06.584+0000] {logging_mixin.py:151} INFO - [2023-09-10T23:38:06.583+0000] {dag.py:2915} INFO - Sync 1 DAGs
[2023-09-10T23:38:06.609+0000] {logging_mixin.py:151} INFO - [2023-09-10T23:38:06.609+0000] {dag.py:3696} INFO - Setting next_dagrun for latest_only to 2023-09-10T19:38:06.609038+00:00, run_after=2023-09-10T23:38:06.609038+00:00
[2023-09-10T23:38:06.632+0000] {processor.py:179} INFO - Processing /home/airflow/.local/lib/python3.8/site-packages/airflow/example_dags/example_latest_only.py took 0.082 seconds
[2023-09-10T23:38:37.967+0000] {processor.py:157} INFO - Started process (PID=213) to work on /home/airflow/.local/lib/python3.8/site-packages/airflow/example_dags/example_latest_only.py
[2023-09-10T23:38:37.969+0000] {processor.py:829} INFO - Processing file /home/airflow/.local/lib/python3.8/site-packages/airflow/example_dags/example_latest_only.py for tasks to queue
[2023-09-10T23:38:37.972+0000] {logging_mixin.py:151} INFO - [2023-09-10T23:38:37.972+0000] {dagbag.py:539} INFO - Filling up the DagBag from /home/airflow/.local/lib/python3.8/site-packages/airflow/example_dags/example_latest_only.py
[2023-09-10T23:38:37.979+0000] {processor.py:839} INFO - DAG(s) dict_keys(['latest_only']) retrieved from /home/airflow/.local/lib/python3.8/site-packages/airflow/example_dags/example_latest_only.py
[2023-09-10T23:38:38.005+0000] {logging_mixin.py:151} INFO - [2023-09-10T23:38:38.005+0000] {dag.py:2915} INFO - Sync 1 DAGs
[2023-09-10T23:38:38.029+0000] {logging_mixin.py:151} INFO - [2023-09-10T23:38:38.029+0000] {dag.py:3696} INFO - Setting next_dagrun for latest_only to 2023-09-10T19:38:38.029253+00:00, run_after=2023-09-10T23:38:38.029253+00:00
[2023-09-10T23:38:38.054+0000] {processor.py:179} INFO - Processing /home/airflow/.local/lib/python3.8/site-packages/airflow/example_dags/example_latest_only.py took 0.089 seconds
[2023-09-10T23:39:08.182+0000] {processor.py:157} INFO - Started process (PID=267) to work on /home/airflow/.local/lib/python3.8/site-packages/airflow/example_dags/example_latest_only.py
[2023-09-10T23:39:08.183+0000] {processor.py:829} INFO - Processing file /home/airflow/.local/lib/python3.8/site-packages/airflow/example_dags/example_latest_only.py for tasks to queue
[2023-09-10T23:39:08.186+0000] {logging_mixin.py:151} INFO - [2023-09-10T23:39:08.186+0000] {dagbag.py:539} INFO - Filling up the DagBag from /home/airflow/.local/lib/python3.8/site-packages/airflow/example_dags/example_latest_only.py
[2023-09-10T23:39:08.191+0000] {processor.py:839} INFO - DAG(s) dict_keys(['latest_only']) retrieved from /home/airflow/.local/lib/python3.8/site-packages/airflow/example_dags/example_latest_only.py
[2023-09-10T23:39:08.213+0000] {logging_mixin.py:151} INFO - [2023-09-10T23:39:08.213+0000] {dag.py:2915} INFO - Sync 1 DAGs
[2023-09-10T23:39:08.239+0000] {logging_mixin.py:151} INFO - [2023-09-10T23:39:08.238+0000] {dag.py:3696} INFO - Setting next_dagrun for latest_only to 2023-09-10T19:39:08.238433+00:00, run_after=2023-09-10T23:39:08.238433+00:00
[2023-09-10T23:39:08.261+0000] {processor.py:179} INFO - Processing /home/airflow/.local/lib/python3.8/site-packages/airflow/example_dags/example_latest_only.py took 0.083 seconds
[2023-09-10T23:39:38.473+0000] {processor.py:157} INFO - Started process (PID=321) to work on /home/airflow/.local/lib/python3.8/site-packages/airflow/example_dags/example_latest_only.py
[2023-09-10T23:39:38.474+0000] {processor.py:829} INFO - Processing file /home/airflow/.local/lib/python3.8/site-packages/airflow/example_dags/example_latest_only.py for tasks to queue
[2023-09-10T23:39:38.476+0000] {logging_mixin.py:151} INFO - [2023-09-10T23:39:38.475+0000] {dagbag.py:539} INFO - Filling up the DagBag from /home/airflow/.local/lib/python3.8/site-packages/airflow/example_dags/example_latest_only.py
[2023-09-10T23:39:38.480+0000] {processor.py:839} INFO - DAG(s) dict_keys(['latest_only']) retrieved from /home/airflow/.local/lib/python3.8/site-packages/airflow/example_dags/example_latest_only.py
[2023-09-10T23:39:38.506+0000] {logging_mixin.py:151} INFO - [2023-09-10T23:39:38.506+0000] {dag.py:2915} INFO - Sync 1 DAGs
[2023-09-10T23:39:38.534+0000] {logging_mixin.py:151} INFO - [2023-09-10T23:39:38.533+0000] {dag.py:3696} INFO - Setting next_dagrun for latest_only to 2023-09-10T19:39:38.533306+00:00, run_after=2023-09-10T23:39:38.533306+00:00
[2023-09-10T23:39:38.557+0000] {processor.py:179} INFO - Processing /home/airflow/.local/lib/python3.8/site-packages/airflow/example_dags/example_latest_only.py took 0.087 seconds
[2023-09-10T23:40:09.712+0000] {processor.py:157} INFO - Started process (PID=375) to work on /home/airflow/.local/lib/python3.8/site-packages/airflow/example_dags/example_latest_only.py
[2023-09-10T23:40:09.713+0000] {processor.py:829} INFO - Processing file /home/airflow/.local/lib/python3.8/site-packages/airflow/example_dags/example_latest_only.py for tasks to queue
[2023-09-10T23:40:09.716+0000] {logging_mixin.py:151} INFO - [2023-09-10T23:40:09.716+0000] {dagbag.py:539} INFO - Filling up the DagBag from /home/airflow/.local/lib/python3.8/site-packages/airflow/example_dags/example_latest_only.py
[2023-09-10T23:40:09.721+0000] {processor.py:839} INFO - DAG(s) dict_keys(['latest_only']) retrieved from /home/airflow/.local/lib/python3.8/site-packages/airflow/example_dags/example_latest_only.py
[2023-09-10T23:40:09.742+0000] {logging_mixin.py:151} INFO - [2023-09-10T23:40:09.742+0000] {dag.py:2915} INFO - Sync 1 DAGs
[2023-09-10T23:40:09.766+0000] {logging_mixin.py:151} INFO - [2023-09-10T23:40:09.765+0000] {dag.py:3696} INFO - Setting next_dagrun for latest_only to 2023-09-10T19:40:09.765542+00:00, run_after=2023-09-10T23:40:09.765542+00:00
[2023-09-10T23:40:09.787+0000] {processor.py:179} INFO - Processing /home/airflow/.local/lib/python3.8/site-packages/airflow/example_dags/example_latest_only.py took 0.078 seconds
