[2023-09-10T23:37:31.545+0000] {processor.py:157} INFO - Started process (PID=80) to work on /home/airflow/.local/lib/python3.8/site-packages/airflow/example_dags/example_setup_teardown.py
[2023-09-10T23:37:31.547+0000] {processor.py:829} INFO - Processing file /home/airflow/.local/lib/python3.8/site-packages/airflow/example_dags/example_setup_teardown.py for tasks to queue
[2023-09-10T23:37:31.550+0000] {logging_mixin.py:151} INFO - [2023-09-10T23:37:31.550+0000] {dagbag.py:539} INFO - Filling up the DagBag from /home/airflow/.local/lib/python3.8/site-packages/airflow/example_dags/example_setup_teardown.py
[2023-09-10T23:37:31.562+0000] {processor.py:839} INFO - DAG(s) dict_keys(['example_setup_teardown']) retrieved from /home/airflow/.local/lib/python3.8/site-packages/airflow/example_dags/example_setup_teardown.py
[2023-09-10T23:37:31.592+0000] {logging_mixin.py:151} INFO - [2023-09-10T23:37:31.592+0000] {dag.py:2915} INFO - Sync 1 DAGs
[2023-09-10T23:37:31.747+0000] {logging_mixin.py:151} INFO - [2023-09-10T23:37:31.747+0000] {dag.py:3696} INFO - Setting next_dagrun for example_setup_teardown to 2023-09-09T23:37:31.747177+00:00, run_after=2023-09-10T23:37:31.747177+00:00
[2023-09-10T23:37:31.774+0000] {processor.py:179} INFO - Processing /home/airflow/.local/lib/python3.8/site-packages/airflow/example_dags/example_setup_teardown.py took 0.232 seconds
[2023-09-10T23:38:01.853+0000] {processor.py:157} INFO - Started process (PID=134) to work on /home/airflow/.local/lib/python3.8/site-packages/airflow/example_dags/example_setup_teardown.py
[2023-09-10T23:38:01.855+0000] {processor.py:829} INFO - Processing file /home/airflow/.local/lib/python3.8/site-packages/airflow/example_dags/example_setup_teardown.py for tasks to queue
[2023-09-10T23:38:01.858+0000] {logging_mixin.py:151} INFO - [2023-09-10T23:38:01.858+0000] {dagbag.py:539} INFO - Filling up the DagBag from /home/airflow/.local/lib/python3.8/site-packages/airflow/example_dags/example_setup_teardown.py
[2023-09-10T23:38:01.863+0000] {processor.py:839} INFO - DAG(s) dict_keys(['example_setup_teardown']) retrieved from /home/airflow/.local/lib/python3.8/site-packages/airflow/example_dags/example_setup_teardown.py
[2023-09-10T23:38:01.884+0000] {logging_mixin.py:151} INFO - [2023-09-10T23:38:01.884+0000] {dag.py:2915} INFO - Sync 1 DAGs
[2023-09-10T23:38:01.907+0000] {logging_mixin.py:151} INFO - [2023-09-10T23:38:01.906+0000] {dag.py:3696} INFO - Setting next_dagrun for example_setup_teardown to 2023-09-09T23:38:01.906383+00:00, run_after=2023-09-10T23:38:01.906383+00:00
[2023-09-10T23:38:01.943+0000] {processor.py:179} INFO - Processing /home/airflow/.local/lib/python3.8/site-packages/airflow/example_dags/example_setup_teardown.py took 0.092 seconds
[2023-09-10T23:38:32.895+0000] {processor.py:157} INFO - Started process (PID=188) to work on /home/airflow/.local/lib/python3.8/site-packages/airflow/example_dags/example_setup_teardown.py
[2023-09-10T23:38:32.896+0000] {processor.py:829} INFO - Processing file /home/airflow/.local/lib/python3.8/site-packages/airflow/example_dags/example_setup_teardown.py for tasks to queue
[2023-09-10T23:38:32.898+0000] {logging_mixin.py:151} INFO - [2023-09-10T23:38:32.898+0000] {dagbag.py:539} INFO - Filling up the DagBag from /home/airflow/.local/lib/python3.8/site-packages/airflow/example_dags/example_setup_teardown.py
[2023-09-10T23:38:32.904+0000] {processor.py:839} INFO - DAG(s) dict_keys(['example_setup_teardown']) retrieved from /home/airflow/.local/lib/python3.8/site-packages/airflow/example_dags/example_setup_teardown.py
[2023-09-10T23:38:32.925+0000] {logging_mixin.py:151} INFO - [2023-09-10T23:38:32.925+0000] {dag.py:2915} INFO - Sync 1 DAGs
[2023-09-10T23:38:32.945+0000] {logging_mixin.py:151} INFO - [2023-09-10T23:38:32.945+0000] {dag.py:3696} INFO - Setting next_dagrun for example_setup_teardown to 2023-09-09T23:38:32.945257+00:00, run_after=2023-09-10T23:38:32.945257+00:00
[2023-09-10T23:38:32.967+0000] {processor.py:179} INFO - Processing /home/airflow/.local/lib/python3.8/site-packages/airflow/example_dags/example_setup_teardown.py took 0.074 seconds
[2023-09-10T23:39:03.190+0000] {processor.py:157} INFO - Started process (PID=242) to work on /home/airflow/.local/lib/python3.8/site-packages/airflow/example_dags/example_setup_teardown.py
[2023-09-10T23:39:03.191+0000] {processor.py:829} INFO - Processing file /home/airflow/.local/lib/python3.8/site-packages/airflow/example_dags/example_setup_teardown.py for tasks to queue
[2023-09-10T23:39:03.193+0000] {logging_mixin.py:151} INFO - [2023-09-10T23:39:03.192+0000] {dagbag.py:539} INFO - Filling up the DagBag from /home/airflow/.local/lib/python3.8/site-packages/airflow/example_dags/example_setup_teardown.py
[2023-09-10T23:39:03.198+0000] {processor.py:839} INFO - DAG(s) dict_keys(['example_setup_teardown']) retrieved from /home/airflow/.local/lib/python3.8/site-packages/airflow/example_dags/example_setup_teardown.py
[2023-09-10T23:39:03.219+0000] {logging_mixin.py:151} INFO - [2023-09-10T23:39:03.219+0000] {dag.py:2915} INFO - Sync 1 DAGs
[2023-09-10T23:39:03.239+0000] {logging_mixin.py:151} INFO - [2023-09-10T23:39:03.239+0000] {dag.py:3696} INFO - Setting next_dagrun for example_setup_teardown to 2023-09-09T23:39:03.239552+00:00, run_after=2023-09-10T23:39:03.239552+00:00
[2023-09-10T23:39:03.261+0000] {processor.py:179} INFO - Processing /home/airflow/.local/lib/python3.8/site-packages/airflow/example_dags/example_setup_teardown.py took 0.074 seconds
[2023-09-10T23:39:33.543+0000] {processor.py:157} INFO - Started process (PID=296) to work on /home/airflow/.local/lib/python3.8/site-packages/airflow/example_dags/example_setup_teardown.py
[2023-09-10T23:39:33.544+0000] {processor.py:829} INFO - Processing file /home/airflow/.local/lib/python3.8/site-packages/airflow/example_dags/example_setup_teardown.py for tasks to queue
[2023-09-10T23:39:33.546+0000] {logging_mixin.py:151} INFO - [2023-09-10T23:39:33.545+0000] {dagbag.py:539} INFO - Filling up the DagBag from /home/airflow/.local/lib/python3.8/site-packages/airflow/example_dags/example_setup_teardown.py
[2023-09-10T23:39:33.553+0000] {processor.py:839} INFO - DAG(s) dict_keys(['example_setup_teardown']) retrieved from /home/airflow/.local/lib/python3.8/site-packages/airflow/example_dags/example_setup_teardown.py
[2023-09-10T23:39:33.574+0000] {logging_mixin.py:151} INFO - [2023-09-10T23:39:33.574+0000] {dag.py:2915} INFO - Sync 1 DAGs
[2023-09-10T23:39:33.594+0000] {logging_mixin.py:151} INFO - [2023-09-10T23:39:33.594+0000] {dag.py:3696} INFO - Setting next_dagrun for example_setup_teardown to 2023-09-09T23:39:33.594093+00:00, run_after=2023-09-10T23:39:33.594093+00:00
[2023-09-10T23:39:33.618+0000] {processor.py:179} INFO - Processing /home/airflow/.local/lib/python3.8/site-packages/airflow/example_dags/example_setup_teardown.py took 0.078 seconds
[2023-09-10T23:40:03.806+0000] {processor.py:157} INFO - Started process (PID=350) to work on /home/airflow/.local/lib/python3.8/site-packages/airflow/example_dags/example_setup_teardown.py
[2023-09-10T23:40:03.808+0000] {processor.py:829} INFO - Processing file /home/airflow/.local/lib/python3.8/site-packages/airflow/example_dags/example_setup_teardown.py for tasks to queue
[2023-09-10T23:40:03.810+0000] {logging_mixin.py:151} INFO - [2023-09-10T23:40:03.809+0000] {dagbag.py:539} INFO - Filling up the DagBag from /home/airflow/.local/lib/python3.8/site-packages/airflow/example_dags/example_setup_teardown.py
[2023-09-10T23:40:03.818+0000] {processor.py:839} INFO - DAG(s) dict_keys(['example_setup_teardown']) retrieved from /home/airflow/.local/lib/python3.8/site-packages/airflow/example_dags/example_setup_teardown.py
[2023-09-10T23:40:03.839+0000] {logging_mixin.py:151} INFO - [2023-09-10T23:40:03.839+0000] {dag.py:2915} INFO - Sync 1 DAGs
[2023-09-10T23:40:03.861+0000] {logging_mixin.py:151} INFO - [2023-09-10T23:40:03.861+0000] {dag.py:3696} INFO - Setting next_dagrun for example_setup_teardown to 2023-09-09T23:40:03.861094+00:00, run_after=2023-09-10T23:40:03.861094+00:00
[2023-09-10T23:40:03.886+0000] {processor.py:179} INFO - Processing /home/airflow/.local/lib/python3.8/site-packages/airflow/example_dags/example_setup_teardown.py took 0.083 seconds
