[2023-09-10T23:37:36.587+0000] {processor.py:157} INFO - Started process (PID=109) to work on /home/airflow/.local/lib/python3.8/site-packages/airflow/example_dags/example_latest_only_with_trigger.py
[2023-09-10T23:37:36.588+0000] {processor.py:829} INFO - Processing file /home/airflow/.local/lib/python3.8/site-packages/airflow/example_dags/example_latest_only_with_trigger.py for tasks to queue
[2023-09-10T23:37:36.591+0000] {logging_mixin.py:151} INFO - [2023-09-10T23:37:36.591+0000] {dagbag.py:539} INFO - Filling up the DagBag from /home/airflow/.local/lib/python3.8/site-packages/airflow/example_dags/example_latest_only_with_trigger.py
[2023-09-10T23:37:36.597+0000] {processor.py:839} INFO - DAG(s) dict_keys(['latest_only_with_trigger']) retrieved from /home/airflow/.local/lib/python3.8/site-packages/airflow/example_dags/example_latest_only_with_trigger.py
[2023-09-10T23:37:36.756+0000] {logging_mixin.py:151} INFO - [2023-09-10T23:37:36.756+0000] {dag.py:2915} INFO - Sync 1 DAGs
[2023-09-10T23:37:36.776+0000] {logging_mixin.py:151} INFO - [2023-09-10T23:37:36.776+0000] {dag.py:3696} INFO - Setting next_dagrun for latest_only_with_trigger to 2023-09-10T19:37:36.776519+00:00, run_after=2023-09-10T23:37:36.776519+00:00
[2023-09-10T23:37:36.798+0000] {processor.py:179} INFO - Processing /home/airflow/.local/lib/python3.8/site-packages/airflow/example_dags/example_latest_only_with_trigger.py took 0.214 seconds
[2023-09-10T23:38:07.770+0000] {processor.py:157} INFO - Started process (PID=163) to work on /home/airflow/.local/lib/python3.8/site-packages/airflow/example_dags/example_latest_only_with_trigger.py
[2023-09-10T23:38:07.775+0000] {processor.py:829} INFO - Processing file /home/airflow/.local/lib/python3.8/site-packages/airflow/example_dags/example_latest_only_with_trigger.py for tasks to queue
[2023-09-10T23:38:07.778+0000] {logging_mixin.py:151} INFO - [2023-09-10T23:38:07.778+0000] {dagbag.py:539} INFO - Filling up the DagBag from /home/airflow/.local/lib/python3.8/site-packages/airflow/example_dags/example_latest_only_with_trigger.py
[2023-09-10T23:38:07.786+0000] {processor.py:839} INFO - DAG(s) dict_keys(['latest_only_with_trigger']) retrieved from /home/airflow/.local/lib/python3.8/site-packages/airflow/example_dags/example_latest_only_with_trigger.py
[2023-09-10T23:38:07.825+0000] {logging_mixin.py:151} INFO - [2023-09-10T23:38:07.825+0000] {dag.py:2915} INFO - Sync 1 DAGs
[2023-09-10T23:38:07.848+0000] {logging_mixin.py:151} INFO - [2023-09-10T23:38:07.848+0000] {dag.py:3696} INFO - Setting next_dagrun for latest_only_with_trigger to 2023-09-10T19:38:07.848127+00:00, run_after=2023-09-10T23:38:07.848127+00:00
[2023-09-10T23:38:07.876+0000] {processor.py:179} INFO - Processing /home/airflow/.local/lib/python3.8/site-packages/airflow/example_dags/example_latest_only_with_trigger.py took 0.113 seconds
[2023-09-10T23:38:38.189+0000] {processor.py:157} INFO - Started process (PID=217) to work on /home/airflow/.local/lib/python3.8/site-packages/airflow/example_dags/example_latest_only_with_trigger.py
[2023-09-10T23:38:38.190+0000] {processor.py:829} INFO - Processing file /home/airflow/.local/lib/python3.8/site-packages/airflow/example_dags/example_latest_only_with_trigger.py for tasks to queue
[2023-09-10T23:38:38.193+0000] {logging_mixin.py:151} INFO - [2023-09-10T23:38:38.192+0000] {dagbag.py:539} INFO - Filling up the DagBag from /home/airflow/.local/lib/python3.8/site-packages/airflow/example_dags/example_latest_only_with_trigger.py
[2023-09-10T23:38:38.199+0000] {processor.py:839} INFO - DAG(s) dict_keys(['latest_only_with_trigger']) retrieved from /home/airflow/.local/lib/python3.8/site-packages/airflow/example_dags/example_latest_only_with_trigger.py
[2023-09-10T23:38:38.228+0000] {logging_mixin.py:151} INFO - [2023-09-10T23:38:38.228+0000] {dag.py:2915} INFO - Sync 1 DAGs
[2023-09-10T23:38:38.256+0000] {logging_mixin.py:151} INFO - [2023-09-10T23:38:38.256+0000] {dag.py:3696} INFO - Setting next_dagrun for latest_only_with_trigger to 2023-09-10T19:38:38.255948+00:00, run_after=2023-09-10T23:38:38.255948+00:00
[2023-09-10T23:38:38.279+0000] {processor.py:179} INFO - Processing /home/airflow/.local/lib/python3.8/site-packages/airflow/example_dags/example_latest_only_with_trigger.py took 0.096 seconds
[2023-09-10T23:39:08.484+0000] {processor.py:157} INFO - Started process (PID=271) to work on /home/airflow/.local/lib/python3.8/site-packages/airflow/example_dags/example_latest_only_with_trigger.py
[2023-09-10T23:39:08.486+0000] {processor.py:829} INFO - Processing file /home/airflow/.local/lib/python3.8/site-packages/airflow/example_dags/example_latest_only_with_trigger.py for tasks to queue
[2023-09-10T23:39:08.488+0000] {logging_mixin.py:151} INFO - [2023-09-10T23:39:08.488+0000] {dagbag.py:539} INFO - Filling up the DagBag from /home/airflow/.local/lib/python3.8/site-packages/airflow/example_dags/example_latest_only_with_trigger.py
[2023-09-10T23:39:08.495+0000] {processor.py:839} INFO - DAG(s) dict_keys(['latest_only_with_trigger']) retrieved from /home/airflow/.local/lib/python3.8/site-packages/airflow/example_dags/example_latest_only_with_trigger.py
[2023-09-10T23:39:08.517+0000] {logging_mixin.py:151} INFO - [2023-09-10T23:39:08.517+0000] {dag.py:2915} INFO - Sync 1 DAGs
[2023-09-10T23:39:08.541+0000] {logging_mixin.py:151} INFO - [2023-09-10T23:39:08.541+0000] {dag.py:3696} INFO - Setting next_dagrun for latest_only_with_trigger to 2023-09-10T19:39:08.540775+00:00, run_after=2023-09-10T23:39:08.540775+00:00
[2023-09-10T23:39:08.566+0000] {processor.py:179} INFO - Processing /home/airflow/.local/lib/python3.8/site-packages/airflow/example_dags/example_latest_only_with_trigger.py took 0.085 seconds
[2023-09-10T23:39:38.780+0000] {processor.py:157} INFO - Started process (PID=327) to work on /home/airflow/.local/lib/python3.8/site-packages/airflow/example_dags/example_latest_only_with_trigger.py
[2023-09-10T23:39:38.781+0000] {processor.py:829} INFO - Processing file /home/airflow/.local/lib/python3.8/site-packages/airflow/example_dags/example_latest_only_with_trigger.py for tasks to queue
[2023-09-10T23:39:38.784+0000] {logging_mixin.py:151} INFO - [2023-09-10T23:39:38.784+0000] {dagbag.py:539} INFO - Filling up the DagBag from /home/airflow/.local/lib/python3.8/site-packages/airflow/example_dags/example_latest_only_with_trigger.py
[2023-09-10T23:39:38.790+0000] {processor.py:839} INFO - DAG(s) dict_keys(['latest_only_with_trigger']) retrieved from /home/airflow/.local/lib/python3.8/site-packages/airflow/example_dags/example_latest_only_with_trigger.py
[2023-09-10T23:39:38.813+0000] {logging_mixin.py:151} INFO - [2023-09-10T23:39:38.813+0000] {dag.py:2915} INFO - Sync 1 DAGs
[2023-09-10T23:39:38.837+0000] {logging_mixin.py:151} INFO - [2023-09-10T23:39:38.837+0000] {dag.py:3696} INFO - Setting next_dagrun for latest_only_with_trigger to 2023-09-10T19:39:38.837073+00:00, run_after=2023-09-10T23:39:38.837073+00:00
[2023-09-10T23:39:38.858+0000] {processor.py:179} INFO - Processing /home/airflow/.local/lib/python3.8/site-packages/airflow/example_dags/example_latest_only_with_trigger.py took 0.082 seconds
[2023-09-10T23:40:09.895+0000] {processor.py:157} INFO - Started process (PID=379) to work on /home/airflow/.local/lib/python3.8/site-packages/airflow/example_dags/example_latest_only_with_trigger.py
[2023-09-10T23:40:09.896+0000] {processor.py:829} INFO - Processing file /home/airflow/.local/lib/python3.8/site-packages/airflow/example_dags/example_latest_only_with_trigger.py for tasks to queue
[2023-09-10T23:40:09.899+0000] {logging_mixin.py:151} INFO - [2023-09-10T23:40:09.899+0000] {dagbag.py:539} INFO - Filling up the DagBag from /home/airflow/.local/lib/python3.8/site-packages/airflow/example_dags/example_latest_only_with_trigger.py
[2023-09-10T23:40:09.906+0000] {processor.py:839} INFO - DAG(s) dict_keys(['latest_only_with_trigger']) retrieved from /home/airflow/.local/lib/python3.8/site-packages/airflow/example_dags/example_latest_only_with_trigger.py
[2023-09-10T23:40:09.927+0000] {logging_mixin.py:151} INFO - [2023-09-10T23:40:09.927+0000] {dag.py:2915} INFO - Sync 1 DAGs
[2023-09-10T23:40:09.955+0000] {logging_mixin.py:151} INFO - [2023-09-10T23:40:09.955+0000] {dag.py:3696} INFO - Setting next_dagrun for latest_only_with_trigger to 2023-09-10T19:40:09.954704+00:00, run_after=2023-09-10T23:40:09.954704+00:00
[2023-09-10T23:40:09.975+0000] {processor.py:179} INFO - Processing /home/airflow/.local/lib/python3.8/site-packages/airflow/example_dags/example_latest_only_with_trigger.py took 0.084 seconds
