[2023-09-10T23:37:35.177+0000] {processor.py:157} INFO - Started process (PID=99) to work on /home/airflow/.local/lib/python3.8/site-packages/airflow/example_dags/example_local_kubernetes_executor.py
[2023-09-10T23:37:35.177+0000] {processor.py:829} INFO - Processing file /home/airflow/.local/lib/python3.8/site-packages/airflow/example_dags/example_local_kubernetes_executor.py for tasks to queue
[2023-09-10T23:37:35.179+0000] {logging_mixin.py:151} INFO - [2023-09-10T23:37:35.179+0000] {dagbag.py:539} INFO - Filling up the DagBag from /home/airflow/.local/lib/python3.8/site-packages/airflow/example_dags/example_local_kubernetes_executor.py
[2023-09-10T23:37:35.564+0000] {processor.py:839} INFO - DAG(s) dict_keys(['example_local_kubernetes_executor']) retrieved from /home/airflow/.local/lib/python3.8/site-packages/airflow/example_dags/example_local_kubernetes_executor.py
[2023-09-10T23:37:35.602+0000] {logging_mixin.py:151} INFO - [2023-09-10T23:37:35.602+0000] {dag.py:2915} INFO - Sync 1 DAGs
[2023-09-10T23:37:35.613+0000] {logging_mixin.py:151} INFO - [2023-09-10T23:37:35.613+0000] {dag.py:3696} INFO - Setting next_dagrun for example_local_kubernetes_executor to None, run_after=None
[2023-09-10T23:37:35.631+0000] {processor.py:179} INFO - Processing /home/airflow/.local/lib/python3.8/site-packages/airflow/example_dags/example_local_kubernetes_executor.py took 0.458 seconds
[2023-09-10T23:38:06.113+0000] {processor.py:157} INFO - Started process (PID=154) to work on /home/airflow/.local/lib/python3.8/site-packages/airflow/example_dags/example_local_kubernetes_executor.py
[2023-09-10T23:38:06.114+0000] {processor.py:829} INFO - Processing file /home/airflow/.local/lib/python3.8/site-packages/airflow/example_dags/example_local_kubernetes_executor.py for tasks to queue
[2023-09-10T23:38:06.116+0000] {logging_mixin.py:151} INFO - [2023-09-10T23:38:06.115+0000] {dagbag.py:539} INFO - Filling up the DagBag from /home/airflow/.local/lib/python3.8/site-packages/airflow/example_dags/example_local_kubernetes_executor.py
[2023-09-10T23:38:06.351+0000] {processor.py:839} INFO - DAG(s) dict_keys(['example_local_kubernetes_executor']) retrieved from /home/airflow/.local/lib/python3.8/site-packages/airflow/example_dags/example_local_kubernetes_executor.py
[2023-09-10T23:38:06.385+0000] {logging_mixin.py:151} INFO - [2023-09-10T23:38:06.385+0000] {dag.py:2915} INFO - Sync 1 DAGs
[2023-09-10T23:38:06.398+0000] {logging_mixin.py:151} INFO - [2023-09-10T23:38:06.398+0000] {dag.py:3696} INFO - Setting next_dagrun for example_local_kubernetes_executor to None, run_after=None
[2023-09-10T23:38:06.422+0000] {processor.py:179} INFO - Processing /home/airflow/.local/lib/python3.8/site-packages/airflow/example_dags/example_local_kubernetes_executor.py took 0.312 seconds
[2023-09-10T23:38:37.273+0000] {processor.py:157} INFO - Started process (PID=207) to work on /home/airflow/.local/lib/python3.8/site-packages/airflow/example_dags/example_local_kubernetes_executor.py
[2023-09-10T23:38:37.275+0000] {processor.py:829} INFO - Processing file /home/airflow/.local/lib/python3.8/site-packages/airflow/example_dags/example_local_kubernetes_executor.py for tasks to queue
[2023-09-10T23:38:37.279+0000] {logging_mixin.py:151} INFO - [2023-09-10T23:38:37.277+0000] {dagbag.py:539} INFO - Filling up the DagBag from /home/airflow/.local/lib/python3.8/site-packages/airflow/example_dags/example_local_kubernetes_executor.py
[2023-09-10T23:38:37.615+0000] {processor.py:839} INFO - DAG(s) dict_keys(['example_local_kubernetes_executor']) retrieved from /home/airflow/.local/lib/python3.8/site-packages/airflow/example_dags/example_local_kubernetes_executor.py
[2023-09-10T23:38:37.674+0000] {logging_mixin.py:151} INFO - [2023-09-10T23:38:37.668+0000] {dag.py:2915} INFO - Sync 1 DAGs
[2023-09-10T23:38:37.689+0000] {logging_mixin.py:151} INFO - [2023-09-10T23:38:37.689+0000] {dag.py:3696} INFO - Setting next_dagrun for example_local_kubernetes_executor to None, run_after=None
[2023-09-10T23:38:37.714+0000] {processor.py:179} INFO - Processing /home/airflow/.local/lib/python3.8/site-packages/airflow/example_dags/example_local_kubernetes_executor.py took 0.445 seconds
[2023-09-10T23:39:07.810+0000] {processor.py:157} INFO - Started process (PID=262) to work on /home/airflow/.local/lib/python3.8/site-packages/airflow/example_dags/example_local_kubernetes_executor.py
[2023-09-10T23:39:07.811+0000] {processor.py:829} INFO - Processing file /home/airflow/.local/lib/python3.8/site-packages/airflow/example_dags/example_local_kubernetes_executor.py for tasks to queue
[2023-09-10T23:39:07.815+0000] {logging_mixin.py:151} INFO - [2023-09-10T23:39:07.814+0000] {dagbag.py:539} INFO - Filling up the DagBag from /home/airflow/.local/lib/python3.8/site-packages/airflow/example_dags/example_local_kubernetes_executor.py
[2023-09-10T23:39:08.066+0000] {processor.py:839} INFO - DAG(s) dict_keys(['example_local_kubernetes_executor']) retrieved from /home/airflow/.local/lib/python3.8/site-packages/airflow/example_dags/example_local_kubernetes_executor.py
[2023-09-10T23:39:08.103+0000] {logging_mixin.py:151} INFO - [2023-09-10T23:39:08.102+0000] {dag.py:2915} INFO - Sync 1 DAGs
[2023-09-10T23:39:08.115+0000] {logging_mixin.py:151} INFO - [2023-09-10T23:39:08.115+0000] {dag.py:3696} INFO - Setting next_dagrun for example_local_kubernetes_executor to None, run_after=None
[2023-09-10T23:39:08.143+0000] {processor.py:179} INFO - Processing /home/airflow/.local/lib/python3.8/site-packages/airflow/example_dags/example_local_kubernetes_executor.py took 0.339 seconds
[2023-09-10T23:39:38.212+0000] {processor.py:157} INFO - Started process (PID=318) to work on /home/airflow/.local/lib/python3.8/site-packages/airflow/example_dags/example_local_kubernetes_executor.py
[2023-09-10T23:39:38.213+0000] {processor.py:829} INFO - Processing file /home/airflow/.local/lib/python3.8/site-packages/airflow/example_dags/example_local_kubernetes_executor.py for tasks to queue
[2023-09-10T23:39:38.215+0000] {logging_mixin.py:151} INFO - [2023-09-10T23:39:38.215+0000] {dagbag.py:539} INFO - Filling up the DagBag from /home/airflow/.local/lib/python3.8/site-packages/airflow/example_dags/example_local_kubernetes_executor.py
[2023-09-10T23:39:38.506+0000] {processor.py:839} INFO - DAG(s) dict_keys(['example_local_kubernetes_executor']) retrieved from /home/airflow/.local/lib/python3.8/site-packages/airflow/example_dags/example_local_kubernetes_executor.py
[2023-09-10T23:39:38.547+0000] {logging_mixin.py:151} INFO - [2023-09-10T23:39:38.546+0000] {dag.py:2915} INFO - Sync 1 DAGs
[2023-09-10T23:39:38.561+0000] {logging_mixin.py:151} INFO - [2023-09-10T23:39:38.561+0000] {dag.py:3696} INFO - Setting next_dagrun for example_local_kubernetes_executor to None, run_after=None
[2023-09-10T23:39:38.585+0000] {processor.py:179} INFO - Processing /home/airflow/.local/lib/python3.8/site-packages/airflow/example_dags/example_local_kubernetes_executor.py took 0.376 seconds
[2023-09-10T23:40:09.036+0000] {processor.py:157} INFO - Started process (PID=370) to work on /home/airflow/.local/lib/python3.8/site-packages/airflow/example_dags/example_local_kubernetes_executor.py
[2023-09-10T23:40:09.037+0000] {processor.py:829} INFO - Processing file /home/airflow/.local/lib/python3.8/site-packages/airflow/example_dags/example_local_kubernetes_executor.py for tasks to queue
[2023-09-10T23:40:09.040+0000] {logging_mixin.py:151} INFO - [2023-09-10T23:40:09.039+0000] {dagbag.py:539} INFO - Filling up the DagBag from /home/airflow/.local/lib/python3.8/site-packages/airflow/example_dags/example_local_kubernetes_executor.py
[2023-09-10T23:40:09.354+0000] {processor.py:839} INFO - DAG(s) dict_keys(['example_local_kubernetes_executor']) retrieved from /home/airflow/.local/lib/python3.8/site-packages/airflow/example_dags/example_local_kubernetes_executor.py
[2023-09-10T23:40:09.408+0000] {logging_mixin.py:151} INFO - [2023-09-10T23:40:09.407+0000] {dag.py:2915} INFO - Sync 1 DAGs
[2023-09-10T23:40:09.427+0000] {logging_mixin.py:151} INFO - [2023-09-10T23:40:09.427+0000] {dag.py:3696} INFO - Setting next_dagrun for example_local_kubernetes_executor to None, run_after=None
[2023-09-10T23:40:09.458+0000] {processor.py:179} INFO - Processing /home/airflow/.local/lib/python3.8/site-packages/airflow/example_dags/example_local_kubernetes_executor.py took 0.426 seconds
