[2023-09-10T23:37:32.761+0000] {processor.py:157} INFO - Started process (PID=88) to work on /home/airflow/.local/lib/python3.8/site-packages/airflow/example_dags/example_kubernetes_executor.py
[2023-09-10T23:37:32.762+0000] {processor.py:829} INFO - Processing file /home/airflow/.local/lib/python3.8/site-packages/airflow/example_dags/example_kubernetes_executor.py for tasks to queue
[2023-09-10T23:37:32.765+0000] {logging_mixin.py:151} INFO - [2023-09-10T23:37:32.764+0000] {dagbag.py:539} INFO - Filling up the DagBag from /home/airflow/.local/lib/python3.8/site-packages/airflow/example_dags/example_kubernetes_executor.py
[2023-09-10T23:37:34.541+0000] {processor.py:839} INFO - DAG(s) dict_keys(['example_kubernetes_executor']) retrieved from /home/airflow/.local/lib/python3.8/site-packages/airflow/example_dags/example_kubernetes_executor.py
[2023-09-10T23:37:34.599+0000] {logging_mixin.py:151} INFO - [2023-09-10T23:37:34.598+0000] {dag.py:2915} INFO - Sync 1 DAGs
[2023-09-10T23:37:34.614+0000] {logging_mixin.py:151} INFO - [2023-09-10T23:37:34.614+0000] {dag.py:3696} INFO - Setting next_dagrun for example_kubernetes_executor to None, run_after=None
[2023-09-10T23:37:34.637+0000] {processor.py:179} INFO - Processing /home/airflow/.local/lib/python3.8/site-packages/airflow/example_dags/example_kubernetes_executor.py took 1.880 seconds
[2023-09-10T23:38:05.516+0000] {processor.py:157} INFO - Started process (PID=147) to work on /home/airflow/.local/lib/python3.8/site-packages/airflow/example_dags/example_kubernetes_executor.py
[2023-09-10T23:38:05.519+0000] {processor.py:829} INFO - Processing file /home/airflow/.local/lib/python3.8/site-packages/airflow/example_dags/example_kubernetes_executor.py for tasks to queue
[2023-09-10T23:38:05.522+0000] {logging_mixin.py:151} INFO - [2023-09-10T23:38:05.522+0000] {dagbag.py:539} INFO - Filling up the DagBag from /home/airflow/.local/lib/python3.8/site-packages/airflow/example_dags/example_kubernetes_executor.py
[2023-09-10T23:38:05.735+0000] {processor.py:839} INFO - DAG(s) dict_keys(['example_kubernetes_executor']) retrieved from /home/airflow/.local/lib/python3.8/site-packages/airflow/example_dags/example_kubernetes_executor.py
[2023-09-10T23:38:05.775+0000] {logging_mixin.py:151} INFO - [2023-09-10T23:38:05.774+0000] {dag.py:2915} INFO - Sync 1 DAGs
[2023-09-10T23:38:05.786+0000] {logging_mixin.py:151} INFO - [2023-09-10T23:38:05.786+0000] {dag.py:3696} INFO - Setting next_dagrun for example_kubernetes_executor to None, run_after=None
[2023-09-10T23:38:05.814+0000] {processor.py:179} INFO - Processing /home/airflow/.local/lib/python3.8/site-packages/airflow/example_dags/example_kubernetes_executor.py took 0.301 seconds
[2023-09-10T23:38:36.740+0000] {processor.py:157} INFO - Started process (PID=202) to work on /home/airflow/.local/lib/python3.8/site-packages/airflow/example_dags/example_kubernetes_executor.py
[2023-09-10T23:38:36.741+0000] {processor.py:829} INFO - Processing file /home/airflow/.local/lib/python3.8/site-packages/airflow/example_dags/example_kubernetes_executor.py for tasks to queue
[2023-09-10T23:38:36.743+0000] {logging_mixin.py:151} INFO - [2023-09-10T23:38:36.743+0000] {dagbag.py:539} INFO - Filling up the DagBag from /home/airflow/.local/lib/python3.8/site-packages/airflow/example_dags/example_kubernetes_executor.py
[2023-09-10T23:38:37.021+0000] {processor.py:839} INFO - DAG(s) dict_keys(['example_kubernetes_executor']) retrieved from /home/airflow/.local/lib/python3.8/site-packages/airflow/example_dags/example_kubernetes_executor.py
[2023-09-10T23:38:37.068+0000] {logging_mixin.py:151} INFO - [2023-09-10T23:38:37.065+0000] {dag.py:2915} INFO - Sync 1 DAGs
[2023-09-10T23:38:37.081+0000] {logging_mixin.py:151} INFO - [2023-09-10T23:38:37.080+0000] {dag.py:3696} INFO - Setting next_dagrun for example_kubernetes_executor to None, run_after=None
[2023-09-10T23:38:37.105+0000] {processor.py:179} INFO - Processing /home/airflow/.local/lib/python3.8/site-packages/airflow/example_dags/example_kubernetes_executor.py took 0.369 seconds
[2023-09-10T23:39:07.306+0000] {processor.py:157} INFO - Started process (PID=257) to work on /home/airflow/.local/lib/python3.8/site-packages/airflow/example_dags/example_kubernetes_executor.py
[2023-09-10T23:39:07.307+0000] {processor.py:829} INFO - Processing file /home/airflow/.local/lib/python3.8/site-packages/airflow/example_dags/example_kubernetes_executor.py for tasks to queue
[2023-09-10T23:39:07.309+0000] {logging_mixin.py:151} INFO - [2023-09-10T23:39:07.309+0000] {dagbag.py:539} INFO - Filling up the DagBag from /home/airflow/.local/lib/python3.8/site-packages/airflow/example_dags/example_kubernetes_executor.py
[2023-09-10T23:39:07.590+0000] {processor.py:839} INFO - DAG(s) dict_keys(['example_kubernetes_executor']) retrieved from /home/airflow/.local/lib/python3.8/site-packages/airflow/example_dags/example_kubernetes_executor.py
[2023-09-10T23:39:07.628+0000] {logging_mixin.py:151} INFO - [2023-09-10T23:39:07.628+0000] {dag.py:2915} INFO - Sync 1 DAGs
[2023-09-10T23:39:07.643+0000] {logging_mixin.py:151} INFO - [2023-09-10T23:39:07.643+0000] {dag.py:3696} INFO - Setting next_dagrun for example_kubernetes_executor to None, run_after=None
[2023-09-10T23:39:07.675+0000] {processor.py:179} INFO - Processing /home/airflow/.local/lib/python3.8/site-packages/airflow/example_dags/example_kubernetes_executor.py took 0.372 seconds
[2023-09-10T23:39:37.754+0000] {processor.py:157} INFO - Started process (PID=313) to work on /home/airflow/.local/lib/python3.8/site-packages/airflow/example_dags/example_kubernetes_executor.py
[2023-09-10T23:39:37.756+0000] {processor.py:829} INFO - Processing file /home/airflow/.local/lib/python3.8/site-packages/airflow/example_dags/example_kubernetes_executor.py for tasks to queue
[2023-09-10T23:39:37.758+0000] {logging_mixin.py:151} INFO - [2023-09-10T23:39:37.758+0000] {dagbag.py:539} INFO - Filling up the DagBag from /home/airflow/.local/lib/python3.8/site-packages/airflow/example_dags/example_kubernetes_executor.py
[2023-09-10T23:39:38.047+0000] {processor.py:839} INFO - DAG(s) dict_keys(['example_kubernetes_executor']) retrieved from /home/airflow/.local/lib/python3.8/site-packages/airflow/example_dags/example_kubernetes_executor.py
[2023-09-10T23:39:38.084+0000] {logging_mixin.py:151} INFO - [2023-09-10T23:39:38.083+0000] {dag.py:2915} INFO - Sync 1 DAGs
[2023-09-10T23:39:38.095+0000] {logging_mixin.py:151} INFO - [2023-09-10T23:39:38.095+0000] {dag.py:3696} INFO - Setting next_dagrun for example_kubernetes_executor to None, run_after=None
[2023-09-10T23:39:38.119+0000] {processor.py:179} INFO - Processing /home/airflow/.local/lib/python3.8/site-packages/airflow/example_dags/example_kubernetes_executor.py took 0.371 seconds
[2023-09-10T23:40:09.028+0000] {processor.py:157} INFO - Started process (PID=369) to work on /home/airflow/.local/lib/python3.8/site-packages/airflow/example_dags/example_kubernetes_executor.py
[2023-09-10T23:40:09.031+0000] {processor.py:829} INFO - Processing file /home/airflow/.local/lib/python3.8/site-packages/airflow/example_dags/example_kubernetes_executor.py for tasks to queue
[2023-09-10T23:40:09.034+0000] {logging_mixin.py:151} INFO - [2023-09-10T23:40:09.034+0000] {dagbag.py:539} INFO - Filling up the DagBag from /home/airflow/.local/lib/python3.8/site-packages/airflow/example_dags/example_kubernetes_executor.py
[2023-09-10T23:40:09.371+0000] {processor.py:839} INFO - DAG(s) dict_keys(['example_kubernetes_executor']) retrieved from /home/airflow/.local/lib/python3.8/site-packages/airflow/example_dags/example_kubernetes_executor.py
[2023-09-10T23:40:09.423+0000] {logging_mixin.py:151} INFO - [2023-09-10T23:40:09.422+0000] {dag.py:2915} INFO - Sync 1 DAGs
[2023-09-10T23:40:09.440+0000] {logging_mixin.py:151} INFO - [2023-09-10T23:40:09.440+0000] {dag.py:3696} INFO - Setting next_dagrun for example_kubernetes_executor to None, run_after=None
[2023-09-10T23:40:09.473+0000] {processor.py:179} INFO - Processing /home/airflow/.local/lib/python3.8/site-packages/airflow/example_dags/example_kubernetes_executor.py took 0.449 seconds
