[2023-09-10T23:37:35.684+0000] {processor.py:157} INFO - Started process (PID=103) to work on /home/airflow/.local/lib/python3.8/site-packages/airflow/example_dags/example_task_group.py
[2023-09-10T23:37:35.685+0000] {processor.py:829} INFO - Processing file /home/airflow/.local/lib/python3.8/site-packages/airflow/example_dags/example_task_group.py for tasks to queue
[2023-09-10T23:37:35.687+0000] {logging_mixin.py:151} INFO - [2023-09-10T23:37:35.686+0000] {dagbag.py:539} INFO - Filling up the DagBag from /home/airflow/.local/lib/python3.8/site-packages/airflow/example_dags/example_task_group.py
[2023-09-10T23:37:35.694+0000] {processor.py:839} INFO - DAG(s) dict_keys(['example_task_group']) retrieved from /home/airflow/.local/lib/python3.8/site-packages/airflow/example_dags/example_task_group.py
[2023-09-10T23:37:35.716+0000] {logging_mixin.py:151} INFO - [2023-09-10T23:37:35.716+0000] {dag.py:2915} INFO - Sync 1 DAGs
[2023-09-10T23:37:35.867+0000] {logging_mixin.py:151} INFO - [2023-09-10T23:37:35.867+0000] {dag.py:3696} INFO - Setting next_dagrun for example_task_group to 2023-09-09T23:37:35.867552+00:00, run_after=2023-09-10T23:37:35.867552+00:00
[2023-09-10T23:37:35.895+0000] {processor.py:179} INFO - Processing /home/airflow/.local/lib/python3.8/site-packages/airflow/example_dags/example_task_group.py took 0.214 seconds
[2023-09-10T23:38:06.349+0000] {processor.py:157} INFO - Started process (PID=157) to work on /home/airflow/.local/lib/python3.8/site-packages/airflow/example_dags/example_task_group.py
[2023-09-10T23:38:06.350+0000] {processor.py:829} INFO - Processing file /home/airflow/.local/lib/python3.8/site-packages/airflow/example_dags/example_task_group.py for tasks to queue
[2023-09-10T23:38:06.352+0000] {logging_mixin.py:151} INFO - [2023-09-10T23:38:06.352+0000] {dagbag.py:539} INFO - Filling up the DagBag from /home/airflow/.local/lib/python3.8/site-packages/airflow/example_dags/example_task_group.py
[2023-09-10T23:38:06.360+0000] {processor.py:839} INFO - DAG(s) dict_keys(['example_task_group']) retrieved from /home/airflow/.local/lib/python3.8/site-packages/airflow/example_dags/example_task_group.py
[2023-09-10T23:38:06.385+0000] {logging_mixin.py:151} INFO - [2023-09-10T23:38:06.384+0000] {dag.py:2915} INFO - Sync 1 DAGs
[2023-09-10T23:38:06.408+0000] {logging_mixin.py:151} INFO - [2023-09-10T23:38:06.408+0000] {dag.py:3696} INFO - Setting next_dagrun for example_task_group to 2023-09-09T23:38:06.408271+00:00, run_after=2023-09-10T23:38:06.408271+00:00
[2023-09-10T23:38:06.434+0000] {processor.py:179} INFO - Processing /home/airflow/.local/lib/python3.8/site-packages/airflow/example_dags/example_task_group.py took 0.087 seconds
[2023-09-10T23:38:37.870+0000] {processor.py:157} INFO - Started process (PID=211) to work on /home/airflow/.local/lib/python3.8/site-packages/airflow/example_dags/example_task_group.py
[2023-09-10T23:38:37.872+0000] {processor.py:829} INFO - Processing file /home/airflow/.local/lib/python3.8/site-packages/airflow/example_dags/example_task_group.py for tasks to queue
[2023-09-10T23:38:37.876+0000] {logging_mixin.py:151} INFO - [2023-09-10T23:38:37.876+0000] {dagbag.py:539} INFO - Filling up the DagBag from /home/airflow/.local/lib/python3.8/site-packages/airflow/example_dags/example_task_group.py
[2023-09-10T23:38:37.883+0000] {processor.py:839} INFO - DAG(s) dict_keys(['example_task_group']) retrieved from /home/airflow/.local/lib/python3.8/site-packages/airflow/example_dags/example_task_group.py
[2023-09-10T23:38:37.906+0000] {logging_mixin.py:151} INFO - [2023-09-10T23:38:37.906+0000] {dag.py:2915} INFO - Sync 1 DAGs
[2023-09-10T23:38:37.926+0000] {logging_mixin.py:151} INFO - [2023-09-10T23:38:37.926+0000] {dag.py:3696} INFO - Setting next_dagrun for example_task_group to 2023-09-09T23:38:37.925986+00:00, run_after=2023-09-10T23:38:37.925986+00:00
[2023-09-10T23:38:37.949+0000] {processor.py:179} INFO - Processing /home/airflow/.local/lib/python3.8/site-packages/airflow/example_dags/example_task_group.py took 0.083 seconds
[2023-09-10T23:39:08.079+0000] {processor.py:157} INFO - Started process (PID=265) to work on /home/airflow/.local/lib/python3.8/site-packages/airflow/example_dags/example_task_group.py
[2023-09-10T23:39:08.080+0000] {processor.py:829} INFO - Processing file /home/airflow/.local/lib/python3.8/site-packages/airflow/example_dags/example_task_group.py for tasks to queue
[2023-09-10T23:39:08.081+0000] {logging_mixin.py:151} INFO - [2023-09-10T23:39:08.081+0000] {dagbag.py:539} INFO - Filling up the DagBag from /home/airflow/.local/lib/python3.8/site-packages/airflow/example_dags/example_task_group.py
[2023-09-10T23:39:08.091+0000] {processor.py:839} INFO - DAG(s) dict_keys(['example_task_group']) retrieved from /home/airflow/.local/lib/python3.8/site-packages/airflow/example_dags/example_task_group.py
[2023-09-10T23:39:08.116+0000] {logging_mixin.py:151} INFO - [2023-09-10T23:39:08.116+0000] {dag.py:2915} INFO - Sync 1 DAGs
[2023-09-10T23:39:08.140+0000] {logging_mixin.py:151} INFO - [2023-09-10T23:39:08.139+0000] {dag.py:3696} INFO - Setting next_dagrun for example_task_group to 2023-09-09T23:39:08.139682+00:00, run_after=2023-09-10T23:39:08.139682+00:00
[2023-09-10T23:39:08.162+0000] {processor.py:179} INFO - Processing /home/airflow/.local/lib/python3.8/site-packages/airflow/example_dags/example_task_group.py took 0.086 seconds
[2023-09-10T23:39:38.218+0000] {processor.py:157} INFO - Started process (PID=319) to work on /home/airflow/.local/lib/python3.8/site-packages/airflow/example_dags/example_task_group.py
[2023-09-10T23:39:38.219+0000] {processor.py:829} INFO - Processing file /home/airflow/.local/lib/python3.8/site-packages/airflow/example_dags/example_task_group.py for tasks to queue
[2023-09-10T23:39:38.221+0000] {logging_mixin.py:151} INFO - [2023-09-10T23:39:38.221+0000] {dagbag.py:539} INFO - Filling up the DagBag from /home/airflow/.local/lib/python3.8/site-packages/airflow/example_dags/example_task_group.py
[2023-09-10T23:39:38.226+0000] {processor.py:839} INFO - DAG(s) dict_keys(['example_task_group']) retrieved from /home/airflow/.local/lib/python3.8/site-packages/airflow/example_dags/example_task_group.py
[2023-09-10T23:39:38.261+0000] {logging_mixin.py:151} INFO - [2023-09-10T23:39:38.261+0000] {dag.py:2915} INFO - Sync 1 DAGs
[2023-09-10T23:39:38.298+0000] {logging_mixin.py:151} INFO - [2023-09-10T23:39:38.298+0000] {dag.py:3696} INFO - Setting next_dagrun for example_task_group to 2023-09-09T23:39:38.298003+00:00, run_after=2023-09-10T23:39:38.298003+00:00
[2023-09-10T23:39:38.330+0000] {processor.py:179} INFO - Processing /home/airflow/.local/lib/python3.8/site-packages/airflow/example_dags/example_task_group.py took 0.116 seconds
[2023-09-10T23:40:09.613+0000] {processor.py:157} INFO - Started process (PID=373) to work on /home/airflow/.local/lib/python3.8/site-packages/airflow/example_dags/example_task_group.py
[2023-09-10T23:40:09.615+0000] {processor.py:829} INFO - Processing file /home/airflow/.local/lib/python3.8/site-packages/airflow/example_dags/example_task_group.py for tasks to queue
[2023-09-10T23:40:09.617+0000] {logging_mixin.py:151} INFO - [2023-09-10T23:40:09.617+0000] {dagbag.py:539} INFO - Filling up the DagBag from /home/airflow/.local/lib/python3.8/site-packages/airflow/example_dags/example_task_group.py
[2023-09-10T23:40:09.623+0000] {processor.py:839} INFO - DAG(s) dict_keys(['example_task_group']) retrieved from /home/airflow/.local/lib/python3.8/site-packages/airflow/example_dags/example_task_group.py
[2023-09-10T23:40:09.644+0000] {logging_mixin.py:151} INFO - [2023-09-10T23:40:09.644+0000] {dag.py:2915} INFO - Sync 1 DAGs
[2023-09-10T23:40:09.669+0000] {logging_mixin.py:151} INFO - [2023-09-10T23:40:09.668+0000] {dag.py:3696} INFO - Setting next_dagrun for example_task_group to 2023-09-09T23:40:09.668549+00:00, run_after=2023-09-10T23:40:09.668549+00:00
[2023-09-10T23:40:09.692+0000] {processor.py:179} INFO - Processing /home/airflow/.local/lib/python3.8/site-packages/airflow/example_dags/example_task_group.py took 0.082 seconds
