[2023-09-10T23:37:29.986+0000] {processor.py:157} INFO - Started process (PID=68) to work on /home/airflow/.local/lib/python3.8/site-packages/airflow/example_dags/example_branch_python_dop_operator_3.py
[2023-09-10T23:37:29.997+0000] {processor.py:829} INFO - Processing file /home/airflow/.local/lib/python3.8/site-packages/airflow/example_dags/example_branch_python_dop_operator_3.py for tasks to queue
[2023-09-10T23:37:29.999+0000] {logging_mixin.py:151} INFO - [2023-09-10T23:37:29.999+0000] {dagbag.py:539} INFO - Filling up the DagBag from /home/airflow/.local/lib/python3.8/site-packages/airflow/example_dags/example_branch_python_dop_operator_3.py
[2023-09-10T23:37:30.031+0000] {processor.py:839} INFO - DAG(s) dict_keys(['example_branch_dop_operator_v3']) retrieved from /home/airflow/.local/lib/python3.8/site-packages/airflow/example_dags/example_branch_python_dop_operator_3.py
[2023-09-10T23:37:30.112+0000] {logging_mixin.py:151} INFO - [2023-09-10T23:37:30.112+0000] {dag.py:2915} INFO - Sync 1 DAGs
[2023-09-10T23:37:30.153+0000] {logging_mixin.py:151} INFO - [2023-09-10T23:37:30.152+0000] {dag.py:3696} INFO - Setting next_dagrun for example_branch_dop_operator_v3 to 2023-09-10T23:36:00+00:00, run_after=2023-09-10T23:37:00+00:00
[2023-09-10T23:37:30.183+0000] {processor.py:179} INFO - Processing /home/airflow/.local/lib/python3.8/site-packages/airflow/example_dags/example_branch_python_dop_operator_3.py took 0.201 seconds
[2023-09-10T23:38:01.043+0000] {processor.py:157} INFO - Started process (PID=122) to work on /home/airflow/.local/lib/python3.8/site-packages/airflow/example_dags/example_branch_python_dop_operator_3.py
[2023-09-10T23:38:01.047+0000] {processor.py:829} INFO - Processing file /home/airflow/.local/lib/python3.8/site-packages/airflow/example_dags/example_branch_python_dop_operator_3.py for tasks to queue
[2023-09-10T23:38:01.051+0000] {logging_mixin.py:151} INFO - [2023-09-10T23:38:01.051+0000] {dagbag.py:539} INFO - Filling up the DagBag from /home/airflow/.local/lib/python3.8/site-packages/airflow/example_dags/example_branch_python_dop_operator_3.py
[2023-09-10T23:38:01.063+0000] {processor.py:839} INFO - DAG(s) dict_keys(['example_branch_dop_operator_v3']) retrieved from /home/airflow/.local/lib/python3.8/site-packages/airflow/example_dags/example_branch_python_dop_operator_3.py
[2023-09-10T23:38:01.133+0000] {logging_mixin.py:151} INFO - [2023-09-10T23:38:01.133+0000] {dag.py:2915} INFO - Sync 1 DAGs
[2023-09-10T23:38:01.169+0000] {logging_mixin.py:151} INFO - [2023-09-10T23:38:01.169+0000] {dag.py:3696} INFO - Setting next_dagrun for example_branch_dop_operator_v3 to 2023-09-10T23:37:00+00:00, run_after=2023-09-10T23:38:00+00:00
[2023-09-10T23:38:01.199+0000] {processor.py:179} INFO - Processing /home/airflow/.local/lib/python3.8/site-packages/airflow/example_dags/example_branch_python_dop_operator_3.py took 0.169 seconds
[2023-09-10T23:38:31.238+0000] {processor.py:157} INFO - Started process (PID=176) to work on /home/airflow/.local/lib/python3.8/site-packages/airflow/example_dags/example_branch_python_dop_operator_3.py
[2023-09-10T23:38:31.238+0000] {processor.py:829} INFO - Processing file /home/airflow/.local/lib/python3.8/site-packages/airflow/example_dags/example_branch_python_dop_operator_3.py for tasks to queue
[2023-09-10T23:38:31.240+0000] {logging_mixin.py:151} INFO - [2023-09-10T23:38:31.240+0000] {dagbag.py:539} INFO - Filling up the DagBag from /home/airflow/.local/lib/python3.8/site-packages/airflow/example_dags/example_branch_python_dop_operator_3.py
[2023-09-10T23:38:31.248+0000] {processor.py:839} INFO - DAG(s) dict_keys(['example_branch_dop_operator_v3']) retrieved from /home/airflow/.local/lib/python3.8/site-packages/airflow/example_dags/example_branch_python_dop_operator_3.py
[2023-09-10T23:38:31.270+0000] {logging_mixin.py:151} INFO - [2023-09-10T23:38:31.270+0000] {dag.py:2915} INFO - Sync 1 DAGs
[2023-09-10T23:38:31.296+0000] {logging_mixin.py:151} INFO - [2023-09-10T23:38:31.295+0000] {dag.py:3696} INFO - Setting next_dagrun for example_branch_dop_operator_v3 to 2023-09-10T23:37:00+00:00, run_after=2023-09-10T23:38:00+00:00
[2023-09-10T23:38:31.320+0000] {processor.py:179} INFO - Processing /home/airflow/.local/lib/python3.8/site-packages/airflow/example_dags/example_branch_python_dop_operator_3.py took 0.087 seconds
[2023-09-10T23:39:01.526+0000] {processor.py:157} INFO - Started process (PID=230) to work on /home/airflow/.local/lib/python3.8/site-packages/airflow/example_dags/example_branch_python_dop_operator_3.py
[2023-09-10T23:39:01.529+0000] {processor.py:829} INFO - Processing file /home/airflow/.local/lib/python3.8/site-packages/airflow/example_dags/example_branch_python_dop_operator_3.py for tasks to queue
[2023-09-10T23:39:01.532+0000] {logging_mixin.py:151} INFO - [2023-09-10T23:39:01.531+0000] {dagbag.py:539} INFO - Filling up the DagBag from /home/airflow/.local/lib/python3.8/site-packages/airflow/example_dags/example_branch_python_dop_operator_3.py
[2023-09-10T23:39:01.541+0000] {processor.py:839} INFO - DAG(s) dict_keys(['example_branch_dop_operator_v3']) retrieved from /home/airflow/.local/lib/python3.8/site-packages/airflow/example_dags/example_branch_python_dop_operator_3.py
[2023-09-10T23:39:01.565+0000] {logging_mixin.py:151} INFO - [2023-09-10T23:39:01.565+0000] {dag.py:2915} INFO - Sync 1 DAGs
[2023-09-10T23:39:01.595+0000] {logging_mixin.py:151} INFO - [2023-09-10T23:39:01.594+0000] {dag.py:3696} INFO - Setting next_dagrun for example_branch_dop_operator_v3 to 2023-09-10T23:38:00+00:00, run_after=2023-09-10T23:39:00+00:00
[2023-09-10T23:39:01.623+0000] {processor.py:179} INFO - Processing /home/airflow/.local/lib/python3.8/site-packages/airflow/example_dags/example_branch_python_dop_operator_3.py took 0.102 seconds
[2023-09-10T23:39:31.806+0000] {processor.py:157} INFO - Started process (PID=284) to work on /home/airflow/.local/lib/python3.8/site-packages/airflow/example_dags/example_branch_python_dop_operator_3.py
[2023-09-10T23:39:31.807+0000] {processor.py:829} INFO - Processing file /home/airflow/.local/lib/python3.8/site-packages/airflow/example_dags/example_branch_python_dop_operator_3.py for tasks to queue
[2023-09-10T23:39:31.811+0000] {logging_mixin.py:151} INFO - [2023-09-10T23:39:31.810+0000] {dagbag.py:539} INFO - Filling up the DagBag from /home/airflow/.local/lib/python3.8/site-packages/airflow/example_dags/example_branch_python_dop_operator_3.py
[2023-09-10T23:39:31.824+0000] {processor.py:839} INFO - DAG(s) dict_keys(['example_branch_dop_operator_v3']) retrieved from /home/airflow/.local/lib/python3.8/site-packages/airflow/example_dags/example_branch_python_dop_operator_3.py
[2023-09-10T23:39:31.848+0000] {logging_mixin.py:151} INFO - [2023-09-10T23:39:31.847+0000] {dag.py:2915} INFO - Sync 1 DAGs
[2023-09-10T23:39:31.880+0000] {logging_mixin.py:151} INFO - [2023-09-10T23:39:31.880+0000] {dag.py:3696} INFO - Setting next_dagrun for example_branch_dop_operator_v3 to 2023-09-10T23:38:00+00:00, run_after=2023-09-10T23:39:00+00:00
[2023-09-10T23:39:31.909+0000] {processor.py:179} INFO - Processing /home/airflow/.local/lib/python3.8/site-packages/airflow/example_dags/example_branch_python_dop_operator_3.py took 0.114 seconds
[2023-09-10T23:40:02.079+0000] {processor.py:157} INFO - Started process (PID=338) to work on /home/airflow/.local/lib/python3.8/site-packages/airflow/example_dags/example_branch_python_dop_operator_3.py
[2023-09-10T23:40:02.080+0000] {processor.py:829} INFO - Processing file /home/airflow/.local/lib/python3.8/site-packages/airflow/example_dags/example_branch_python_dop_operator_3.py for tasks to queue
[2023-09-10T23:40:02.084+0000] {logging_mixin.py:151} INFO - [2023-09-10T23:40:02.083+0000] {dagbag.py:539} INFO - Filling up the DagBag from /home/airflow/.local/lib/python3.8/site-packages/airflow/example_dags/example_branch_python_dop_operator_3.py
[2023-09-10T23:40:02.094+0000] {processor.py:839} INFO - DAG(s) dict_keys(['example_branch_dop_operator_v3']) retrieved from /home/airflow/.local/lib/python3.8/site-packages/airflow/example_dags/example_branch_python_dop_operator_3.py
[2023-09-10T23:40:02.123+0000] {logging_mixin.py:151} INFO - [2023-09-10T23:40:02.123+0000] {dag.py:2915} INFO - Sync 1 DAGs
[2023-09-10T23:40:02.153+0000] {logging_mixin.py:151} INFO - [2023-09-10T23:40:02.152+0000] {dag.py:3696} INFO - Setting next_dagrun for example_branch_dop_operator_v3 to 2023-09-10T23:39:00+00:00, run_after=2023-09-10T23:40:00+00:00
[2023-09-10T23:40:02.178+0000] {processor.py:179} INFO - Processing /home/airflow/.local/lib/python3.8/site-packages/airflow/example_dags/example_branch_python_dop_operator_3.py took 0.103 seconds
