[2023-09-10T23:37:31.332+0000] {processor.py:157} INFO - Started process (PID=79) to work on /home/airflow/.local/lib/python3.8/site-packages/airflow/example_dags/example_skip_dag.py
[2023-09-10T23:37:31.333+0000] {processor.py:829} INFO - Processing file /home/airflow/.local/lib/python3.8/site-packages/airflow/example_dags/example_skip_dag.py for tasks to queue
[2023-09-10T23:37:31.335+0000] {logging_mixin.py:151} INFO - [2023-09-10T23:37:31.334+0000] {dagbag.py:539} INFO - Filling up the DagBag from /home/airflow/.local/lib/python3.8/site-packages/airflow/example_dags/example_skip_dag.py
[2023-09-10T23:37:31.345+0000] {processor.py:839} INFO - DAG(s) dict_keys(['example_skip_dag']) retrieved from /home/airflow/.local/lib/python3.8/site-packages/airflow/example_dags/example_skip_dag.py
[2023-09-10T23:37:31.375+0000] {logging_mixin.py:151} INFO - [2023-09-10T23:37:31.375+0000] {dag.py:2915} INFO - Sync 1 DAGs
[2023-09-10T23:37:31.397+0000] {logging_mixin.py:151} INFO - [2023-09-10T23:37:31.397+0000] {dag.py:3696} INFO - Setting next_dagrun for example_skip_dag to 2023-09-09T23:37:31.397081+00:00, run_after=2023-09-10T23:37:31.397081+00:00
[2023-09-10T23:37:31.558+0000] {processor.py:179} INFO - Processing /home/airflow/.local/lib/python3.8/site-packages/airflow/example_dags/example_skip_dag.py took 0.230 seconds
[2023-09-10T23:38:01.849+0000] {processor.py:157} INFO - Started process (PID=133) to work on /home/airflow/.local/lib/python3.8/site-packages/airflow/example_dags/example_skip_dag.py
[2023-09-10T23:38:01.850+0000] {processor.py:829} INFO - Processing file /home/airflow/.local/lib/python3.8/site-packages/airflow/example_dags/example_skip_dag.py for tasks to queue
[2023-09-10T23:38:01.852+0000] {logging_mixin.py:151} INFO - [2023-09-10T23:38:01.852+0000] {dagbag.py:539} INFO - Filling up the DagBag from /home/airflow/.local/lib/python3.8/site-packages/airflow/example_dags/example_skip_dag.py
[2023-09-10T23:38:01.859+0000] {processor.py:839} INFO - DAG(s) dict_keys(['example_skip_dag']) retrieved from /home/airflow/.local/lib/python3.8/site-packages/airflow/example_dags/example_skip_dag.py
[2023-09-10T23:38:01.885+0000] {logging_mixin.py:151} INFO - [2023-09-10T23:38:01.885+0000] {dag.py:2915} INFO - Sync 1 DAGs
[2023-09-10T23:38:01.911+0000] {logging_mixin.py:151} INFO - [2023-09-10T23:38:01.911+0000] {dag.py:3696} INFO - Setting next_dagrun for example_skip_dag to 2023-09-09T23:38:01.910788+00:00, run_after=2023-09-10T23:38:01.910788+00:00
[2023-09-10T23:38:01.944+0000] {processor.py:179} INFO - Processing /home/airflow/.local/lib/python3.8/site-packages/airflow/example_dags/example_skip_dag.py took 0.098 seconds
[2023-09-10T23:38:32.891+0000] {processor.py:157} INFO - Started process (PID=187) to work on /home/airflow/.local/lib/python3.8/site-packages/airflow/example_dags/example_skip_dag.py
[2023-09-10T23:38:32.893+0000] {processor.py:829} INFO - Processing file /home/airflow/.local/lib/python3.8/site-packages/airflow/example_dags/example_skip_dag.py for tasks to queue
[2023-09-10T23:38:32.895+0000] {logging_mixin.py:151} INFO - [2023-09-10T23:38:32.894+0000] {dagbag.py:539} INFO - Filling up the DagBag from /home/airflow/.local/lib/python3.8/site-packages/airflow/example_dags/example_skip_dag.py
[2023-09-10T23:38:32.899+0000] {processor.py:839} INFO - DAG(s) dict_keys(['example_skip_dag']) retrieved from /home/airflow/.local/lib/python3.8/site-packages/airflow/example_dags/example_skip_dag.py
[2023-09-10T23:38:32.922+0000] {logging_mixin.py:151} INFO - [2023-09-10T23:38:32.922+0000] {dag.py:2915} INFO - Sync 1 DAGs
[2023-09-10T23:38:32.941+0000] {logging_mixin.py:151} INFO - [2023-09-10T23:38:32.941+0000] {dag.py:3696} INFO - Setting next_dagrun for example_skip_dag to 2023-09-09T23:38:32.941568+00:00, run_after=2023-09-10T23:38:32.941568+00:00
[2023-09-10T23:38:32.963+0000] {processor.py:179} INFO - Processing /home/airflow/.local/lib/python3.8/site-packages/airflow/example_dags/example_skip_dag.py took 0.076 seconds
[2023-09-10T23:39:03.185+0000] {processor.py:157} INFO - Started process (PID=241) to work on /home/airflow/.local/lib/python3.8/site-packages/airflow/example_dags/example_skip_dag.py
[2023-09-10T23:39:03.186+0000] {processor.py:829} INFO - Processing file /home/airflow/.local/lib/python3.8/site-packages/airflow/example_dags/example_skip_dag.py for tasks to queue
[2023-09-10T23:39:03.189+0000] {logging_mixin.py:151} INFO - [2023-09-10T23:39:03.188+0000] {dagbag.py:539} INFO - Filling up the DagBag from /home/airflow/.local/lib/python3.8/site-packages/airflow/example_dags/example_skip_dag.py
[2023-09-10T23:39:03.193+0000] {processor.py:839} INFO - DAG(s) dict_keys(['example_skip_dag']) retrieved from /home/airflow/.local/lib/python3.8/site-packages/airflow/example_dags/example_skip_dag.py
[2023-09-10T23:39:03.215+0000] {logging_mixin.py:151} INFO - [2023-09-10T23:39:03.214+0000] {dag.py:2915} INFO - Sync 1 DAGs
[2023-09-10T23:39:03.235+0000] {logging_mixin.py:151} INFO - [2023-09-10T23:39:03.234+0000] {dag.py:3696} INFO - Setting next_dagrun for example_skip_dag to 2023-09-09T23:39:03.234076+00:00, run_after=2023-09-10T23:39:03.234076+00:00
[2023-09-10T23:39:03.257+0000] {processor.py:179} INFO - Processing /home/airflow/.local/lib/python3.8/site-packages/airflow/example_dags/example_skip_dag.py took 0.076 seconds
[2023-09-10T23:39:33.537+0000] {processor.py:157} INFO - Started process (PID=295) to work on /home/airflow/.local/lib/python3.8/site-packages/airflow/example_dags/example_skip_dag.py
[2023-09-10T23:39:33.540+0000] {processor.py:829} INFO - Processing file /home/airflow/.local/lib/python3.8/site-packages/airflow/example_dags/example_skip_dag.py for tasks to queue
[2023-09-10T23:39:33.541+0000] {logging_mixin.py:151} INFO - [2023-09-10T23:39:33.541+0000] {dagbag.py:539} INFO - Filling up the DagBag from /home/airflow/.local/lib/python3.8/site-packages/airflow/example_dags/example_skip_dag.py
[2023-09-10T23:39:33.547+0000] {processor.py:839} INFO - DAG(s) dict_keys(['example_skip_dag']) retrieved from /home/airflow/.local/lib/python3.8/site-packages/airflow/example_dags/example_skip_dag.py
[2023-09-10T23:39:33.570+0000] {logging_mixin.py:151} INFO - [2023-09-10T23:39:33.570+0000] {dag.py:2915} INFO - Sync 1 DAGs
[2023-09-10T23:39:33.591+0000] {logging_mixin.py:151} INFO - [2023-09-10T23:39:33.591+0000] {dag.py:3696} INFO - Setting next_dagrun for example_skip_dag to 2023-09-09T23:39:33.590838+00:00, run_after=2023-09-10T23:39:33.590838+00:00
[2023-09-10T23:39:33.613+0000] {processor.py:179} INFO - Processing /home/airflow/.local/lib/python3.8/site-packages/airflow/example_dags/example_skip_dag.py took 0.080 seconds
[2023-09-10T23:40:03.801+0000] {processor.py:157} INFO - Started process (PID=349) to work on /home/airflow/.local/lib/python3.8/site-packages/airflow/example_dags/example_skip_dag.py
[2023-09-10T23:40:03.804+0000] {processor.py:829} INFO - Processing file /home/airflow/.local/lib/python3.8/site-packages/airflow/example_dags/example_skip_dag.py for tasks to queue
[2023-09-10T23:40:03.806+0000] {logging_mixin.py:151} INFO - [2023-09-10T23:40:03.805+0000] {dagbag.py:539} INFO - Filling up the DagBag from /home/airflow/.local/lib/python3.8/site-packages/airflow/example_dags/example_skip_dag.py
[2023-09-10T23:40:03.812+0000] {processor.py:839} INFO - DAG(s) dict_keys(['example_skip_dag']) retrieved from /home/airflow/.local/lib/python3.8/site-packages/airflow/example_dags/example_skip_dag.py
[2023-09-10T23:40:03.835+0000] {logging_mixin.py:151} INFO - [2023-09-10T23:40:03.835+0000] {dag.py:2915} INFO - Sync 1 DAGs
[2023-09-10T23:40:03.857+0000] {logging_mixin.py:151} INFO - [2023-09-10T23:40:03.857+0000] {dag.py:3696} INFO - Setting next_dagrun for example_skip_dag to 2023-09-09T23:40:03.857401+00:00, run_after=2023-09-10T23:40:03.857401+00:00
[2023-09-10T23:40:03.882+0000] {processor.py:179} INFO - Processing /home/airflow/.local/lib/python3.8/site-packages/airflow/example_dags/example_skip_dag.py took 0.086 seconds
