[2023-09-10T23:37:30.636+0000] {processor.py:157} INFO - Started process (PID=73) to work on /home/airflow/.local/lib/python3.8/site-packages/airflow/example_dags/example_setup_teardown_taskflow.py
[2023-09-10T23:37:30.637+0000] {processor.py:829} INFO - Processing file /home/airflow/.local/lib/python3.8/site-packages/airflow/example_dags/example_setup_teardown_taskflow.py for tasks to queue
[2023-09-10T23:37:30.640+0000] {logging_mixin.py:151} INFO - [2023-09-10T23:37:30.639+0000] {dagbag.py:539} INFO - Filling up the DagBag from /home/airflow/.local/lib/python3.8/site-packages/airflow/example_dags/example_setup_teardown_taskflow.py
[2023-09-10T23:37:30.656+0000] {processor.py:839} INFO - DAG(s) dict_keys(['example_setup_teardown_taskflow']) retrieved from /home/airflow/.local/lib/python3.8/site-packages/airflow/example_dags/example_setup_teardown_taskflow.py
[2023-09-10T23:37:30.695+0000] {logging_mixin.py:151} INFO - [2023-09-10T23:37:30.695+0000] {dag.py:2915} INFO - Sync 1 DAGs
[2023-09-10T23:37:30.724+0000] {logging_mixin.py:151} INFO - [2023-09-10T23:37:30.723+0000] {dag.py:3696} INFO - Setting next_dagrun for example_setup_teardown_taskflow to 2023-09-09T23:37:30.723467+00:00, run_after=2023-09-10T23:37:30.723467+00:00
[2023-09-10T23:37:30.912+0000] {processor.py:179} INFO - Processing /home/airflow/.local/lib/python3.8/site-packages/airflow/example_dags/example_setup_teardown_taskflow.py took 0.279 seconds
[2023-09-10T23:38:01.385+0000] {processor.py:157} INFO - Started process (PID=127) to work on /home/airflow/.local/lib/python3.8/site-packages/airflow/example_dags/example_setup_teardown_taskflow.py
[2023-09-10T23:38:01.386+0000] {processor.py:829} INFO - Processing file /home/airflow/.local/lib/python3.8/site-packages/airflow/example_dags/example_setup_teardown_taskflow.py for tasks to queue
[2023-09-10T23:38:01.389+0000] {logging_mixin.py:151} INFO - [2023-09-10T23:38:01.388+0000] {dagbag.py:539} INFO - Filling up the DagBag from /home/airflow/.local/lib/python3.8/site-packages/airflow/example_dags/example_setup_teardown_taskflow.py
[2023-09-10T23:38:01.397+0000] {processor.py:839} INFO - DAG(s) dict_keys(['example_setup_teardown_taskflow']) retrieved from /home/airflow/.local/lib/python3.8/site-packages/airflow/example_dags/example_setup_teardown_taskflow.py
[2023-09-10T23:38:01.419+0000] {logging_mixin.py:151} INFO - [2023-09-10T23:38:01.419+0000] {dag.py:2915} INFO - Sync 1 DAGs
[2023-09-10T23:38:01.444+0000] {logging_mixin.py:151} INFO - [2023-09-10T23:38:01.444+0000] {dag.py:3696} INFO - Setting next_dagrun for example_setup_teardown_taskflow to 2023-09-09T23:38:01.444225+00:00, run_after=2023-09-10T23:38:01.444225+00:00
[2023-09-10T23:38:01.470+0000] {processor.py:179} INFO - Processing /home/airflow/.local/lib/python3.8/site-packages/airflow/example_dags/example_setup_teardown_taskflow.py took 0.088 seconds
[2023-09-10T23:38:31.492+0000] {processor.py:157} INFO - Started process (PID=181) to work on /home/airflow/.local/lib/python3.8/site-packages/airflow/example_dags/example_setup_teardown_taskflow.py
[2023-09-10T23:38:31.492+0000] {processor.py:829} INFO - Processing file /home/airflow/.local/lib/python3.8/site-packages/airflow/example_dags/example_setup_teardown_taskflow.py for tasks to queue
[2023-09-10T23:38:31.494+0000] {logging_mixin.py:151} INFO - [2023-09-10T23:38:31.494+0000] {dagbag.py:539} INFO - Filling up the DagBag from /home/airflow/.local/lib/python3.8/site-packages/airflow/example_dags/example_setup_teardown_taskflow.py
[2023-09-10T23:38:31.501+0000] {processor.py:839} INFO - DAG(s) dict_keys(['example_setup_teardown_taskflow']) retrieved from /home/airflow/.local/lib/python3.8/site-packages/airflow/example_dags/example_setup_teardown_taskflow.py
[2023-09-10T23:38:31.523+0000] {logging_mixin.py:151} INFO - [2023-09-10T23:38:31.523+0000] {dag.py:2915} INFO - Sync 1 DAGs
[2023-09-10T23:38:31.542+0000] {logging_mixin.py:151} INFO - [2023-09-10T23:38:31.542+0000] {dag.py:3696} INFO - Setting next_dagrun for example_setup_teardown_taskflow to 2023-09-09T23:38:31.542240+00:00, run_after=2023-09-10T23:38:31.542240+00:00
[2023-09-10T23:38:31.564+0000] {processor.py:179} INFO - Processing /home/airflow/.local/lib/python3.8/site-packages/airflow/example_dags/example_setup_teardown_taskflow.py took 0.075 seconds
[2023-09-10T23:39:01.819+0000] {processor.py:157} INFO - Started process (PID=235) to work on /home/airflow/.local/lib/python3.8/site-packages/airflow/example_dags/example_setup_teardown_taskflow.py
[2023-09-10T23:39:01.820+0000] {processor.py:829} INFO - Processing file /home/airflow/.local/lib/python3.8/site-packages/airflow/example_dags/example_setup_teardown_taskflow.py for tasks to queue
[2023-09-10T23:39:01.822+0000] {logging_mixin.py:151} INFO - [2023-09-10T23:39:01.822+0000] {dagbag.py:539} INFO - Filling up the DagBag from /home/airflow/.local/lib/python3.8/site-packages/airflow/example_dags/example_setup_teardown_taskflow.py
[2023-09-10T23:39:01.831+0000] {processor.py:839} INFO - DAG(s) dict_keys(['example_setup_teardown_taskflow']) retrieved from /home/airflow/.local/lib/python3.8/site-packages/airflow/example_dags/example_setup_teardown_taskflow.py
[2023-09-10T23:39:01.858+0000] {logging_mixin.py:151} INFO - [2023-09-10T23:39:01.857+0000] {dag.py:2915} INFO - Sync 1 DAGs
[2023-09-10T23:39:01.880+0000] {logging_mixin.py:151} INFO - [2023-09-10T23:39:01.880+0000] {dag.py:3696} INFO - Setting next_dagrun for example_setup_teardown_taskflow to 2023-09-09T23:39:01.879889+00:00, run_after=2023-09-10T23:39:01.879889+00:00
[2023-09-10T23:39:01.906+0000] {processor.py:179} INFO - Processing /home/airflow/.local/lib/python3.8/site-packages/airflow/example_dags/example_setup_teardown_taskflow.py took 0.091 seconds
[2023-09-10T23:39:32.139+0000] {processor.py:157} INFO - Started process (PID=289) to work on /home/airflow/.local/lib/python3.8/site-packages/airflow/example_dags/example_setup_teardown_taskflow.py
[2023-09-10T23:39:32.139+0000] {processor.py:829} INFO - Processing file /home/airflow/.local/lib/python3.8/site-packages/airflow/example_dags/example_setup_teardown_taskflow.py for tasks to queue
[2023-09-10T23:39:32.141+0000] {logging_mixin.py:151} INFO - [2023-09-10T23:39:32.141+0000] {dagbag.py:539} INFO - Filling up the DagBag from /home/airflow/.local/lib/python3.8/site-packages/airflow/example_dags/example_setup_teardown_taskflow.py
[2023-09-10T23:39:32.150+0000] {processor.py:839} INFO - DAG(s) dict_keys(['example_setup_teardown_taskflow']) retrieved from /home/airflow/.local/lib/python3.8/site-packages/airflow/example_dags/example_setup_teardown_taskflow.py
[2023-09-10T23:39:32.175+0000] {logging_mixin.py:151} INFO - [2023-09-10T23:39:32.175+0000] {dag.py:2915} INFO - Sync 1 DAGs
[2023-09-10T23:39:32.204+0000] {logging_mixin.py:151} INFO - [2023-09-10T23:39:32.203+0000] {dag.py:3696} INFO - Setting next_dagrun for example_setup_teardown_taskflow to 2023-09-09T23:39:32.203451+00:00, run_after=2023-09-10T23:39:32.203451+00:00
[2023-09-10T23:39:32.229+0000] {processor.py:179} INFO - Processing /home/airflow/.local/lib/python3.8/site-packages/airflow/example_dags/example_setup_teardown_taskflow.py took 0.096 seconds
[2023-09-10T23:40:02.405+0000] {processor.py:157} INFO - Started process (PID=343) to work on /home/airflow/.local/lib/python3.8/site-packages/airflow/example_dags/example_setup_teardown_taskflow.py
[2023-09-10T23:40:02.406+0000] {processor.py:829} INFO - Processing file /home/airflow/.local/lib/python3.8/site-packages/airflow/example_dags/example_setup_teardown_taskflow.py for tasks to queue
[2023-09-10T23:40:02.408+0000] {logging_mixin.py:151} INFO - [2023-09-10T23:40:02.408+0000] {dagbag.py:539} INFO - Filling up the DagBag from /home/airflow/.local/lib/python3.8/site-packages/airflow/example_dags/example_setup_teardown_taskflow.py
[2023-09-10T23:40:02.415+0000] {processor.py:839} INFO - DAG(s) dict_keys(['example_setup_teardown_taskflow']) retrieved from /home/airflow/.local/lib/python3.8/site-packages/airflow/example_dags/example_setup_teardown_taskflow.py
[2023-09-10T23:40:02.438+0000] {logging_mixin.py:151} INFO - [2023-09-10T23:40:02.437+0000] {dag.py:2915} INFO - Sync 1 DAGs
[2023-09-10T23:40:02.456+0000] {logging_mixin.py:151} INFO - [2023-09-10T23:40:02.456+0000] {dag.py:3696} INFO - Setting next_dagrun for example_setup_teardown_taskflow to 2023-09-09T23:40:02.456040+00:00, run_after=2023-09-10T23:40:02.456040+00:00
[2023-09-10T23:40:02.476+0000] {processor.py:179} INFO - Processing /home/airflow/.local/lib/python3.8/site-packages/airflow/example_dags/example_setup_teardown_taskflow.py took 0.075 seconds
