[2023-09-10T23:37:35.001+0000] {processor.py:157} INFO - Started process (PID=98) to work on /home/airflow/.local/lib/python3.8/site-packages/airflow/example_dags/example_external_task_marker_dag.py
[2023-09-10T23:37:35.001+0000] {processor.py:829} INFO - Processing file /home/airflow/.local/lib/python3.8/site-packages/airflow/example_dags/example_external_task_marker_dag.py for tasks to queue
[2023-09-10T23:37:35.003+0000] {logging_mixin.py:151} INFO - [2023-09-10T23:37:35.003+0000] {dagbag.py:539} INFO - Filling up the DagBag from /home/airflow/.local/lib/python3.8/site-packages/airflow/example_dags/example_external_task_marker_dag.py
[2023-09-10T23:37:35.010+0000] {processor.py:839} INFO - DAG(s) dict_keys(['example_external_task_marker_parent', 'example_external_task_marker_child']) retrieved from /home/airflow/.local/lib/python3.8/site-packages/airflow/example_dags/example_external_task_marker_dag.py
[2023-09-10T23:37:35.035+0000] {logging_mixin.py:151} INFO - [2023-09-10T23:37:35.035+0000] {dag.py:2915} INFO - Sync 2 DAGs
[2023-09-10T23:37:35.170+0000] {logging_mixin.py:151} INFO - [2023-09-10T23:37:35.170+0000] {dag.py:3696} INFO - Setting next_dagrun for example_external_task_marker_child to None, run_after=None
[2023-09-10T23:37:35.174+0000] {logging_mixin.py:151} INFO - [2023-09-10T23:37:35.174+0000] {dag.py:3696} INFO - Setting next_dagrun for example_external_task_marker_parent to None, run_after=None
[2023-09-10T23:37:35.194+0000] {processor.py:179} INFO - Processing /home/airflow/.local/lib/python3.8/site-packages/airflow/example_dags/example_external_task_marker_dag.py took 0.196 seconds
[2023-09-10T23:38:05.939+0000] {processor.py:157} INFO - Started process (PID=152) to work on /home/airflow/.local/lib/python3.8/site-packages/airflow/example_dags/example_external_task_marker_dag.py
[2023-09-10T23:38:05.940+0000] {processor.py:829} INFO - Processing file /home/airflow/.local/lib/python3.8/site-packages/airflow/example_dags/example_external_task_marker_dag.py for tasks to queue
[2023-09-10T23:38:05.942+0000] {logging_mixin.py:151} INFO - [2023-09-10T23:38:05.942+0000] {dagbag.py:539} INFO - Filling up the DagBag from /home/airflow/.local/lib/python3.8/site-packages/airflow/example_dags/example_external_task_marker_dag.py
[2023-09-10T23:38:05.947+0000] {processor.py:839} INFO - DAG(s) dict_keys(['example_external_task_marker_parent', 'example_external_task_marker_child']) retrieved from /home/airflow/.local/lib/python3.8/site-packages/airflow/example_dags/example_external_task_marker_dag.py
[2023-09-10T23:38:05.974+0000] {logging_mixin.py:151} INFO - [2023-09-10T23:38:05.974+0000] {dag.py:2915} INFO - Sync 2 DAGs
[2023-09-10T23:38:05.985+0000] {logging_mixin.py:151} INFO - [2023-09-10T23:38:05.985+0000] {dag.py:3696} INFO - Setting next_dagrun for example_external_task_marker_child to None, run_after=None
[2023-09-10T23:38:05.990+0000] {logging_mixin.py:151} INFO - [2023-09-10T23:38:05.990+0000] {dag.py:3696} INFO - Setting next_dagrun for example_external_task_marker_parent to None, run_after=None
[2023-09-10T23:38:06.012+0000] {processor.py:179} INFO - Processing /home/airflow/.local/lib/python3.8/site-packages/airflow/example_dags/example_external_task_marker_dag.py took 0.077 seconds
[2023-09-10T23:38:37.265+0000] {processor.py:157} INFO - Started process (PID=206) to work on /home/airflow/.local/lib/python3.8/site-packages/airflow/example_dags/example_external_task_marker_dag.py
[2023-09-10T23:38:37.266+0000] {processor.py:829} INFO - Processing file /home/airflow/.local/lib/python3.8/site-packages/airflow/example_dags/example_external_task_marker_dag.py for tasks to queue
[2023-09-10T23:38:37.272+0000] {logging_mixin.py:151} INFO - [2023-09-10T23:38:37.272+0000] {dagbag.py:539} INFO - Filling up the DagBag from /home/airflow/.local/lib/python3.8/site-packages/airflow/example_dags/example_external_task_marker_dag.py
[2023-09-10T23:38:37.282+0000] {processor.py:839} INFO - DAG(s) dict_keys(['example_external_task_marker_parent', 'example_external_task_marker_child']) retrieved from /home/airflow/.local/lib/python3.8/site-packages/airflow/example_dags/example_external_task_marker_dag.py
[2023-09-10T23:38:37.329+0000] {logging_mixin.py:151} INFO - [2023-09-10T23:38:37.329+0000] {dag.py:2915} INFO - Sync 2 DAGs
[2023-09-10T23:38:37.356+0000] {logging_mixin.py:151} INFO - [2023-09-10T23:38:37.355+0000] {dag.py:3696} INFO - Setting next_dagrun for example_external_task_marker_child to None, run_after=None
[2023-09-10T23:38:37.361+0000] {logging_mixin.py:151} INFO - [2023-09-10T23:38:37.360+0000] {dag.py:3696} INFO - Setting next_dagrun for example_external_task_marker_parent to None, run_after=None
[2023-09-10T23:38:37.385+0000] {processor.py:179} INFO - Processing /home/airflow/.local/lib/python3.8/site-packages/airflow/example_dags/example_external_task_marker_dag.py took 0.127 seconds
[2023-09-10T23:39:07.597+0000] {processor.py:157} INFO - Started process (PID=260) to work on /home/airflow/.local/lib/python3.8/site-packages/airflow/example_dags/example_external_task_marker_dag.py
[2023-09-10T23:39:07.598+0000] {processor.py:829} INFO - Processing file /home/airflow/.local/lib/python3.8/site-packages/airflow/example_dags/example_external_task_marker_dag.py for tasks to queue
[2023-09-10T23:39:07.601+0000] {logging_mixin.py:151} INFO - [2023-09-10T23:39:07.600+0000] {dagbag.py:539} INFO - Filling up the DagBag from /home/airflow/.local/lib/python3.8/site-packages/airflow/example_dags/example_external_task_marker_dag.py
[2023-09-10T23:39:07.608+0000] {processor.py:839} INFO - DAG(s) dict_keys(['example_external_task_marker_child', 'example_external_task_marker_parent']) retrieved from /home/airflow/.local/lib/python3.8/site-packages/airflow/example_dags/example_external_task_marker_dag.py
[2023-09-10T23:39:07.632+0000] {logging_mixin.py:151} INFO - [2023-09-10T23:39:07.632+0000] {dag.py:2915} INFO - Sync 2 DAGs
[2023-09-10T23:39:07.646+0000] {logging_mixin.py:151} INFO - [2023-09-10T23:39:07.646+0000] {dag.py:3696} INFO - Setting next_dagrun for example_external_task_marker_child to None, run_after=None
[2023-09-10T23:39:07.650+0000] {logging_mixin.py:151} INFO - [2023-09-10T23:39:07.649+0000] {dag.py:3696} INFO - Setting next_dagrun for example_external_task_marker_parent to None, run_after=None
[2023-09-10T23:39:07.679+0000] {processor.py:179} INFO - Processing /home/airflow/.local/lib/python3.8/site-packages/airflow/example_dags/example_external_task_marker_dag.py took 0.085 seconds
[2023-09-10T23:39:37.761+0000] {processor.py:157} INFO - Started process (PID=314) to work on /home/airflow/.local/lib/python3.8/site-packages/airflow/example_dags/example_external_task_marker_dag.py
[2023-09-10T23:39:37.761+0000] {processor.py:829} INFO - Processing file /home/airflow/.local/lib/python3.8/site-packages/airflow/example_dags/example_external_task_marker_dag.py for tasks to queue
[2023-09-10T23:39:37.763+0000] {logging_mixin.py:151} INFO - [2023-09-10T23:39:37.763+0000] {dagbag.py:539} INFO - Filling up the DagBag from /home/airflow/.local/lib/python3.8/site-packages/airflow/example_dags/example_external_task_marker_dag.py
[2023-09-10T23:39:37.771+0000] {processor.py:839} INFO - DAG(s) dict_keys(['example_external_task_marker_child', 'example_external_task_marker_parent']) retrieved from /home/airflow/.local/lib/python3.8/site-packages/airflow/example_dags/example_external_task_marker_dag.py
[2023-09-10T23:39:37.801+0000] {logging_mixin.py:151} INFO - [2023-09-10T23:39:37.801+0000] {dag.py:2915} INFO - Sync 2 DAGs
[2023-09-10T23:39:37.816+0000] {logging_mixin.py:151} INFO - [2023-09-10T23:39:37.815+0000] {dag.py:3696} INFO - Setting next_dagrun for example_external_task_marker_child to None, run_after=None
[2023-09-10T23:39:37.823+0000] {logging_mixin.py:151} INFO - [2023-09-10T23:39:37.823+0000] {dag.py:3696} INFO - Setting next_dagrun for example_external_task_marker_parent to None, run_after=None
[2023-09-10T23:39:37.847+0000] {processor.py:179} INFO - Processing /home/airflow/.local/lib/python3.8/site-packages/airflow/example_dags/example_external_task_marker_dag.py took 0.089 seconds
[2023-09-10T23:40:07.911+0000] {processor.py:157} INFO - Started process (PID=367) to work on /home/airflow/.local/lib/python3.8/site-packages/airflow/example_dags/example_external_task_marker_dag.py
[2023-09-10T23:40:07.912+0000] {processor.py:829} INFO - Processing file /home/airflow/.local/lib/python3.8/site-packages/airflow/example_dags/example_external_task_marker_dag.py for tasks to queue
[2023-09-10T23:40:07.915+0000] {logging_mixin.py:151} INFO - [2023-09-10T23:40:07.914+0000] {dagbag.py:539} INFO - Filling up the DagBag from /home/airflow/.local/lib/python3.8/site-packages/airflow/example_dags/example_external_task_marker_dag.py
[2023-09-10T23:40:07.922+0000] {processor.py:839} INFO - DAG(s) dict_keys(['example_external_task_marker_child', 'example_external_task_marker_parent']) retrieved from /home/airflow/.local/lib/python3.8/site-packages/airflow/example_dags/example_external_task_marker_dag.py
[2023-09-10T23:40:07.949+0000] {logging_mixin.py:151} INFO - [2023-09-10T23:40:07.948+0000] {dag.py:2915} INFO - Sync 2 DAGs
[2023-09-10T23:40:07.961+0000] {logging_mixin.py:151} INFO - [2023-09-10T23:40:07.960+0000] {dag.py:3696} INFO - Setting next_dagrun for example_external_task_marker_child to None, run_after=None
[2023-09-10T23:40:07.964+0000] {logging_mixin.py:151} INFO - [2023-09-10T23:40:07.964+0000] {dag.py:3696} INFO - Setting next_dagrun for example_external_task_marker_parent to None, run_after=None
[2023-09-10T23:40:07.990+0000] {processor.py:179} INFO - Processing /home/airflow/.local/lib/python3.8/site-packages/airflow/example_dags/example_external_task_marker_dag.py took 0.081 seconds
