[2023-09-10T23:37:34.045+0000] {processor.py:157} INFO - Started process (PID=93) to work on /home/airflow/.local/lib/python3.8/site-packages/airflow/example_dags/example_dynamic_task_mapping_with_no_taskflow_operators.py
[2023-09-10T23:37:34.045+0000] {processor.py:829} INFO - Processing file /home/airflow/.local/lib/python3.8/site-packages/airflow/example_dags/example_dynamic_task_mapping_with_no_taskflow_operators.py for tasks to queue
[2023-09-10T23:37:34.047+0000] {logging_mixin.py:151} INFO - [2023-09-10T23:37:34.047+0000] {dagbag.py:539} INFO - Filling up the DagBag from /home/airflow/.local/lib/python3.8/site-packages/airflow/example_dags/example_dynamic_task_mapping_with_no_taskflow_operators.py
[2023-09-10T23:37:34.056+0000] {processor.py:839} INFO - DAG(s) dict_keys(['example_dynamic_task_mapping_with_no_taskflow_operators']) retrieved from /home/airflow/.local/lib/python3.8/site-packages/airflow/example_dags/example_dynamic_task_mapping_with_no_taskflow_operators.py
[2023-09-10T23:37:34.087+0000] {logging_mixin.py:151} INFO - [2023-09-10T23:37:34.087+0000] {dag.py:2915} INFO - Sync 1 DAGs
[2023-09-10T23:37:34.263+0000] {logging_mixin.py:151} INFO - [2023-09-10T23:37:34.263+0000] {dag.py:3696} INFO - Setting next_dagrun for example_dynamic_task_mapping_with_no_taskflow_operators to 2023-09-09T23:37:34.263087+00:00, run_after=2023-09-10T23:37:34.263087+00:00
[2023-09-10T23:37:34.284+0000] {processor.py:179} INFO - Processing /home/airflow/.local/lib/python3.8/site-packages/airflow/example_dags/example_dynamic_task_mapping_with_no_taskflow_operators.py took 0.242 seconds
[2023-09-10T23:38:04.433+0000] {processor.py:157} INFO - Started process (PID=146) to work on /home/airflow/.local/lib/python3.8/site-packages/airflow/example_dags/example_dynamic_task_mapping_with_no_taskflow_operators.py
[2023-09-10T23:38:04.434+0000] {processor.py:829} INFO - Processing file /home/airflow/.local/lib/python3.8/site-packages/airflow/example_dags/example_dynamic_task_mapping_with_no_taskflow_operators.py for tasks to queue
[2023-09-10T23:38:04.436+0000] {logging_mixin.py:151} INFO - [2023-09-10T23:38:04.436+0000] {dagbag.py:539} INFO - Filling up the DagBag from /home/airflow/.local/lib/python3.8/site-packages/airflow/example_dags/example_dynamic_task_mapping_with_no_taskflow_operators.py
[2023-09-10T23:38:04.443+0000] {processor.py:839} INFO - DAG(s) dict_keys(['example_dynamic_task_mapping_with_no_taskflow_operators']) retrieved from /home/airflow/.local/lib/python3.8/site-packages/airflow/example_dags/example_dynamic_task_mapping_with_no_taskflow_operators.py
[2023-09-10T23:38:04.464+0000] {logging_mixin.py:151} INFO - [2023-09-10T23:38:04.464+0000] {dag.py:2915} INFO - Sync 1 DAGs
[2023-09-10T23:38:04.486+0000] {logging_mixin.py:151} INFO - [2023-09-10T23:38:04.485+0000] {dag.py:3696} INFO - Setting next_dagrun for example_dynamic_task_mapping_with_no_taskflow_operators to 2023-09-09T23:38:04.485494+00:00, run_after=2023-09-10T23:38:04.485494+00:00
[2023-09-10T23:38:04.515+0000] {processor.py:179} INFO - Processing /home/airflow/.local/lib/python3.8/site-packages/airflow/example_dags/example_dynamic_task_mapping_with_no_taskflow_operators.py took 0.085 seconds
[2023-09-10T23:38:34.631+0000] {processor.py:157} INFO - Started process (PID=200) to work on /home/airflow/.local/lib/python3.8/site-packages/airflow/example_dags/example_dynamic_task_mapping_with_no_taskflow_operators.py
[2023-09-10T23:38:34.632+0000] {processor.py:829} INFO - Processing file /home/airflow/.local/lib/python3.8/site-packages/airflow/example_dags/example_dynamic_task_mapping_with_no_taskflow_operators.py for tasks to queue
[2023-09-10T23:38:34.634+0000] {logging_mixin.py:151} INFO - [2023-09-10T23:38:34.633+0000] {dagbag.py:539} INFO - Filling up the DagBag from /home/airflow/.local/lib/python3.8/site-packages/airflow/example_dags/example_dynamic_task_mapping_with_no_taskflow_operators.py
[2023-09-10T23:38:34.642+0000] {processor.py:839} INFO - DAG(s) dict_keys(['example_dynamic_task_mapping_with_no_taskflow_operators']) retrieved from /home/airflow/.local/lib/python3.8/site-packages/airflow/example_dags/example_dynamic_task_mapping_with_no_taskflow_operators.py
[2023-09-10T23:38:34.668+0000] {logging_mixin.py:151} INFO - [2023-09-10T23:38:34.668+0000] {dag.py:2915} INFO - Sync 1 DAGs
[2023-09-10T23:38:34.689+0000] {logging_mixin.py:151} INFO - [2023-09-10T23:38:34.689+0000] {dag.py:3696} INFO - Setting next_dagrun for example_dynamic_task_mapping_with_no_taskflow_operators to 2023-09-09T23:38:34.688826+00:00, run_after=2023-09-10T23:38:34.688826+00:00
[2023-09-10T23:38:34.708+0000] {processor.py:179} INFO - Processing /home/airflow/.local/lib/python3.8/site-packages/airflow/example_dags/example_dynamic_task_mapping_with_no_taskflow_operators.py took 0.080 seconds
[2023-09-10T23:39:04.878+0000] {processor.py:157} INFO - Started process (PID=254) to work on /home/airflow/.local/lib/python3.8/site-packages/airflow/example_dags/example_dynamic_task_mapping_with_no_taskflow_operators.py
[2023-09-10T23:39:04.880+0000] {processor.py:829} INFO - Processing file /home/airflow/.local/lib/python3.8/site-packages/airflow/example_dags/example_dynamic_task_mapping_with_no_taskflow_operators.py for tasks to queue
[2023-09-10T23:39:04.882+0000] {logging_mixin.py:151} INFO - [2023-09-10T23:39:04.882+0000] {dagbag.py:539} INFO - Filling up the DagBag from /home/airflow/.local/lib/python3.8/site-packages/airflow/example_dags/example_dynamic_task_mapping_with_no_taskflow_operators.py
[2023-09-10T23:39:04.889+0000] {processor.py:839} INFO - DAG(s) dict_keys(['example_dynamic_task_mapping_with_no_taskflow_operators']) retrieved from /home/airflow/.local/lib/python3.8/site-packages/airflow/example_dags/example_dynamic_task_mapping_with_no_taskflow_operators.py
[2023-09-10T23:39:04.909+0000] {logging_mixin.py:151} INFO - [2023-09-10T23:39:04.909+0000] {dag.py:2915} INFO - Sync 1 DAGs
[2023-09-10T23:39:04.929+0000] {logging_mixin.py:151} INFO - [2023-09-10T23:39:04.929+0000] {dag.py:3696} INFO - Setting next_dagrun for example_dynamic_task_mapping_with_no_taskflow_operators to 2023-09-09T23:39:04.929418+00:00, run_after=2023-09-10T23:39:04.929418+00:00
[2023-09-10T23:39:04.952+0000] {processor.py:179} INFO - Processing /home/airflow/.local/lib/python3.8/site-packages/airflow/example_dags/example_dynamic_task_mapping_with_no_taskflow_operators.py took 0.077 seconds
[2023-09-10T23:39:35.196+0000] {processor.py:157} INFO - Started process (PID=308) to work on /home/airflow/.local/lib/python3.8/site-packages/airflow/example_dags/example_dynamic_task_mapping_with_no_taskflow_operators.py
[2023-09-10T23:39:35.196+0000] {processor.py:829} INFO - Processing file /home/airflow/.local/lib/python3.8/site-packages/airflow/example_dags/example_dynamic_task_mapping_with_no_taskflow_operators.py for tasks to queue
[2023-09-10T23:39:35.198+0000] {logging_mixin.py:151} INFO - [2023-09-10T23:39:35.198+0000] {dagbag.py:539} INFO - Filling up the DagBag from /home/airflow/.local/lib/python3.8/site-packages/airflow/example_dags/example_dynamic_task_mapping_with_no_taskflow_operators.py
[2023-09-10T23:39:35.205+0000] {processor.py:839} INFO - DAG(s) dict_keys(['example_dynamic_task_mapping_with_no_taskflow_operators']) retrieved from /home/airflow/.local/lib/python3.8/site-packages/airflow/example_dags/example_dynamic_task_mapping_with_no_taskflow_operators.py
[2023-09-10T23:39:35.225+0000] {logging_mixin.py:151} INFO - [2023-09-10T23:39:35.225+0000] {dag.py:2915} INFO - Sync 1 DAGs
[2023-09-10T23:39:35.244+0000] {logging_mixin.py:151} INFO - [2023-09-10T23:39:35.244+0000] {dag.py:3696} INFO - Setting next_dagrun for example_dynamic_task_mapping_with_no_taskflow_operators to 2023-09-09T23:39:35.244559+00:00, run_after=2023-09-10T23:39:35.244559+00:00
[2023-09-10T23:39:35.267+0000] {processor.py:179} INFO - Processing /home/airflow/.local/lib/python3.8/site-packages/airflow/example_dags/example_dynamic_task_mapping_with_no_taskflow_operators.py took 0.073 seconds
[2023-09-10T23:40:05.660+0000] {processor.py:157} INFO - Started process (PID=362) to work on /home/airflow/.local/lib/python3.8/site-packages/airflow/example_dags/example_dynamic_task_mapping_with_no_taskflow_operators.py
[2023-09-10T23:40:05.661+0000] {processor.py:829} INFO - Processing file /home/airflow/.local/lib/python3.8/site-packages/airflow/example_dags/example_dynamic_task_mapping_with_no_taskflow_operators.py for tasks to queue
[2023-09-10T23:40:05.663+0000] {logging_mixin.py:151} INFO - [2023-09-10T23:40:05.662+0000] {dagbag.py:539} INFO - Filling up the DagBag from /home/airflow/.local/lib/python3.8/site-packages/airflow/example_dags/example_dynamic_task_mapping_with_no_taskflow_operators.py
[2023-09-10T23:40:05.672+0000] {processor.py:839} INFO - DAG(s) dict_keys(['example_dynamic_task_mapping_with_no_taskflow_operators']) retrieved from /home/airflow/.local/lib/python3.8/site-packages/airflow/example_dags/example_dynamic_task_mapping_with_no_taskflow_operators.py
[2023-09-10T23:40:05.693+0000] {logging_mixin.py:151} INFO - [2023-09-10T23:40:05.693+0000] {dag.py:2915} INFO - Sync 1 DAGs
[2023-09-10T23:40:05.715+0000] {logging_mixin.py:151} INFO - [2023-09-10T23:40:05.715+0000] {dag.py:3696} INFO - Setting next_dagrun for example_dynamic_task_mapping_with_no_taskflow_operators to 2023-09-09T23:40:05.715197+00:00, run_after=2023-09-10T23:40:05.715197+00:00
[2023-09-10T23:40:05.740+0000] {processor.py:179} INFO - Processing /home/airflow/.local/lib/python3.8/site-packages/airflow/example_dags/example_dynamic_task_mapping_with_no_taskflow_operators.py took 0.083 seconds
