[2023-09-10T23:37:34.308+0000] {processor.py:157} INFO - Started process (PID=94) to work on /home/airflow/.local/lib/python3.8/site-packages/airflow/example_dags/example_sensor_decorator.py
[2023-09-10T23:37:34.309+0000] {processor.py:829} INFO - Processing file /home/airflow/.local/lib/python3.8/site-packages/airflow/example_dags/example_sensor_decorator.py for tasks to queue
[2023-09-10T23:37:34.310+0000] {logging_mixin.py:151} INFO - [2023-09-10T23:37:34.310+0000] {dagbag.py:539} INFO - Filling up the DagBag from /home/airflow/.local/lib/python3.8/site-packages/airflow/example_dags/example_sensor_decorator.py
[2023-09-10T23:37:34.318+0000] {processor.py:839} INFO - DAG(s) dict_keys(['example_sensor_decorator']) retrieved from /home/airflow/.local/lib/python3.8/site-packages/airflow/example_dags/example_sensor_decorator.py
[2023-09-10T23:37:34.348+0000] {logging_mixin.py:151} INFO - [2023-09-10T23:37:34.347+0000] {dag.py:2915} INFO - Sync 1 DAGs
[2023-09-10T23:37:34.494+0000] {logging_mixin.py:151} INFO - [2023-09-10T23:37:34.494+0000] {dag.py:3696} INFO - Setting next_dagrun for example_sensor_decorator to None, run_after=None
[2023-09-10T23:37:34.518+0000] {processor.py:179} INFO - Processing /home/airflow/.local/lib/python3.8/site-packages/airflow/example_dags/example_sensor_decorator.py took 0.214 seconds
[2023-09-10T23:38:05.522+0000] {processor.py:157} INFO - Started process (PID=148) to work on /home/airflow/.local/lib/python3.8/site-packages/airflow/example_dags/example_sensor_decorator.py
[2023-09-10T23:38:05.524+0000] {processor.py:829} INFO - Processing file /home/airflow/.local/lib/python3.8/site-packages/airflow/example_dags/example_sensor_decorator.py for tasks to queue
[2023-09-10T23:38:05.525+0000] {logging_mixin.py:151} INFO - [2023-09-10T23:38:05.525+0000] {dagbag.py:539} INFO - Filling up the DagBag from /home/airflow/.local/lib/python3.8/site-packages/airflow/example_dags/example_sensor_decorator.py
[2023-09-10T23:38:05.530+0000] {processor.py:839} INFO - DAG(s) dict_keys(['example_sensor_decorator']) retrieved from /home/airflow/.local/lib/python3.8/site-packages/airflow/example_dags/example_sensor_decorator.py
[2023-09-10T23:38:05.551+0000] {logging_mixin.py:151} INFO - [2023-09-10T23:38:05.551+0000] {dag.py:2915} INFO - Sync 1 DAGs
[2023-09-10T23:38:05.563+0000] {logging_mixin.py:151} INFO - [2023-09-10T23:38:05.563+0000] {dag.py:3696} INFO - Setting next_dagrun for example_sensor_decorator to None, run_after=None
[2023-09-10T23:38:05.589+0000] {processor.py:179} INFO - Processing /home/airflow/.local/lib/python3.8/site-packages/airflow/example_dags/example_sensor_decorator.py took 0.070 seconds
[2023-09-10T23:38:35.642+0000] {processor.py:157} INFO - Started process (PID=201) to work on /home/airflow/.local/lib/python3.8/site-packages/airflow/example_dags/example_sensor_decorator.py
[2023-09-10T23:38:35.643+0000] {processor.py:829} INFO - Processing file /home/airflow/.local/lib/python3.8/site-packages/airflow/example_dags/example_sensor_decorator.py for tasks to queue
[2023-09-10T23:38:35.645+0000] {logging_mixin.py:151} INFO - [2023-09-10T23:38:35.644+0000] {dagbag.py:539} INFO - Filling up the DagBag from /home/airflow/.local/lib/python3.8/site-packages/airflow/example_dags/example_sensor_decorator.py
[2023-09-10T23:38:35.649+0000] {processor.py:839} INFO - DAG(s) dict_keys(['example_sensor_decorator']) retrieved from /home/airflow/.local/lib/python3.8/site-packages/airflow/example_dags/example_sensor_decorator.py
[2023-09-10T23:38:35.671+0000] {logging_mixin.py:151} INFO - [2023-09-10T23:38:35.670+0000] {dag.py:2915} INFO - Sync 1 DAGs
[2023-09-10T23:38:35.685+0000] {logging_mixin.py:151} INFO - [2023-09-10T23:38:35.685+0000] {dag.py:3696} INFO - Setting next_dagrun for example_sensor_decorator to None, run_after=None
[2023-09-10T23:38:35.725+0000] {processor.py:179} INFO - Processing /home/airflow/.local/lib/python3.8/site-packages/airflow/example_dags/example_sensor_decorator.py took 0.087 seconds
[2023-09-10T23:39:05.960+0000] {processor.py:157} INFO - Started process (PID=255) to work on /home/airflow/.local/lib/python3.8/site-packages/airflow/example_dags/example_sensor_decorator.py
[2023-09-10T23:39:05.962+0000] {processor.py:829} INFO - Processing file /home/airflow/.local/lib/python3.8/site-packages/airflow/example_dags/example_sensor_decorator.py for tasks to queue
[2023-09-10T23:39:05.964+0000] {logging_mixin.py:151} INFO - [2023-09-10T23:39:05.964+0000] {dagbag.py:539} INFO - Filling up the DagBag from /home/airflow/.local/lib/python3.8/site-packages/airflow/example_dags/example_sensor_decorator.py
[2023-09-10T23:39:05.974+0000] {processor.py:839} INFO - DAG(s) dict_keys(['example_sensor_decorator']) retrieved from /home/airflow/.local/lib/python3.8/site-packages/airflow/example_dags/example_sensor_decorator.py
[2023-09-10T23:39:05.996+0000] {logging_mixin.py:151} INFO - [2023-09-10T23:39:05.996+0000] {dag.py:2915} INFO - Sync 1 DAGs
[2023-09-10T23:39:06.011+0000] {logging_mixin.py:151} INFO - [2023-09-10T23:39:06.011+0000] {dag.py:3696} INFO - Setting next_dagrun for example_sensor_decorator to None, run_after=None
[2023-09-10T23:39:06.031+0000] {processor.py:179} INFO - Processing /home/airflow/.local/lib/python3.8/site-packages/airflow/example_dags/example_sensor_decorator.py took 0.074 seconds
[2023-09-10T23:39:36.291+0000] {processor.py:157} INFO - Started process (PID=309) to work on /home/airflow/.local/lib/python3.8/site-packages/airflow/example_dags/example_sensor_decorator.py
[2023-09-10T23:39:36.292+0000] {processor.py:829} INFO - Processing file /home/airflow/.local/lib/python3.8/site-packages/airflow/example_dags/example_sensor_decorator.py for tasks to queue
[2023-09-10T23:39:36.295+0000] {logging_mixin.py:151} INFO - [2023-09-10T23:39:36.295+0000] {dagbag.py:539} INFO - Filling up the DagBag from /home/airflow/.local/lib/python3.8/site-packages/airflow/example_dags/example_sensor_decorator.py
[2023-09-10T23:39:36.306+0000] {processor.py:839} INFO - DAG(s) dict_keys(['example_sensor_decorator']) retrieved from /home/airflow/.local/lib/python3.8/site-packages/airflow/example_dags/example_sensor_decorator.py
[2023-09-10T23:39:36.331+0000] {logging_mixin.py:151} INFO - [2023-09-10T23:39:36.330+0000] {dag.py:2915} INFO - Sync 1 DAGs
[2023-09-10T23:39:36.345+0000] {logging_mixin.py:151} INFO - [2023-09-10T23:39:36.345+0000] {dag.py:3696} INFO - Setting next_dagrun for example_sensor_decorator to None, run_after=None
[2023-09-10T23:39:36.377+0000] {processor.py:179} INFO - Processing /home/airflow/.local/lib/python3.8/site-packages/airflow/example_dags/example_sensor_decorator.py took 0.097 seconds
[2023-09-10T23:40:06.674+0000] {processor.py:157} INFO - Started process (PID=363) to work on /home/airflow/.local/lib/python3.8/site-packages/airflow/example_dags/example_sensor_decorator.py
[2023-09-10T23:40:06.675+0000] {processor.py:829} INFO - Processing file /home/airflow/.local/lib/python3.8/site-packages/airflow/example_dags/example_sensor_decorator.py for tasks to queue
[2023-09-10T23:40:06.677+0000] {logging_mixin.py:151} INFO - [2023-09-10T23:40:06.677+0000] {dagbag.py:539} INFO - Filling up the DagBag from /home/airflow/.local/lib/python3.8/site-packages/airflow/example_dags/example_sensor_decorator.py
[2023-09-10T23:40:06.685+0000] {processor.py:839} INFO - DAG(s) dict_keys(['example_sensor_decorator']) retrieved from /home/airflow/.local/lib/python3.8/site-packages/airflow/example_dags/example_sensor_decorator.py
[2023-09-10T23:40:06.709+0000] {logging_mixin.py:151} INFO - [2023-09-10T23:40:06.709+0000] {dag.py:2915} INFO - Sync 1 DAGs
[2023-09-10T23:40:06.723+0000] {logging_mixin.py:151} INFO - [2023-09-10T23:40:06.722+0000] {dag.py:3696} INFO - Setting next_dagrun for example_sensor_decorator to None, run_after=None
[2023-09-10T23:40:06.746+0000] {processor.py:179} INFO - Processing /home/airflow/.local/lib/python3.8/site-packages/airflow/example_dags/example_sensor_decorator.py took 0.076 seconds
