[2023-09-10T23:37:31.796+0000] {processor.py:157} INFO - Started process (PID=82) to work on /home/airflow/.local/lib/python3.8/site-packages/airflow/example_dags/example_short_circuit_operator.py
[2023-09-10T23:37:31.796+0000] {processor.py:829} INFO - Processing file /home/airflow/.local/lib/python3.8/site-packages/airflow/example_dags/example_short_circuit_operator.py for tasks to queue
[2023-09-10T23:37:31.798+0000] {logging_mixin.py:151} INFO - [2023-09-10T23:37:31.798+0000] {dagbag.py:539} INFO - Filling up the DagBag from /home/airflow/.local/lib/python3.8/site-packages/airflow/example_dags/example_short_circuit_operator.py
[2023-09-10T23:37:31.811+0000] {processor.py:839} INFO - DAG(s) dict_keys(['example_short_circuit_operator']) retrieved from /home/airflow/.local/lib/python3.8/site-packages/airflow/example_dags/example_short_circuit_operator.py
[2023-09-10T23:37:31.848+0000] {logging_mixin.py:151} INFO - [2023-09-10T23:37:31.848+0000] {dag.py:2915} INFO - Sync 1 DAGs
[2023-09-10T23:37:32.050+0000] {logging_mixin.py:151} INFO - [2023-09-10T23:37:32.049+0000] {dag.py:3696} INFO - Setting next_dagrun for example_short_circuit_operator to 2023-09-09T23:37:32.049360+00:00, run_after=2023-09-10T23:37:32.049360+00:00
[2023-09-10T23:37:32.086+0000] {processor.py:179} INFO - Processing /home/airflow/.local/lib/python3.8/site-packages/airflow/example_dags/example_short_circuit_operator.py took 0.294 seconds
[2023-09-10T23:38:02.975+0000] {processor.py:157} INFO - Started process (PID=136) to work on /home/airflow/.local/lib/python3.8/site-packages/airflow/example_dags/example_short_circuit_operator.py
[2023-09-10T23:38:02.977+0000] {processor.py:829} INFO - Processing file /home/airflow/.local/lib/python3.8/site-packages/airflow/example_dags/example_short_circuit_operator.py for tasks to queue
[2023-09-10T23:38:02.979+0000] {logging_mixin.py:151} INFO - [2023-09-10T23:38:02.979+0000] {dagbag.py:539} INFO - Filling up the DagBag from /home/airflow/.local/lib/python3.8/site-packages/airflow/example_dags/example_short_circuit_operator.py
[2023-09-10T23:38:02.986+0000] {processor.py:839} INFO - DAG(s) dict_keys(['example_short_circuit_operator']) retrieved from /home/airflow/.local/lib/python3.8/site-packages/airflow/example_dags/example_short_circuit_operator.py
[2023-09-10T23:38:03.014+0000] {logging_mixin.py:151} INFO - [2023-09-10T23:38:03.014+0000] {dag.py:2915} INFO - Sync 1 DAGs
[2023-09-10T23:38:03.035+0000] {logging_mixin.py:151} INFO - [2023-09-10T23:38:03.035+0000] {dag.py:3696} INFO - Setting next_dagrun for example_short_circuit_operator to 2023-09-09T23:38:03.035014+00:00, run_after=2023-09-10T23:38:03.035014+00:00
[2023-09-10T23:38:03.061+0000] {processor.py:179} INFO - Processing /home/airflow/.local/lib/python3.8/site-packages/airflow/example_dags/example_short_circuit_operator.py took 0.091 seconds
[2023-09-10T23:38:33.109+0000] {processor.py:157} INFO - Started process (PID=190) to work on /home/airflow/.local/lib/python3.8/site-packages/airflow/example_dags/example_short_circuit_operator.py
[2023-09-10T23:38:33.110+0000] {processor.py:829} INFO - Processing file /home/airflow/.local/lib/python3.8/site-packages/airflow/example_dags/example_short_circuit_operator.py for tasks to queue
[2023-09-10T23:38:33.112+0000] {logging_mixin.py:151} INFO - [2023-09-10T23:38:33.112+0000] {dagbag.py:539} INFO - Filling up the DagBag from /home/airflow/.local/lib/python3.8/site-packages/airflow/example_dags/example_short_circuit_operator.py
[2023-09-10T23:38:33.118+0000] {processor.py:839} INFO - DAG(s) dict_keys(['example_short_circuit_operator']) retrieved from /home/airflow/.local/lib/python3.8/site-packages/airflow/example_dags/example_short_circuit_operator.py
[2023-09-10T23:38:33.143+0000] {logging_mixin.py:151} INFO - [2023-09-10T23:38:33.143+0000] {dag.py:2915} INFO - Sync 1 DAGs
[2023-09-10T23:38:33.165+0000] {logging_mixin.py:151} INFO - [2023-09-10T23:38:33.165+0000] {dag.py:3696} INFO - Setting next_dagrun for example_short_circuit_operator to 2023-09-09T23:38:33.165033+00:00, run_after=2023-09-10T23:38:33.165033+00:00
[2023-09-10T23:38:33.194+0000] {processor.py:179} INFO - Processing /home/airflow/.local/lib/python3.8/site-packages/airflow/example_dags/example_short_circuit_operator.py took 0.088 seconds
[2023-09-10T23:39:03.400+0000] {processor.py:157} INFO - Started process (PID=244) to work on /home/airflow/.local/lib/python3.8/site-packages/airflow/example_dags/example_short_circuit_operator.py
[2023-09-10T23:39:03.402+0000] {processor.py:829} INFO - Processing file /home/airflow/.local/lib/python3.8/site-packages/airflow/example_dags/example_short_circuit_operator.py for tasks to queue
[2023-09-10T23:39:03.405+0000] {logging_mixin.py:151} INFO - [2023-09-10T23:39:03.405+0000] {dagbag.py:539} INFO - Filling up the DagBag from /home/airflow/.local/lib/python3.8/site-packages/airflow/example_dags/example_short_circuit_operator.py
[2023-09-10T23:39:03.412+0000] {processor.py:839} INFO - DAG(s) dict_keys(['example_short_circuit_operator']) retrieved from /home/airflow/.local/lib/python3.8/site-packages/airflow/example_dags/example_short_circuit_operator.py
[2023-09-10T23:39:03.440+0000] {logging_mixin.py:151} INFO - [2023-09-10T23:39:03.439+0000] {dag.py:2915} INFO - Sync 1 DAGs
[2023-09-10T23:39:03.459+0000] {logging_mixin.py:151} INFO - [2023-09-10T23:39:03.459+0000] {dag.py:3696} INFO - Setting next_dagrun for example_short_circuit_operator to 2023-09-09T23:39:03.459039+00:00, run_after=2023-09-10T23:39:03.459039+00:00
[2023-09-10T23:39:03.481+0000] {processor.py:179} INFO - Processing /home/airflow/.local/lib/python3.8/site-packages/airflow/example_dags/example_short_circuit_operator.py took 0.085 seconds
[2023-09-10T23:39:33.721+0000] {processor.py:157} INFO - Started process (PID=298) to work on /home/airflow/.local/lib/python3.8/site-packages/airflow/example_dags/example_short_circuit_operator.py
[2023-09-10T23:39:33.721+0000] {processor.py:829} INFO - Processing file /home/airflow/.local/lib/python3.8/site-packages/airflow/example_dags/example_short_circuit_operator.py for tasks to queue
[2023-09-10T23:39:33.723+0000] {logging_mixin.py:151} INFO - [2023-09-10T23:39:33.723+0000] {dagbag.py:539} INFO - Filling up the DagBag from /home/airflow/.local/lib/python3.8/site-packages/airflow/example_dags/example_short_circuit_operator.py
[2023-09-10T23:39:33.729+0000] {processor.py:839} INFO - DAG(s) dict_keys(['example_short_circuit_operator']) retrieved from /home/airflow/.local/lib/python3.8/site-packages/airflow/example_dags/example_short_circuit_operator.py
[2023-09-10T23:39:33.753+0000] {logging_mixin.py:151} INFO - [2023-09-10T23:39:33.753+0000] {dag.py:2915} INFO - Sync 1 DAGs
[2023-09-10T23:39:33.791+0000] {logging_mixin.py:151} INFO - [2023-09-10T23:39:33.790+0000] {dag.py:3696} INFO - Setting next_dagrun for example_short_circuit_operator to 2023-09-09T23:39:33.790618+00:00, run_after=2023-09-10T23:39:33.790618+00:00
[2023-09-10T23:39:33.815+0000] {processor.py:179} INFO - Processing /home/airflow/.local/lib/python3.8/site-packages/airflow/example_dags/example_short_circuit_operator.py took 0.097 seconds
[2023-09-10T23:40:03.998+0000] {processor.py:157} INFO - Started process (PID=352) to work on /home/airflow/.local/lib/python3.8/site-packages/airflow/example_dags/example_short_circuit_operator.py
[2023-09-10T23:40:04.000+0000] {processor.py:829} INFO - Processing file /home/airflow/.local/lib/python3.8/site-packages/airflow/example_dags/example_short_circuit_operator.py for tasks to queue
[2023-09-10T23:40:04.002+0000] {logging_mixin.py:151} INFO - [2023-09-10T23:40:04.002+0000] {dagbag.py:539} INFO - Filling up the DagBag from /home/airflow/.local/lib/python3.8/site-packages/airflow/example_dags/example_short_circuit_operator.py
[2023-09-10T23:40:04.007+0000] {processor.py:839} INFO - DAG(s) dict_keys(['example_short_circuit_operator']) retrieved from /home/airflow/.local/lib/python3.8/site-packages/airflow/example_dags/example_short_circuit_operator.py
[2023-09-10T23:40:04.033+0000] {logging_mixin.py:151} INFO - [2023-09-10T23:40:04.033+0000] {dag.py:2915} INFO - Sync 1 DAGs
[2023-09-10T23:40:04.061+0000] {logging_mixin.py:151} INFO - [2023-09-10T23:40:04.061+0000] {dag.py:3696} INFO - Setting next_dagrun for example_short_circuit_operator to 2023-09-09T23:40:04.060630+00:00, run_after=2023-09-10T23:40:04.060630+00:00
[2023-09-10T23:40:04.107+0000] {processor.py:179} INFO - Processing /home/airflow/.local/lib/python3.8/site-packages/airflow/example_dags/example_short_circuit_operator.py took 0.112 seconds
