[2023-09-17T13:50:25.639+0000] {taskinstance.py:1157} INFO - Dependencies all met for dep_context=non-requeueable deps ti=<TaskInstance: etl.executaCrawler manual__2023-09-17T13:50:23.850695+00:00 [queued]>
[2023-09-17T13:50:25.648+0000] {taskinstance.py:1157} INFO - Dependencies all met for dep_context=requeueable deps ti=<TaskInstance: etl.executaCrawler manual__2023-09-17T13:50:23.850695+00:00 [queued]>
[2023-09-17T13:50:25.648+0000] {taskinstance.py:1359} INFO - Starting attempt 1 of 1
[2023-09-17T13:50:25.663+0000] {taskinstance.py:1380} INFO - Executing <Task(_PythonDecoratedOperator): executaCrawler> on 2023-09-17 13:50:23.850695+00:00
[2023-09-17T13:50:25.668+0000] {standard_task_runner.py:57} INFO - Started process 727 to run task
[2023-09-17T13:50:25.672+0000] {standard_task_runner.py:84} INFO - Running: ['***', 'tasks', 'run', 'etl', 'executaCrawler', 'manual__2023-09-17T13:50:23.850695+00:00', '--job-id', '137', '--raw', '--subdir', 'DAGS_FOLDER/etl.py', '--cfg-path', '/tmp/tmp5uyzm41e']
[2023-09-17T13:50:25.674+0000] {standard_task_runner.py:85} INFO - Job 137: Subtask executaCrawler
[2023-09-17T13:50:25.716+0000] {task_command.py:415} INFO - Running <TaskInstance: etl.executaCrawler manual__2023-09-17T13:50:23.850695+00:00 [running]> on host d270cabd4259
[2023-09-17T13:50:26.024+0000] {taskinstance.py:1660} INFO - Exporting env vars: AIRFLOW_CTX_DAG_OWNER='***' AIRFLOW_CTX_DAG_ID='etl' AIRFLOW_CTX_TASK_ID='executaCrawler' AIRFLOW_CTX_EXECUTION_DATE='2023-09-17T13:50:23.850695+00:00' AIRFLOW_CTX_TRY_NUMBER='1' AIRFLOW_CTX_DAG_RUN_ID='manual__2023-09-17T13:50:23.850695+00:00'
[2023-09-17T13:50:26.025+0000] {logging_mixin.py:151} INFO - Executando o crawler...
[2023-09-17T13:50:26.025+0000] {logging_mixin.py:151} INFO - Requisitando a Rota: '/json_empenhos'
[2023-09-17T13:50:26.037+0000] {logging_mixin.py:151} INFO - URL: https://trescoracoes-mg.portaltp.com.br/api/transparencia.asmx/json_empenhos?ano=2023&mes=7
[2023-09-17T13:50:26.920+0000] {logging_mixin.py:151} INFO - Inserindo dados no banco de dados...
[2023-09-17T13:50:27.043+0000] {logging_mixin.py:151} INFO - Dados inseridos com sucesso!
[2023-09-17T13:50:27.044+0000] {logging_mixin.py:151} INFO - Rota '/json_empenhos' requisitada com sucesso! Aguardando 60 segundos para a próxima requisição...'
[2023-09-17T13:51:27.101+0000] {logging_mixin.py:151} INFO - Requisitando a Rota: '/json_liquidacoes'
[2023-09-17T13:51:27.109+0000] {logging_mixin.py:151} INFO - URL: https://trescoracoes-mg.portaltp.com.br/api/transparencia.asmx/json_liquidacoes?ano=2023&mes=7
[2023-09-17T13:51:28.088+0000] {logging_mixin.py:151} INFO - Inserindo dados no banco de dados...
[2023-09-17T13:51:28.256+0000] {logging_mixin.py:151} INFO - Dados inseridos com sucesso!
[2023-09-17T13:51:28.257+0000] {logging_mixin.py:151} INFO - Rota '/json_liquidacoes' requisitada com sucesso! Aguardando 60 segundos para a próxima requisição...'
[2023-09-17T13:52:28.314+0000] {logging_mixin.py:151} INFO - Requisitando a Rota: '/json_pagamentos'
[2023-09-17T13:52:28.330+0000] {logging_mixin.py:151} INFO - URL: https://trescoracoes-mg.portaltp.com.br/api/transparencia.asmx/json_pagamentos?ano=2023&mes=7
[2023-09-17T13:52:29.408+0000] {logging_mixin.py:151} INFO - Inserindo dados no banco de dados...
[2023-09-17T13:52:29.555+0000] {logging_mixin.py:151} INFO - Dados inseridos com sucesso!
[2023-09-17T13:52:29.556+0000] {logging_mixin.py:151} INFO - Rota '/json_pagamentos' requisitada com sucesso! Aguardando 60 segundos para a próxima requisição...'
[2023-09-17T13:53:29.611+0000] {logging_mixin.py:151} INFO - Requisitando a Rota: '/json_diarias'
[2023-09-17T13:53:29.619+0000] {logging_mixin.py:151} INFO - URL: https://trescoracoes-mg.portaltp.com.br/api/transparencia.asmx/json_diarias?ano=2023&mes=7
[2023-09-17T13:53:30.084+0000] {logging_mixin.py:151} INFO - Inserindo dados no banco de dados...
[2023-09-17T13:53:30.132+0000] {logging_mixin.py:151} INFO - Dados inseridos com sucesso!
[2023-09-17T13:53:30.133+0000] {logging_mixin.py:151} INFO - Rota '/json_diarias' requisitada com sucesso! Aguardando 60 segundos para a próxima requisição...'
[2023-09-17T13:54:30.192+0000] {logging_mixin.py:151} INFO - Requisitando a Rota: '/json_obras'
[2023-09-17T13:54:30.206+0000] {logging_mixin.py:151} INFO - URL: https://trescoracoes-mg.portaltp.com.br/api/transparencia.asmx/json_obras?ano=2023&mes=7
[2023-09-17T13:54:30.615+0000] {logging_mixin.py:151} INFO - Inserindo dados no banco de dados...
[2023-09-17T13:54:30.659+0000] {logging_mixin.py:151} INFO - Dados inseridos com sucesso!
[2023-09-17T13:54:30.660+0000] {logging_mixin.py:151} INFO - Rota '/json_obras' requisitada com sucesso! Aguardando 60 segundos para a próxima requisição...'
[2023-09-17T13:55:30.712+0000] {logging_mixin.py:151} INFO - Crawler executado com sucesso!
[2023-09-17T13:55:30.713+0000] {python.py:194} INFO - Done. Returned value was: None
[2023-09-17T13:55:30.734+0000] {taskinstance.py:1398} INFO - Marking task as SUCCESS. dag_id=etl, task_id=executaCrawler, execution_date=20230917T135023, start_date=20230917T135025, end_date=20230917T135530
[2023-09-17T13:55:30.799+0000] {local_task_job_runner.py:228} INFO - Task exited with return code 0
[2023-09-17T13:55:30.817+0000] {taskinstance.py:2776} INFO - 1 downstream tasks scheduled from follow-on schedule check
